Error;2017/04/13 10:23:45.872;Não foi possível recuperar a sessão do usuário;Rohr.EPC.Web.Redirecionar.Page_Load;Control.OnLoad => CalliEventHandlerDelegateProxy.Callback => Redirecionar.Page_Load;
Error;2017/04/13 10:23:45.940;Rohr.EPC.Business.MyException: Não foi possível recuperar a sessão do usuário
   em Rohr.EPC.Business.Util.GetSessaoUsuario() na C:\Users\rafael.marques\BKP_RAFAEL\Desktop\EPC2\trunk\Rohr.EPC.Business\Util.cs:linha 27
   em Rohr.EPC.Business.AuditoriaLogBusiness.AdicionarLogLogout(HttpBrowserCapabilities browser) na C:\Users\rafael.marques\BKP_RAFAEL\Desktop\EPC2\trunk\Rohr.EPC.Business\AuditoriaLogBusiness.cs:linha 35
   em Rohr.EPC.Web.Redirecionar.Redirect(String destino) na C:\Users\rafael.marques\BKP_RAFAEL\Desktop\EPC2\trunk\Rohr.EPC.Web\Redirecionar.aspx.cs:linha 41;Rohr.EPC.Web.Redirecionar.Redirect;CalliEventHandlerDelegateProxy.Callback => Redirecionar.Page_Load => Redirecionar.Redirect;
Error;2017/04/13 10:35:56.022;Rohr.EPC.Business.MyException: Nenhum documento selecionado.
   em Rohr.EPC.Web.MasterPage.MasterDefault.GerarPdf() na C:\Users\rafael.marques\BKP_RAFAEL\Desktop\EPC2\trunk\Rohr.EPC.Web\MasterPage\MasterDefault.Master.cs:linha 651
   em Rohr.EPC.Web.MasterPage.MasterDefault.btnMenu_Click(Object sender, EventArgs e) na C:\Users\rafael.marques\BKP_RAFAEL\Desktop\EPC2\trunk\Rohr.EPC.Web\MasterPage\MasterDefault.Master.cs:linha 82;Rohr.EPC.Web.MasterPage.MasterDefault.btnMenu_Click;LinkButton.RaisePostBackEvent => LinkButton.OnClick => MasterDefault.btnMenu_Click;
Error;2017/04/13 10:40:56.868;Rohr.EPC.Business.MyException: A oportunidade está fechada no PMWeb - (SEM NEGOCIO) :(
   em Rohr.EPC.Web.PropostaDocumento.ObterOportunidadePmweb(Int32 numeroOportunidade) na C:\Users\rafael.marques\BKP_RAFAEL\Desktop\EPC2\trunk\Rohr.EPC.Web\PropostaDocumento.aspx.cs:linha 54
   em Rohr.EPC.Web.PropostaDocumento.ValidarNumeroProposta() na C:\Users\rafael.marques\BKP_RAFAEL\Desktop\EPC2\trunk\Rohr.EPC.Web\PropostaDocumento.aspx.cs:linha 38
   em Rohr.EPC.Web.PropostaDocumento.linkButtonPesquisar_Click(Object sender, EventArgs e) na C:\Users\rafael.marques\BKP_RAFAEL\Desktop\EPC2\trunk\Rohr.EPC.Web\PropostaDocumento.aspx.cs:linha 198;Rohr.EPC.Web.PropostaDocumento.linkButtonPesquisar_Click;LinkButton.RaisePostBackEvent => LinkButton.OnClick => PropostaDocumento.linkButtonPesquisar_Click;
Error;2017/04/13 10:41:09.738;Rohr.EPC.Business.MyException: A oportunidade está fechada no PMWeb - (SEM NEGOCIO) :(
   em Rohr.EPC.Web.PropostaDocumento.ObterOportunidadePmweb(Int32 numeroOportunidade) na C:\Users\rafael.marques\BKP_RAFAEL\Desktop\EPC2\trunk\Rohr.EPC.Web\PropostaDocumento.aspx.cs:linha 54
   em Rohr.EPC.Web.PropostaDocumento.ValidarNumeroProposta() na C:\Users\rafael.marques\BKP_RAFAEL\Desktop\EPC2\trunk\Rohr.EPC.Web\PropostaDocumento.aspx.cs:linha 38
   em Rohr.EPC.Web.PropostaDocumento.linkButtonPesquisar_Click(Object sender, EventArgs e) na C:\Users\rafael.marques\BKP_RAFAEL\Desktop\EPC2\trunk\Rohr.EPC.Web\PropostaDocumento.aspx.cs:linha 198;Rohr.EPC.Web.PropostaDocumento.linkButtonPesquisar_Click;LinkButton.RaisePostBackEvent => LinkButton.OnClick => PropostaDocumento.linkButtonPesquisar_Click;
Error;2017/04/13 10:41:15.603;Rohr.EPC.Business.MyException: Você não tem permissão para criar a oportunidade 108762. A oportunidade não pertence a sua filial :(
   em Rohr.EPC.Web.PropostaDocumento.ObterOportunidadePmweb(Int32 numeroOportunidade) na C:\Users\rafael.marques\BKP_RAFAEL\Desktop\EPC2\trunk\Rohr.EPC.Web\PropostaDocumento.aspx.cs:linha 60
   em Rohr.EPC.Web.PropostaDocumento.ValidarNumeroProposta() na C:\Users\rafael.marques\BKP_RAFAEL\Desktop\EPC2\trunk\Rohr.EPC.Web\PropostaDocumento.aspx.cs:linha 38
   em Rohr.EPC.Web.PropostaDocumento.linkButtonPesquisar_Click(Object sender, EventArgs e) na C:\Users\rafael.marques\BKP_RAFAEL\Desktop\EPC2\trunk\Rohr.EPC.Web\PropostaDocumento.aspx.cs:linha 198;Rohr.EPC.Web.PropostaDocumento.linkButtonPesquisar_Click;LinkButton.RaisePostBackEvent => LinkButton.OnClick => PropostaDocumento.linkButtonPesquisar_Click;
Error;2017/04/13 10:41:29.477;System.Data.SqlTypes.SqlNullValueException: Dados são Null. Não é possível chamar este método ou esta propriedade em valores Null.
   em System.Data.SqlClient.SqlBuffer.get_Boolean()
   em System.Data.SqlClient.SqlDataReader.GetBoolean(Int32 i)
   em Rohr.EPC.DAL.NotificacaoUsuarioDAO.ObterPorIdUsuario(Int32 idUsuario) na C:\Users\rafael.marques\BKP_RAFAEL\Desktop\EPC2\trunk\Rohr.EPC.DAL\NotificacaoUsuarioDAO.cs:linha 27
   em Rohr.EPC.Business.NotificacaoUsuarioBusiness.ObterPorIdUsuario(Int32 idUsuario) na C:\Users\rafael.marques\BKP_RAFAEL\Desktop\EPC2\trunk\Rohr.EPC.Business\NotificacaoUsuarioBusiness.cs:linha 11
   em Rohr.EPC.Web.ConfiguracoesConta.CarregarPerfilNotificacoesEmail(Usuario usuario) na C:\Users\rafael.marques\BKP_RAFAEL\Desktop\EPC2\trunk\Rohr.EPC.Web\ConfiguracoesConta.aspx.cs:linha 77
   em Rohr.EPC.Web.ConfiguracoesConta.Page_Load(Object sender, EventArgs e) na C:\Users\rafael.marques\BKP_RAFAEL\Desktop\EPC2\trunk\Rohr.EPC.Web\ConfiguracoesConta.aspx.cs:linha 165;Rohr.EPC.Web.ConfiguracoesConta.Page_Load;Control.OnLoad => CalliEventHandlerDelegateProxy.Callback => ConfiguracoesConta.Page_Load;
Error;2017/04/13 10:41:46.291;System.Exception: Não foi possível recuperar da oportunidade o estado da obra, verifique no PMWeb :(
   em Rohr.PMWeb.Specifications.ObterEstadoObraOportunidade(Int32 entityId, Boolean eProposta) na C:\Users\rafael.marques\BKP_RAFAEL\Desktop\EPC2\trunk\Rohr.PMWeb\Specifications.cs:linha 91
   em Rohr.EPC.Web.PropostaDocumento.ObterOportunidadePmweb(Int32 numeroOportunidade) na C:\Users\rafael.marques\BKP_RAFAEL\Desktop\EPC2\trunk\Rohr.EPC.Web\PropostaDocumento.aspx.cs:linha 105
   em Rohr.EPC.Web.PropostaDocumento.ValidarNumeroProposta() na C:\Users\rafael.marques\BKP_RAFAEL\Desktop\EPC2\trunk\Rohr.EPC.Web\PropostaDocumento.aspx.cs:linha 38
   em Rohr.EPC.Web.PropostaDocumento.linkButtonPesquisar_Click(Object sender, EventArgs e) na C:\Users\rafael.marques\BKP_RAFAEL\Desktop\EPC2\trunk\Rohr.EPC.Web\PropostaDocumento.aspx.cs:linha 198;Rohr.EPC.Web.PropostaDocumento.linkButtonPesquisar_Click;LinkButton.RaisePostBackEvent => LinkButton.OnClick => PropostaDocumento.linkButtonPesquisar_Click;
Error;2017/04/13 10:42:47.281;Rohr.EPC.Business.MyException: A oportunidade está fechada no PMWeb - (SEM NEGOCIO) :(
   em Rohr.EPC.Web.PropostaDocumento.ObterOportunidadePmweb(Int32 numeroOportunidade) na C:\Users\rafael.marques\BKP_RAFAEL\Desktop\EPC2\trunk\Rohr.EPC.Web\PropostaDocumento.aspx.cs:linha 54
   em Rohr.EPC.Web.PropostaDocumento.ValidarNumeroProposta() na C:\Users\rafael.marques\BKP_RAFAEL\Desktop\EPC2\trunk\Rohr.EPC.Web\PropostaDocumento.aspx.cs:linha 38
   em Rohr.EPC.Web.PropostaDocumento.linkButtonPesquisar_Click(Object sender, EventArgs e) na C:\Users\rafael.marques\BKP_RAFAEL\Desktop\EPC2\trunk\Rohr.EPC.Web\PropostaDocumento.aspx.cs:linha 198;Rohr.EPC.Web.PropostaDocumento.linkButtonPesquisar_Click;LinkButton.RaisePostBackEvent => LinkButton.OnClick => PropostaDocumento.linkButtonPesquisar_Click;
Error;2017/04/13 10:43:04.484;Rohr.EPC.Business.MyException: A oportunidade está fechada no PMWeb - (SEM NEGOCIO) :(
   em Rohr.EPC.Web.PropostaDocumento.ObterOportunidadePmweb(Int32 numeroOportunidade) na C:\Users\rafael.marques\BKP_RAFAEL\Desktop\EPC2\trunk\Rohr.EPC.Web\PropostaDocumento.aspx.cs:linha 54
   em Rohr.EPC.Web.PropostaDocumento.ValidarNumeroProposta() na C:\Users\rafael.marques\BKP_RAFAEL\Desktop\EPC2\trunk\Rohr.EPC.Web\PropostaDocumento.aspx.cs:linha 38
   em Rohr.EPC.Web.PropostaDocumento.linkButtonPesquisar_Click(Object sender, EventArgs e) na C:\Users\rafael.marques\BKP_RAFAEL\Desktop\EPC2\trunk\Rohr.EPC.Web\PropostaDocumento.aspx.cs:linha 198;Rohr.EPC.Web.PropostaDocumento.linkButtonPesquisar_Click;LinkButton.RaisePostBackEvent => LinkButton.OnClick => PropostaDocumento.linkButtonPesquisar_Click;
Error;2017/04/13 10:43:08.185;Rohr.EPC.Business.MyException: Você não tem permissão para criar a oportunidade 108485. A oportunidade não pertence a sua filial :(
   em Rohr.EPC.Web.PropostaDocumento.ObterOportunidadePmweb(Int32 numeroOportunidade) na C:\Users\rafael.marques\BKP_RAFAEL\Desktop\EPC2\trunk\Rohr.EPC.Web\PropostaDocumento.aspx.cs:linha 60
   em Rohr.EPC.Web.PropostaDocumento.ValidarNumeroProposta() na C:\Users\rafael.marques\BKP_RAFAEL\Desktop\EPC2\trunk\Rohr.EPC.Web\PropostaDocumento.aspx.cs:linha 38
   em Rohr.EPC.Web.PropostaDocumento.linkButtonPesquisar_Click(Object sender, EventArgs e) na C:\Users\rafael.marques\BKP_RAFAEL\Desktop\EPC2\trunk\Rohr.EPC.Web\PropostaDocumento.aspx.cs:linha 198;Rohr.EPC.Web.PropostaDocumento.linkButtonPesquisar_Click;LinkButton.RaisePostBackEvent => LinkButton.OnClick => PropostaDocumento.linkButtonPesquisar_Click;
Error;2017/04/13 10:43:28.810;System.Exception: Não foi possível recuperar da oportunidade o estado da obra, verifique no PMWeb :(
   em Rohr.PMWeb.Specifications.ObterEstadoObraOportunidade(Int32 entityId, Boolean eProposta) na C:\Users\rafael.marques\BKP_RAFAEL\Desktop\EPC2\trunk\Rohr.PMWeb\Specifications.cs:linha 91
   em Rohr.EPC.Web.PropostaDocumento.ObterOportunidadePmweb(Int32 numeroOportunidade) na C:\Users\rafael.marques\BKP_RAFAEL\Desktop\EPC2\trunk\Rohr.EPC.Web\PropostaDocumento.aspx.cs:linha 105
   em Rohr.EPC.Web.PropostaDocumento.ValidarNumeroProposta() na C:\Users\rafael.marques\BKP_RAFAEL\Desktop\EPC2\trunk\Rohr.EPC.Web\PropostaDocumento.aspx.cs:linha 38
   em Rohr.EPC.Web.PropostaDocumento.linkButtonPesquisar_Click(Object sender, EventArgs e) na C:\Users\rafael.marques\BKP_RAFAEL\Desktop\EPC2\trunk\Rohr.EPC.Web\PropostaDocumento.aspx.cs:linha 198;Rohr.EPC.Web.PropostaDocumento.linkButtonPesquisar_Click;LinkButton.RaisePostBackEvent => LinkButton.OnClick => PropostaDocumento.linkButtonPesquisar_Click;
Error;2017/04/13 10:43:38.809;Rohr.EPC.Business.MyException: Você não tem permissão para criar a oportunidade 108485. A oportunidade não pertence a sua filial :(
   em Rohr.EPC.Web.PropostaDocumento.ObterOportunidadePmweb(Int32 numeroOportunidade) na C:\Users\rafael.marques\BKP_RAFAEL\Desktop\EPC2\trunk\Rohr.EPC.Web\PropostaDocumento.aspx.cs:linha 60
   em Rohr.EPC.Web.PropostaDocumento.ValidarNumeroProposta() na C:\Users\rafael.marques\BKP_RAFAEL\Desktop\EPC2\trunk\Rohr.EPC.Web\PropostaDocumento.aspx.cs:linha 38
   em Rohr.EPC.Web.PropostaDocumento.linkButtonPesquisar_Click(Object sender, EventArgs e) na C:\Users\rafael.marques\BKP_RAFAEL\Desktop\EPC2\trunk\Rohr.EPC.Web\PropostaDocumento.aspx.cs:linha 198;Rohr.EPC.Web.PropostaDocumento.linkButtonPesquisar_Click;LinkButton.RaisePostBackEvent => LinkButton.OnClick => PropostaDocumento.linkButtonPesquisar_Click;
Error;2017/04/13 10:44:07.137;System.Exception: Não foi possível recuperar da oportunidade o estado da obra, verifique no PMWeb :(
   em Rohr.PMWeb.Specifications.ObterEstadoObraOportunidade(Int32 entityId, Boolean eProposta) na C:\Users\rafael.marques\BKP_RAFAEL\Desktop\EPC2\trunk\Rohr.PMWeb\Specifications.cs:linha 91
   em Rohr.EPC.Web.PropostaDocumento.ObterOportunidadePmweb(Int32 numeroOportunidade) na C:\Users\rafael.marques\BKP_RAFAEL\Desktop\EPC2\trunk\Rohr.EPC.Web\PropostaDocumento.aspx.cs:linha 105
   em Rohr.EPC.Web.PropostaDocumento.ValidarNumeroProposta() na C:\Users\rafael.marques\BKP_RAFAEL\Desktop\EPC2\trunk\Rohr.EPC.Web\PropostaDocumento.aspx.cs:linha 38
   em Rohr.EPC.Web.PropostaDocumento.linkButtonPesquisar_Click(Object sender, EventArgs e) na C:\Users\rafael.marques\BKP_RAFAEL\Desktop\EPC2\trunk\Rohr.EPC.Web\PropostaDocumento.aspx.cs:linha 198;Rohr.EPC.Web.PropostaDocumento.linkButtonPesquisar_Click;LinkButton.RaisePostBackEvent => LinkButton.OnClick => PropostaDocumento.linkButtonPesquisar_Click;
Error;2017/04/13 10:44:16.137;Rohr.EPC.Business.MyException: A oportunidade está fechada no PMWeb - (SEM NEGOCIO) :(
   em Rohr.EPC.Web.PropostaDocumento.ObterOportunidadePmweb(Int32 numeroOportunidade) na C:\Users\rafael.marques\BKP_RAFAEL\Desktop\EPC2\trunk\Rohr.EPC.Web\PropostaDocumento.aspx.cs:linha 54
   em Rohr.EPC.Web.PropostaDocumento.ValidarNumeroProposta() na C:\Users\rafael.marques\BKP_RAFAEL\Desktop\EPC2\trunk\Rohr.EPC.Web\PropostaDocumento.aspx.cs:linha 38
   em Rohr.EPC.Web.PropostaDocumento.linkButtonPesquisar_Click(Object sender, EventArgs e) na C:\Users\rafael.marques\BKP_RAFAEL\Desktop\EPC2\trunk\Rohr.EPC.Web\PropostaDocumento.aspx.cs:linha 198;Rohr.EPC.Web.PropostaDocumento.linkButtonPesquisar_Click;LinkButton.RaisePostBackEvent => LinkButton.OnClick => PropostaDocumento.linkButtonPesquisar_Click;
Error;2017/04/13 10:48:35.161;System.Exception: Orçamento não encontrado no PMWeb. Verifique se o orçamento está marcado como valido :(
   em Rohr.PMWeb.Estimates.ObterEstimate(Int32 idEstimate) na C:\Users\rafael.marques\BKP_RAFAEL\Desktop\EPC2\trunk\Rohr.PMWeb\Estimates.cs:linha 67
   em Rohr.EPC.Web.PropostaDocumento.btnUtilizarModelo_Click(Object sender, EventArgs e) na C:\Users\rafael.marques\BKP_RAFAEL\Desktop\EPC2\trunk\Rohr.EPC.Web\PropostaDocumento.aspx.cs:linha 227;Rohr.EPC.Web.PropostaDocumento.btnUtilizarModelo_Click;Button.RaisePostBackEvent => Button.OnClick => PropostaDocumento.btnUtilizarModelo_Click;
