Error;2017/05/22 10:23:47.658;Não foi possível recuperar a sessão do usuário;Rohr.EPC.Web.Redirecionar.Page_Load;Control.OnLoad => CalliEventHandlerDelegateProxy.Callback => Redirecionar.Page_Load;
Error;2017/05/22 10:23:47.839;Rohr.EPC.Business.MyException: Não foi possível recuperar a sessão do usuário
   em Rohr.EPC.Business.Util.GetSessaoUsuario() na C:\Users\rafael.marques\BKP_RAFAEL\Desktop\EPC2\trunk\Rohr.EPC.Business\Util.cs:linha 27
   em Rohr.EPC.Business.AuditoriaLogBusiness.AdicionarLogLogout(HttpBrowserCapabilities browser) na C:\Users\rafael.marques\BKP_RAFAEL\Desktop\EPC2\trunk\Rohr.EPC.Business\AuditoriaLogBusiness.cs:linha 35
   em Rohr.EPC.Web.Redirecionar.Redirect(String destino) na C:\Users\rafael.marques\BKP_RAFAEL\Desktop\EPC2\trunk\Rohr.EPC.Web\Redirecionar.aspx.cs:linha 41;Rohr.EPC.Web.Redirecionar.Redirect;CalliEventHandlerDelegateProxy.Callback => Redirecionar.Page_Load => Redirecionar.Redirect;
Error;2017/05/22 10:24:03.122;System.FormatException: A cadeia de caracteres de entrada não estava em um formato correto.
   em System.Number.StringToNumber(String str, NumberStyles options, NumberBuffer& number, NumberFormatInfo info, Boolean parseDecimal)
   em System.Number.ParseInt32(String s, NumberStyles style, NumberFormatInfo info)
   em System.Int32.Parse(String s)
   em Rohr.PMWeb.CostManagementCommitments.ObterContrato(Int32 idCostManagementCommitments) na C:\Users\rafael.marques\BKP_RAFAEL\Desktop\EPC2\trunk\Rohr.PMWeb\CostManagementCommitments.cs:linha 116
   em Rohr.EPC.Web.Variaveis.Page_Load(Object sender, EventArgs e) na C:\Users\rafael.marques\BKP_RAFAEL\Desktop\EPC2\trunk\Rohr.EPC.Web\Variaveis.aspx.cs:linha 601;Rohr.EPC.Web.Variaveis.Page_Load;Control.OnLoad => CalliEventHandlerDelegateProxy.Callback => Variaveis.Page_Load;
Error;2017/05/22 10:24:19.361;System.IndexOutOfRangeException: ExibirHistoria
   em System.Data.ProviderBase.FieldNameLookup.GetOrdinal(String fieldName)
   em System.Data.SqlClient.SqlDataReader.GetOrdinal(String name)
   em System.Data.SqlClient.SqlDataReader.get_Item(String name)
   em Rohr.EPC.DAL.DocumentoDAO.Obter(String proc, Int32 id) na C:\Users\rafael.marques\BKP_RAFAEL\Desktop\EPC2\trunk\Rohr.EPC.DAL\DocumentoDAO.cs:linha 240
   em Rohr.EPC.DAL.DocumentoDAO.ObterPorIdContrato(Int32 idDocumentoContrato) na C:\Users\rafael.marques\BKP_RAFAEL\Desktop\EPC2\trunk\Rohr.EPC.DAL\DocumentoDAO.cs:linha 277
   em Rohr.EPC.Business.DocumentoBusiness.ObterPropostaPorIdDocumentoContrato(Int32 idDocumentoContrato) na C:\Users\rafael.marques\BKP_RAFAEL\Desktop\EPC2\trunk\Rohr.EPC.Business\DocumentoBusiness.cs:linha 205
   em Rohr.EPC.Web.WorkflowView.CarregarAnexos() na C:\Users\rafael.marques\BKP_RAFAEL\Desktop\EPC2\trunk\Rohr.EPC.Web\WorkflowView.aspx.cs:linha 135
   em Rohr.EPC.Web.WorkflowView.Page_Load(Object sender, EventArgs e) na C:\Users\rafael.marques\BKP_RAFAEL\Desktop\EPC2\trunk\Rohr.EPC.Web\WorkflowView.aspx.cs:linha 44;Rohr.EPC.Web.WorkflowView.Page_Load;Control.OnLoad => CalliEventHandlerDelegateProxy.Callback => WorkflowView.Page_Load;
Error;2017/05/22 10:24:31.104;System.FormatException: A cadeia de caracteres de entrada não estava em um formato correto.
   em System.Number.StringToNumber(String str, NumberStyles options, NumberBuffer& number, NumberFormatInfo info, Boolean parseDecimal)
   em System.Number.ParseInt32(String s, NumberStyles style, NumberFormatInfo info)
   em System.Int32.Parse(String s)
   em Rohr.PMWeb.CostManagementCommitments.ObterContrato(Int32 idCostManagementCommitments) na C:\Users\rafael.marques\BKP_RAFAEL\Desktop\EPC2\trunk\Rohr.PMWeb\CostManagementCommitments.cs:linha 116
   em Rohr.EPC.Web.Variaveis.Page_Load(Object sender, EventArgs e) na C:\Users\rafael.marques\BKP_RAFAEL\Desktop\EPC2\trunk\Rohr.EPC.Web\Variaveis.aspx.cs:linha 601;Rohr.EPC.Web.Variaveis.Page_Load;Control.OnLoad => CalliEventHandlerDelegateProxy.Callback => Variaveis.Page_Load;
Error;2017/05/22 10:25:02.141;Não foi possível recuperar a sessão do usuário;Rohr.EPC.Web.Redirecionar.Page_Load;Control.OnLoad => CalliEventHandlerDelegateProxy.Callback => Redirecionar.Page_Load;
Error;2017/05/22 10:25:02.193;Rohr.EPC.Business.MyException: Não foi possível recuperar a sessão do usuário
   em Rohr.EPC.Business.Util.GetSessaoUsuario() na C:\Users\rafael.marques\BKP_RAFAEL\Desktop\EPC2\trunk\Rohr.EPC.Business\Util.cs:linha 27
   em Rohr.EPC.Business.AuditoriaLogBusiness.AdicionarLogLogout(HttpBrowserCapabilities browser) na C:\Users\rafael.marques\BKP_RAFAEL\Desktop\EPC2\trunk\Rohr.EPC.Business\AuditoriaLogBusiness.cs:linha 35
   em Rohr.EPC.Web.Redirecionar.Redirect(String destino) na C:\Users\rafael.marques\BKP_RAFAEL\Desktop\EPC2\trunk\Rohr.EPC.Web\Redirecionar.aspx.cs:linha 41;Rohr.EPC.Web.Redirecionar.Redirect;CalliEventHandlerDelegateProxy.Callback => Redirecionar.Page_Load => Redirecionar.Redirect;
Error;2017/05/22 10:25:13.111;System.FormatException: A cadeia de caracteres de entrada não estava em um formato correto.
   em System.Number.StringToNumber(String str, NumberStyles options, NumberBuffer& number, NumberFormatInfo info, Boolean parseDecimal)
   em System.Number.ParseInt32(String s, NumberStyles style, NumberFormatInfo info)
   em System.Int32.Parse(String s)
   em Rohr.PMWeb.CostManagementCommitments.ObterContrato(Int32 idCostManagementCommitments) na C:\Users\rafael.marques\BKP_RAFAEL\Desktop\EPC2\trunk\Rohr.PMWeb\CostManagementCommitments.cs:linha 116
   em Rohr.EPC.Web.Variaveis.Page_Load(Object sender, EventArgs e) na C:\Users\rafael.marques\BKP_RAFAEL\Desktop\EPC2\trunk\Rohr.EPC.Web\Variaveis.aspx.cs:linha 601;Rohr.EPC.Web.Variaveis.Page_Load;Control.OnLoad => CalliEventHandlerDelegateProxy.Callback => Variaveis.Page_Load;
Error;2017/05/22 10:25:15.718;System.FormatException: A cadeia de caracteres de entrada não estava em um formato correto.
   em System.Number.StringToNumber(String str, NumberStyles options, NumberBuffer& number, NumberFormatInfo info, Boolean parseDecimal)
   em System.Number.ParseInt32(String s, NumberStyles style, NumberFormatInfo info)
   em System.Int32.Parse(String s)
   em Rohr.PMWeb.CostManagementCommitments.ObterContrato(Int32 idCostManagementCommitments) na C:\Users\rafael.marques\BKP_RAFAEL\Desktop\EPC2\trunk\Rohr.PMWeb\CostManagementCommitments.cs:linha 116
   em Rohr.EPC.Web.Variaveis.Page_Load(Object sender, EventArgs e) na C:\Users\rafael.marques\BKP_RAFAEL\Desktop\EPC2\trunk\Rohr.EPC.Web\Variaveis.aspx.cs:linha 601;Rohr.EPC.Web.Variaveis.Page_Load;Control.OnLoad => CalliEventHandlerDelegateProxy.Callback => Variaveis.Page_Load;
Error;2017/05/22 12:34:34.129;Não foi possível recuperar a sessão do usuário;Rohr.EPC.Web.Redirecionar.Page_Load;Control.OnLoad => CalliEventHandlerDelegateProxy.Callback => Redirecionar.Page_Load;
Error;2017/05/22 12:34:34.181;Rohr.EPC.Business.MyException: Não foi possível recuperar a sessão do usuário
   em Rohr.EPC.Business.Util.GetSessaoUsuario() na C:\Users\rafael.marques\BKP_RAFAEL\Desktop\EPC2\trunk\Rohr.EPC.Business\Util.cs:linha 27
   em Rohr.EPC.Business.AuditoriaLogBusiness.AdicionarLogLogout(HttpBrowserCapabilities browser) na C:\Users\rafael.marques\BKP_RAFAEL\Desktop\EPC2\trunk\Rohr.EPC.Business\AuditoriaLogBusiness.cs:linha 35
   em Rohr.EPC.Web.Redirecionar.Redirect(String destino) na C:\Users\rafael.marques\BKP_RAFAEL\Desktop\EPC2\trunk\Rohr.EPC.Web\Redirecionar.aspx.cs:linha 41;Rohr.EPC.Web.Redirecionar.Redirect;CalliEventHandlerDelegateProxy.Callback => Redirecionar.Page_Load => Redirecionar.Redirect;
Error;2017/05/22 12:35:12.036;System.IndexOutOfRangeException: ExibirHistoria
   em System.Data.ProviderBase.FieldNameLookup.GetOrdinal(String fieldName)
   em System.Data.SqlClient.SqlDataReader.GetOrdinal(String name)
   em System.Data.SqlClient.SqlDataReader.get_Item(String name)
   em Rohr.EPC.DAL.DocumentoDAO.Obter(String proc, Int32 id) na C:\Users\rafael.marques\BKP_RAFAEL\Desktop\EPC2\trunk\Rohr.EPC.DAL\DocumentoDAO.cs:linha 242
   em Rohr.EPC.DAL.DocumentoDAO.ObterPorIdContrato(Int32 idDocumentoContrato) na C:\Users\rafael.marques\BKP_RAFAEL\Desktop\EPC2\trunk\Rohr.EPC.DAL\DocumentoDAO.cs:linha 279
   em Rohr.EPC.Business.DocumentoBusiness.ObterPropostaPorIdDocumentoContrato(Int32 idDocumentoContrato) na C:\Users\rafael.marques\BKP_RAFAEL\Desktop\EPC2\trunk\Rohr.EPC.Business\DocumentoBusiness.cs:linha 205
   em Rohr.EPC.Web.WorkflowView.CarregarAnexos() na C:\Users\rafael.marques\BKP_RAFAEL\Desktop\EPC2\trunk\Rohr.EPC.Web\WorkflowView.aspx.cs:linha 135
   em Rohr.EPC.Web.WorkflowView.Page_Load(Object sender, EventArgs e) na C:\Users\rafael.marques\BKP_RAFAEL\Desktop\EPC2\trunk\Rohr.EPC.Web\WorkflowView.aspx.cs:linha 44;Rohr.EPC.Web.WorkflowView.Page_Load;Control.OnLoad => CalliEventHandlerDelegateProxy.Callback => WorkflowView.Page_Load;
Error;2017/05/22 12:35:40.321;Não foi possível recuperar a sessão do usuário;Rohr.EPC.Web.Redirecionar.Page_Load;Control.OnLoad => CalliEventHandlerDelegateProxy.Callback => Redirecionar.Page_Load;
Error;2017/05/22 12:35:40.353;Rohr.EPC.Business.MyException: Não foi possível recuperar a sessão do usuário
   em Rohr.EPC.Business.Util.GetSessaoUsuario() na C:\Users\rafael.marques\BKP_RAFAEL\Desktop\EPC2\trunk\Rohr.EPC.Business\Util.cs:linha 27
   em Rohr.EPC.Business.AuditoriaLogBusiness.AdicionarLogLogout(HttpBrowserCapabilities browser) na C:\Users\rafael.marques\BKP_RAFAEL\Desktop\EPC2\trunk\Rohr.EPC.Business\AuditoriaLogBusiness.cs:linha 35
   em Rohr.EPC.Web.Redirecionar.Redirect(String destino) na C:\Users\rafael.marques\BKP_RAFAEL\Desktop\EPC2\trunk\Rohr.EPC.Web\Redirecionar.aspx.cs:linha 41;Rohr.EPC.Web.Redirecionar.Redirect;CalliEventHandlerDelegateProxy.Callback => Redirecionar.Page_Load => Redirecionar.Redirect;
Error;2017/05/22 12:38:38.816;Rohr.EPC.Business.MyException: Não foi possível recuperar a sessão documento
   em Rohr.EPC.Business.Util.GetSessaoDocumento() na C:\Users\rafael.marques\BKP_RAFAEL\Desktop\EPC2\trunk\Rohr.EPC.Business\Util.cs:linha 43
   em Rohr.EPC.Web.Detalhe.Page_Load(Object sender, EventArgs e) na C:\Users\rafael.marques\BKP_RAFAEL\Desktop\EPC2\trunk\Rohr.EPC.Web\Detalhe.aspx.cs:linha 46;Rohr.EPC.Web.Detalhe.Page_Load;Control.OnLoad => CalliEventHandlerDelegateProxy.Callback => Detalhe.Page_Load;
Error;2017/05/22 12:38:38.902;Rohr.EPC.Business.MyException: Não foi possível recuperar a sessão do usuário
   em Rohr.EPC.Business.Util.GetSessaoUsuario() na C:\Users\rafael.marques\BKP_RAFAEL\Desktop\EPC2\trunk\Rohr.EPC.Business\Util.cs:linha 27
   em Rohr.EPC.Web.MasterPage.MasterDefault.Page_Load(Object sender, EventArgs e) na C:\Users\rafael.marques\BKP_RAFAEL\Desktop\EPC2\trunk\Rohr.EPC.Web\MasterPage\MasterDefault.Master.cs:linha 22;Rohr.EPC.Web.MasterPage.MasterDefault.Page_Load;Control.OnLoad => CalliEventHandlerDelegateProxy.Callback => MasterDefault.Page_Load;
Error;2017/05/22 16:19:28.138;Não foi possível recuperar a sessão do usuário;Rohr.EPC.Web.Redirecionar.Page_Load;Control.OnLoad => CalliEventHandlerDelegateProxy.Callback => Redirecionar.Page_Load;
Error;2017/05/22 16:19:28.168;Rohr.EPC.Business.MyException: Não foi possível recuperar a sessão do usuário
   em Rohr.EPC.Business.Util.GetSessaoUsuario() na C:\Users\rafael.marques\BKP_RAFAEL\Desktop\EPC2\trunk\Rohr.EPC.Business\Util.cs:linha 27
   em Rohr.EPC.Business.AuditoriaLogBusiness.AdicionarLogLogout(HttpBrowserCapabilities browser) na C:\Users\rafael.marques\BKP_RAFAEL\Desktop\EPC2\trunk\Rohr.EPC.Business\AuditoriaLogBusiness.cs:linha 35
   em Rohr.EPC.Web.Redirecionar.Redirect(String destino) na C:\Users\rafael.marques\BKP_RAFAEL\Desktop\EPC2\trunk\Rohr.EPC.Web\Redirecionar.aspx.cs:linha 41;Rohr.EPC.Web.Redirecionar.Redirect;CalliEventHandlerDelegateProxy.Callback => Redirecionar.Page_Load => Redirecionar.Redirect;
Error;2017/05/22 16:27:07.596;Não foi possível recuperar a sessão do usuário;Rohr.EPC.Web.Redirecionar.Page_Load;Control.OnLoad => CalliEventHandlerDelegateProxy.Callback => Redirecionar.Page_Load;
Error;2017/05/22 16:27:07.636;Rohr.EPC.Business.MyException: Não foi possível recuperar a sessão do usuário
   em Rohr.EPC.Business.Util.GetSessaoUsuario() na C:\Users\rafael.marques\BKP_RAFAEL\Desktop\EPC2\trunk\Rohr.EPC.Business\Util.cs:linha 27
   em Rohr.EPC.Business.AuditoriaLogBusiness.AdicionarLogLogout(HttpBrowserCapabilities browser) na C:\Users\rafael.marques\BKP_RAFAEL\Desktop\EPC2\trunk\Rohr.EPC.Business\AuditoriaLogBusiness.cs:linha 35
   em Rohr.EPC.Web.Redirecionar.Redirect(String destino) na C:\Users\rafael.marques\BKP_RAFAEL\Desktop\EPC2\trunk\Rohr.EPC.Web\Redirecionar.aspx.cs:linha 41;Rohr.EPC.Web.Redirecionar.Redirect;CalliEventHandlerDelegateProxy.Callback => Redirecionar.Page_Load => Redirecionar.Redirect;
Error;2017/05/22 16:38:47.161;Não foi possível recuperar a sessão do usuário;Rohr.EPC.Web.Redirecionar.Page_Load;Control.OnLoad => CalliEventHandlerDelegateProxy.Callback => Redirecionar.Page_Load;
Error;2017/05/22 16:38:47.217;Rohr.EPC.Business.MyException: Não foi possível recuperar a sessão do usuário
   em Rohr.EPC.Business.Util.GetSessaoUsuario() na C:\Users\rafael.marques\BKP_RAFAEL\Desktop\EPC2\trunk\Rohr.EPC.Business\Util.cs:linha 27
   em Rohr.EPC.Business.AuditoriaLogBusiness.AdicionarLogLogout(HttpBrowserCapabilities browser) na C:\Users\rafael.marques\BKP_RAFAEL\Desktop\EPC2\trunk\Rohr.EPC.Business\AuditoriaLogBusiness.cs:linha 35
   em Rohr.EPC.Web.Redirecionar.Redirect(String destino) na C:\Users\rafael.marques\BKP_RAFAEL\Desktop\EPC2\trunk\Rohr.EPC.Web\Redirecionar.aspx.cs:linha 41;Rohr.EPC.Web.Redirecionar.Redirect;CalliEventHandlerDelegateProxy.Callback => Redirecionar.Page_Load => Redirecionar.Redirect;
