Error;2017/04/06 10:36:00.450;System.ArgumentOutOfRangeException: O índice estava fora do intervalo. Ele deve ser não-negativo e menor que o tamanho da coleção.
Nome do parâmetro: index
   em System.Collections.ArrayList.get_Item(Int32 index)
   em System.Web.UI.WebControls.ListItemCollection.get_Item(Int32 index)
   em Rohr.EPC.Web.ConfiguracoesConta.RecuperarNotificacoesUsuarioEmail() na C:\Users\rafael.marques\BKP_RAFAEL\Desktop\EPC2\trunk\Rohr.EPC.Web\ConfiguracoesConta.aspx.cs:linha 131
   em Rohr.EPC.Web.ConfiguracoesConta.AtualizarUsuario() na C:\Users\rafael.marques\BKP_RAFAEL\Desktop\EPC2\trunk\Rohr.EPC.Web\ConfiguracoesConta.aspx.cs:linha 150
   em Rohr.EPC.Web.ConfiguracoesConta.btnContinuar_Click(Object sender, EventArgs e) na C:\Users\rafael.marques\BKP_RAFAEL\Desktop\EPC2\trunk\Rohr.EPC.Web\ConfiguracoesConta.aspx.cs:linha 179;Rohr.EPC.Web.ConfiguracoesConta.btnContinuar_Click;Button.RaisePostBackEvent => Button.OnClick => ConfiguracoesConta.btnContinuar_Click;
Error;2017/04/06 14:14:18.051;Não foi possível recuperar a sessão do usuário;Rohr.EPC.Web.Redirecionar.Page_Load;Control.OnLoad => CalliEventHandlerDelegateProxy.Callback => Redirecionar.Page_Load;
Error;2017/04/06 14:14:18.071;Rohr.EPC.Business.MyException: Não foi possível recuperar a sessão do usuário
   em Rohr.EPC.Business.Util.GetSessaoUsuario() na C:\Users\rafael.marques\BKP_RAFAEL\Desktop\EPC2\trunk\Rohr.EPC.Business\Util.cs:linha 27
   em Rohr.EPC.Business.AuditoriaLogBusiness.AdicionarLogLogout(HttpBrowserCapabilities browser) na C:\Users\rafael.marques\BKP_RAFAEL\Desktop\EPC2\trunk\Rohr.EPC.Business\AuditoriaLogBusiness.cs:linha 35
   em Rohr.EPC.Web.Redirecionar.Redirect(String destino) na C:\Users\rafael.marques\BKP_RAFAEL\Desktop\EPC2\trunk\Rohr.EPC.Web\Redirecionar.aspx.cs:linha 41;Rohr.EPC.Web.Redirecionar.Redirect;CalliEventHandlerDelegateProxy.Callback => Redirecionar.Page_Load => Redirecionar.Redirect;
Error;2017/04/06 16:57:58.900;EO.Pdf.HtmlToPdfException: Conversion failed. Conversion failed. error code = 7. License '6391775527' is not valid for this build. ---> System.Exception: Conversion failed. error code = 7. License '6391775527' is not valid for this build.
   em EO.Internal.o9.a(b A_0, a7z A_1, WriteArgDelegate A_2)
   em EO.Internal.o9.a(HtmlToPdfOptions A_0, Single A_1, Single A_2, amc A_3, List`1 A_4, af4 A_5)
   em EO.Internal.a3e.a(af4 A_0, Single& A_1)
   em EO.Internal.a3e.a(af4 A_0)
   --- Fim do rastreamento de pilha de exceções internas ---
   em EO.Pdf.HtmlToPdfException.b(Exception A_0)
   em EO.Internal.a3e.a(af4 A_0)
   em EO.Pdf.HtmlToPdfSession.RenderAsPDF(PdfDocument doc)
   em EO.Pdf.HtmlToPdf.ConvertHtml(String html, PdfDocument doc, HtmlToPdfOptions options)
   em EO.Pdf.HtmlToPdf.ConvertHtml(String html, PdfDocument doc)
   em Rohr.EPC.Business.PdfBusiness.GerarPdf(Documento documento, Int32 idPerfil, Int32 idUsuario) na C:\Users\rafael.marques\BKP_RAFAEL\Desktop\EPC2\trunk\Rohr.EPC.Business\PdfBusiness.cs:linha 53
   em Rohr.EPC.Web.BaixarDocumento.GerarPdf(Documento documento, Int32 idPerfilAtivo, HttpContext context, Int32 idUsuario) na C:\Users\rafael.marques\BKP_RAFAEL\Desktop\EPC2\trunk\Rohr.EPC.Web\BaixarDocumento.ashx.cs:linha 74
   em Rohr.EPC.Web.BaixarDocumento.ProcessRequest(HttpContext context) na C:\Users\rafael.marques\BKP_RAFAEL\Desktop\EPC2\trunk\Rohr.EPC.Web\BaixarDocumento.ashx.cs:linha 44;Rohr.EPC.Web.BaixarDocumento.ProcessRequest;HttpApplication.ExecuteStep => CallHandlerExecutionStep.System.Web.HttpApplication.IExecutionStep.Execute => BaixarDocumento.ProcessRequest;
Error;2017/04/06 16:58:07.118;EO.Pdf.HtmlToPdfException: Conversion failed. Conversion failed. error code = 7. License '6391775527' is not valid for this build. ---> System.Exception: Conversion failed. error code = 7. License '6391775527' is not valid for this build.
   em EO.Internal.o9.a(b A_0, a7z A_1, WriteArgDelegate A_2)
   em EO.Internal.o9.a(HtmlToPdfOptions A_0, Single A_1, Single A_2, amc A_3, List`1 A_4, af4 A_5)
   em EO.Internal.a3e.a(af4 A_0, Single& A_1)
   em EO.Internal.a3e.a(af4 A_0)
   --- Fim do rastreamento de pilha de exceções internas ---
   em EO.Pdf.HtmlToPdfException.b(Exception A_0)
   em EO.Internal.a3e.a(af4 A_0)
   em EO.Pdf.HtmlToPdfSession.RenderAsPDF(PdfDocument doc)
   em EO.Pdf.HtmlToPdf.ConvertHtml(String html, PdfDocument doc, HtmlToPdfOptions options)
   em EO.Pdf.HtmlToPdf.ConvertHtml(String html, PdfDocument doc)
   em Rohr.EPC.Business.PdfBusiness.GerarPdf(Documento documento, Int32 idPerfil, Int32 idUsuario) na C:\Users\rafael.marques\BKP_RAFAEL\Desktop\EPC2\trunk\Rohr.EPC.Business\PdfBusiness.cs:linha 53
   em Rohr.EPC.Web.BaixarDocumento.GerarPdf(Documento documento, Int32 idPerfilAtivo, HttpContext context, Int32 idUsuario) na C:\Users\rafael.marques\BKP_RAFAEL\Desktop\EPC2\trunk\Rohr.EPC.Web\BaixarDocumento.ashx.cs:linha 74
   em Rohr.EPC.Web.BaixarDocumento.ProcessRequest(HttpContext context) na C:\Users\rafael.marques\BKP_RAFAEL\Desktop\EPC2\trunk\Rohr.EPC.Web\BaixarDocumento.ashx.cs:linha 44;Rohr.EPC.Web.BaixarDocumento.ProcessRequest;HttpApplication.ExecuteStep => CallHandlerExecutionStep.System.Web.HttpApplication.IExecutionStep.Execute => BaixarDocumento.ProcessRequest;
