Error;2017/07/19 08:11:32.813;Não foi possível recuperar a sessão do usuário;Rohr.EPC.Web.Redirecionar.Page_Load;Control.OnLoad => CalliEventHandlerDelegateProxy.Callback => Redirecionar.Page_Load;
Error;2017/07/19 08:11:33.163;Rohr.EPC.Business.MyException: Não foi possível recuperar a sessão do usuário
   em Rohr.EPC.Business.Util.GetSessaoUsuario() na R:\AdmCorporativa\Sistemas\Scripts\Rodnei\EPC\trunk\Rohr.EPC.Business\Util.cs:linha 27
   em Rohr.EPC.Business.AuditoriaLogBusiness.AdicionarLogLogout(HttpBrowserCapabilities browser) na R:\AdmCorporativa\Sistemas\Scripts\Rodnei\EPC\trunk\Rohr.EPC.Business\AuditoriaLogBusiness.cs:linha 35
   em Rohr.EPC.Web.Redirecionar.Redirect(String destino) na R:\AdmCorporativa\Sistemas\Scripts\Rodnei\EPC\trunk\Rohr.EPC.Web\Redirecionar.aspx.cs:linha 41;Rohr.EPC.Web.Redirecionar.Redirect;CalliEventHandlerDelegateProxy.Callback => Redirecionar.Page_Load => Redirecionar.Redirect;
Error;2017/07/19 08:11:57.031;Rohr.EPC.Business.MyException: Informe o número do termo aditivo corretamente ;(
   em Rohr.EPC.Web.Gerar_TermoAditivo.Page_Load(Object sender, EventArgs e) na R:\AdmCorporativa\Sistemas\Scripts\Rodnei\EPC\trunk\Rohr.EPC.Web\GerarTermoAditivo.aspx.cs:linha 72;Rohr.EPC.Web.Gerar_TermoAditivo.Page_Load;Control.OnLoad => CalliEventHandlerDelegateProxy.Callback => Gerar_TermoAditivo.Page_Load;
Error;2017/07/19 08:11:57.081;Rohr.EPC.Business.MyException: Informe o número do termo aditivo corretamente ;(
   em Rohr.EPC.Web.Gerar_TermoAditivo.linkButtonPesquisar_Click(Object sender, EventArgs e) na R:\AdmCorporativa\Sistemas\Scripts\Rodnei\EPC\trunk\Rohr.EPC.Web\GerarTermoAditivo.aspx.cs:linha 102;Rohr.EPC.Web.Gerar_TermoAditivo.linkButtonPesquisar_Click;LinkButton.RaisePostBackEvent => LinkButton.OnClick => Gerar_TermoAditivo.linkButtonPesquisar_Click;
Error;2017/07/19 08:12:50.285;System.NullReferenceException: Referência de objeto não definida para uma instância de um objeto.
   em Rohr.EPC.Web.Variaveis.Page_Load(Object sender, EventArgs e) na R:\AdmCorporativa\Sistemas\Scripts\Rodnei\EPC\trunk\Rohr.EPC.Web\Variaveis.aspx.cs:linha 583;Rohr.EPC.Web.Variaveis.Page_Load;Control.OnLoad => CalliEventHandlerDelegateProxy.Callback => Variaveis.Page_Load;
Error;2017/07/19 08:16:20.453;Não foi possível recuperar a sessão do usuário;Rohr.EPC.Web.Redirecionar.Page_Load;Control.OnLoad => CalliEventHandlerDelegateProxy.Callback => Redirecionar.Page_Load;
Error;2017/07/19 08:16:20.534;Rohr.EPC.Business.MyException: Não foi possível recuperar a sessão do usuário
   em Rohr.EPC.Business.Util.GetSessaoUsuario() na R:\AdmCorporativa\Sistemas\Scripts\Rodnei\EPC\trunk\Rohr.EPC.Business\Util.cs:linha 27
   em Rohr.EPC.Business.AuditoriaLogBusiness.AdicionarLogLogout(HttpBrowserCapabilities browser) na R:\AdmCorporativa\Sistemas\Scripts\Rodnei\EPC\trunk\Rohr.EPC.Business\AuditoriaLogBusiness.cs:linha 35
   em Rohr.EPC.Web.Redirecionar.Redirect(String destino) na R:\AdmCorporativa\Sistemas\Scripts\Rodnei\EPC\trunk\Rohr.EPC.Web\Redirecionar.aspx.cs:linha 41;Rohr.EPC.Web.Redirecionar.Redirect;CalliEventHandlerDelegateProxy.Callback => Redirecionar.Page_Load => Redirecionar.Redirect;
Error;2017/07/19 08:18:54.782;System.NullReferenceException: Referência de objeto não definida para uma instância de um objeto.
   em Rohr.EPC.Web.Variaveis.Page_Load(Object sender, EventArgs e) na R:\AdmCorporativa\Sistemas\Scripts\Rodnei\EPC\trunk\Rohr.EPC.Web\Variaveis.aspx.cs:linha 583;Rohr.EPC.Web.Variaveis.Page_Load;Control.OnLoad => CalliEventHandlerDelegateProxy.Callback => Variaveis.Page_Load;
Error;2017/07/19 09:18:49.393;Não foi possível recuperar a sessão do usuário;Rohr.EPC.Web.Redirecionar.Page_Load;Control.OnLoad => CalliEventHandlerDelegateProxy.Callback => Redirecionar.Page_Load;
Error;2017/07/19 09:18:49.440;Rohr.EPC.Business.MyException: Não foi possível recuperar a sessão do usuário
   em Rohr.EPC.Business.Util.GetSessaoUsuario() na R:\AdmCorporativa\Sistemas\Scripts\Rodnei\EPC\trunk\Rohr.EPC.Business\Util.cs:linha 27
   em Rohr.EPC.Business.AuditoriaLogBusiness.AdicionarLogLogout(HttpBrowserCapabilities browser) na R:\AdmCorporativa\Sistemas\Scripts\Rodnei\EPC\trunk\Rohr.EPC.Business\AuditoriaLogBusiness.cs:linha 35
   em Rohr.EPC.Web.Redirecionar.Redirect(String destino) na R:\AdmCorporativa\Sistemas\Scripts\Rodnei\EPC\trunk\Rohr.EPC.Web\Redirecionar.aspx.cs:linha 41;Rohr.EPC.Web.Redirecionar.Redirect;CalliEventHandlerDelegateProxy.Callback => Redirecionar.Page_Load => Redirecionar.Redirect;
Error;2017/07/19 09:25:21.127;Não foi possível recuperar a sessão do usuário;Rohr.EPC.Web.Redirecionar.Page_Load;Control.OnLoad => CalliEventHandlerDelegateProxy.Callback => Redirecionar.Page_Load;
Error;2017/07/19 09:25:21.167;Rohr.EPC.Business.MyException: Não foi possível recuperar a sessão do usuário
   em Rohr.EPC.Business.Util.GetSessaoUsuario() na R:\AdmCorporativa\Sistemas\Scripts\Rodnei\EPC\trunk\Rohr.EPC.Business\Util.cs:linha 27
   em Rohr.EPC.Business.AuditoriaLogBusiness.AdicionarLogLogout(HttpBrowserCapabilities browser) na R:\AdmCorporativa\Sistemas\Scripts\Rodnei\EPC\trunk\Rohr.EPC.Business\AuditoriaLogBusiness.cs:linha 35
   em Rohr.EPC.Web.Redirecionar.Redirect(String destino) na R:\AdmCorporativa\Sistemas\Scripts\Rodnei\EPC\trunk\Rohr.EPC.Web\Redirecionar.aspx.cs:linha 41;Rohr.EPC.Web.Redirecionar.Redirect;CalliEventHandlerDelegateProxy.Callback => Redirecionar.Page_Load => Redirecionar.Redirect;
Error;2017/07/19 09:48:34.316;Não foi possível recuperar a sessão do usuário;Rohr.EPC.Web.Redirecionar.Page_Load;Control.OnLoad => CalliEventHandlerDelegateProxy.Callback => Redirecionar.Page_Load;
Error;2017/07/19 09:48:34.351;Rohr.EPC.Business.MyException: Não foi possível recuperar a sessão do usuário
   em Rohr.EPC.Business.Util.GetSessaoUsuario() na R:\AdmCorporativa\Sistemas\Scripts\Rodnei\EPC\trunk\Rohr.EPC.Business\Util.cs:linha 27
   em Rohr.EPC.Business.AuditoriaLogBusiness.AdicionarLogLogout(HttpBrowserCapabilities browser) na R:\AdmCorporativa\Sistemas\Scripts\Rodnei\EPC\trunk\Rohr.EPC.Business\AuditoriaLogBusiness.cs:linha 35
   em Rohr.EPC.Web.Redirecionar.Redirect(String destino) na R:\AdmCorporativa\Sistemas\Scripts\Rodnei\EPC\trunk\Rohr.EPC.Web\Redirecionar.aspx.cs:linha 41;Rohr.EPC.Web.Redirecionar.Redirect;CalliEventHandlerDelegateProxy.Callback => Redirecionar.Page_Load => Redirecionar.Redirect;
Error;2017/07/19 09:51:21.869;Não foi possível recuperar a sessão do usuário;Rohr.EPC.Web.Redirecionar.Page_Load;Control.OnLoad => CalliEventHandlerDelegateProxy.Callback => Redirecionar.Page_Load;
Error;2017/07/19 09:51:21.902;Rohr.EPC.Business.MyException: Não foi possível recuperar a sessão do usuário
   em Rohr.EPC.Business.Util.GetSessaoUsuario() na R:\AdmCorporativa\Sistemas\Scripts\Rodnei\EPC\trunk\Rohr.EPC.Business\Util.cs:linha 27
   em Rohr.EPC.Business.AuditoriaLogBusiness.AdicionarLogLogout(HttpBrowserCapabilities browser) na R:\AdmCorporativa\Sistemas\Scripts\Rodnei\EPC\trunk\Rohr.EPC.Business\AuditoriaLogBusiness.cs:linha 35
   em Rohr.EPC.Web.Redirecionar.Redirect(String destino) na R:\AdmCorporativa\Sistemas\Scripts\Rodnei\EPC\trunk\Rohr.EPC.Web\Redirecionar.aspx.cs:linha 41;Rohr.EPC.Web.Redirecionar.Redirect;CalliEventHandlerDelegateProxy.Callback => Redirecionar.Page_Load => Redirecionar.Redirect;
Error;2017/07/19 09:51:34.072;Rohr.EPC.Business.MyException: Não foi possível recuperar a sessão documento
   em Rohr.EPC.Business.Util.GetSessaoDocumento() na R:\AdmCorporativa\Sistemas\Scripts\Rodnei\EPC\trunk\Rohr.EPC.Business\Util.cs:linha 43
   em Rohr.EPC.Web.Gerar_TermoAditivo.Page_Load(Object sender, EventArgs e) na R:\AdmCorporativa\Sistemas\Scripts\Rodnei\EPC\trunk\Rohr.EPC.Web\GerarTermoAditivo.aspx.cs:linha 71;Rohr.EPC.Web.Gerar_TermoAditivo.Page_Load;Control.OnLoad => CalliEventHandlerDelegateProxy.Callback => Gerar_TermoAditivo.Page_Load;
Error;2017/07/19 09:51:51.710;Rohr.EPC.Business.MyException: Não foi possível recuperar a sessão documento
   em Rohr.EPC.Business.Util.GetSessaoDocumento() na R:\AdmCorporativa\Sistemas\Scripts\Rodnei\EPC\trunk\Rohr.EPC.Business\Util.cs:linha 43
   em Rohr.EPC.Web.Gerar_TermoAditivo.Page_Load(Object sender, EventArgs e) na R:\AdmCorporativa\Sistemas\Scripts\Rodnei\EPC\trunk\Rohr.EPC.Web\GerarTermoAditivo.aspx.cs:linha 71;Rohr.EPC.Web.Gerar_TermoAditivo.Page_Load;Control.OnLoad => CalliEventHandlerDelegateProxy.Callback => Gerar_TermoAditivo.Page_Load;
Error;2017/07/19 09:51:53.770;Rohr.EPC.Business.MyException: Não foi possível recuperar a sessão documento
   em Rohr.EPC.Business.Util.GetSessaoDocumento() na R:\AdmCorporativa\Sistemas\Scripts\Rodnei\EPC\trunk\Rohr.EPC.Business\Util.cs:linha 43
   em Rohr.EPC.Web.Gerar_TermoAditivo.Page_Load(Object sender, EventArgs e) na R:\AdmCorporativa\Sistemas\Scripts\Rodnei\EPC\trunk\Rohr.EPC.Web\GerarTermoAditivo.aspx.cs:linha 71;Rohr.EPC.Web.Gerar_TermoAditivo.Page_Load;Control.OnLoad => CalliEventHandlerDelegateProxy.Callback => Gerar_TermoAditivo.Page_Load;
Error;2017/07/19 09:51:55.577;Rohr.EPC.Business.MyException: Não foi possível recuperar a sessão documento
   em Rohr.EPC.Business.Util.GetSessaoDocumento() na R:\AdmCorporativa\Sistemas\Scripts\Rodnei\EPC\trunk\Rohr.EPC.Business\Util.cs:linha 43
   em Rohr.EPC.Web.Gerar_TermoAditivo.Page_Load(Object sender, EventArgs e) na R:\AdmCorporativa\Sistemas\Scripts\Rodnei\EPC\trunk\Rohr.EPC.Web\GerarTermoAditivo.aspx.cs:linha 71;Rohr.EPC.Web.Gerar_TermoAditivo.Page_Load;Control.OnLoad => CalliEventHandlerDelegateProxy.Callback => Gerar_TermoAditivo.Page_Load;
Error;2017/07/19 09:51:57.091;Rohr.EPC.Business.MyException: Não foi possível recuperar a sessão documento
   em Rohr.EPC.Business.Util.GetSessaoDocumento() na R:\AdmCorporativa\Sistemas\Scripts\Rodnei\EPC\trunk\Rohr.EPC.Business\Util.cs:linha 43
   em Rohr.EPC.Web.Gerar_TermoAditivo.Page_Load(Object sender, EventArgs e) na R:\AdmCorporativa\Sistemas\Scripts\Rodnei\EPC\trunk\Rohr.EPC.Web\GerarTermoAditivo.aspx.cs:linha 71;Rohr.EPC.Web.Gerar_TermoAditivo.Page_Load;Control.OnLoad => CalliEventHandlerDelegateProxy.Callback => Gerar_TermoAditivo.Page_Load;
Error;2017/07/19 09:51:58.741;Rohr.EPC.Business.MyException: Não foi possível recuperar a sessão documento
   em Rohr.EPC.Business.Util.GetSessaoDocumento() na R:\AdmCorporativa\Sistemas\Scripts\Rodnei\EPC\trunk\Rohr.EPC.Business\Util.cs:linha 43
   em Rohr.EPC.Web.Gerar_TermoAditivo.Page_Load(Object sender, EventArgs e) na R:\AdmCorporativa\Sistemas\Scripts\Rodnei\EPC\trunk\Rohr.EPC.Web\GerarTermoAditivo.aspx.cs:linha 71;Rohr.EPC.Web.Gerar_TermoAditivo.Page_Load;Control.OnLoad => CalliEventHandlerDelegateProxy.Callback => Gerar_TermoAditivo.Page_Load;
Error;2017/07/19 09:53:02.203;Não foi possível recuperar a sessão do usuário;Rohr.EPC.Web.Redirecionar.Page_Load;Control.OnLoad => CalliEventHandlerDelegateProxy.Callback => Redirecionar.Page_Load;
Error;2017/07/19 09:53:02.255;Rohr.EPC.Business.MyException: Não foi possível recuperar a sessão do usuário
   em Rohr.EPC.Business.Util.GetSessaoUsuario() na R:\AdmCorporativa\Sistemas\Scripts\Rodnei\EPC\trunk\Rohr.EPC.Business\Util.cs:linha 27
   em Rohr.EPC.Business.AuditoriaLogBusiness.AdicionarLogLogout(HttpBrowserCapabilities browser) na R:\AdmCorporativa\Sistemas\Scripts\Rodnei\EPC\trunk\Rohr.EPC.Business\AuditoriaLogBusiness.cs:linha 35
   em Rohr.EPC.Web.Redirecionar.Redirect(String destino) na R:\AdmCorporativa\Sistemas\Scripts\Rodnei\EPC\trunk\Rohr.EPC.Web\Redirecionar.aspx.cs:linha 41;Rohr.EPC.Web.Redirecionar.Redirect;CalliEventHandlerDelegateProxy.Callback => Redirecionar.Page_Load => Redirecionar.Redirect;
Error;2017/07/19 10:10:22.066;Não foi possível recuperar a sessão do usuário;Rohr.EPC.Web.Redirecionar.Page_Load;Control.OnLoad => CalliEventHandlerDelegateProxy.Callback => Redirecionar.Page_Load;
Error;2017/07/19 10:10:22.139;Rohr.EPC.Business.MyException: Não foi possível recuperar a sessão do usuário
   em Rohr.EPC.Business.Util.GetSessaoUsuario() na R:\AdmCorporativa\Sistemas\Scripts\Rodnei\EPC\trunk\Rohr.EPC.Business\Util.cs:linha 27
   em Rohr.EPC.Business.AuditoriaLogBusiness.AdicionarLogLogout(HttpBrowserCapabilities browser) na R:\AdmCorporativa\Sistemas\Scripts\Rodnei\EPC\trunk\Rohr.EPC.Business\AuditoriaLogBusiness.cs:linha 35
   em Rohr.EPC.Web.Redirecionar.Redirect(String destino) na R:\AdmCorporativa\Sistemas\Scripts\Rodnei\EPC\trunk\Rohr.EPC.Web\Redirecionar.aspx.cs:linha 41;Rohr.EPC.Web.Redirecionar.Redirect;CalliEventHandlerDelegateProxy.Callback => Redirecionar.Page_Load => Redirecionar.Redirect;
Error;2017/07/19 10:11:45.909;Não foi possível recuperar a sessão do usuário;Rohr.EPC.Web.Redirecionar.Page_Load;Control.OnLoad => CalliEventHandlerDelegateProxy.Callback => Redirecionar.Page_Load;
Error;2017/07/19 10:11:45.954;Rohr.EPC.Business.MyException: Não foi possível recuperar a sessão do usuário
   em Rohr.EPC.Business.Util.GetSessaoUsuario() na R:\AdmCorporativa\Sistemas\Scripts\Rodnei\EPC\trunk\Rohr.EPC.Business\Util.cs:linha 27
   em Rohr.EPC.Business.AuditoriaLogBusiness.AdicionarLogLogout(HttpBrowserCapabilities browser) na R:\AdmCorporativa\Sistemas\Scripts\Rodnei\EPC\trunk\Rohr.EPC.Business\AuditoriaLogBusiness.cs:linha 35
   em Rohr.EPC.Web.Redirecionar.Redirect(String destino) na R:\AdmCorporativa\Sistemas\Scripts\Rodnei\EPC\trunk\Rohr.EPC.Web\Redirecionar.aspx.cs:linha 41;Rohr.EPC.Web.Redirecionar.Redirect;CalliEventHandlerDelegateProxy.Callback => Redirecionar.Page_Load => Redirecionar.Redirect;
Error;2017/07/19 10:13:23.981;Não foi possível recuperar a sessão do usuário;Rohr.EPC.Web.Redirecionar.Page_Load;Control.OnLoad => CalliEventHandlerDelegateProxy.Callback => Redirecionar.Page_Load;
Error;2017/07/19 10:13:24.102;Rohr.EPC.Business.MyException: Não foi possível recuperar a sessão do usuário
   em Rohr.EPC.Business.Util.GetSessaoUsuario() na R:\AdmCorporativa\Sistemas\Scripts\Rodnei\EPC\trunk\Rohr.EPC.Business\Util.cs:linha 27
   em Rohr.EPC.Business.AuditoriaLogBusiness.AdicionarLogLogout(HttpBrowserCapabilities browser) na R:\AdmCorporativa\Sistemas\Scripts\Rodnei\EPC\trunk\Rohr.EPC.Business\AuditoriaLogBusiness.cs:linha 35
   em Rohr.EPC.Web.Redirecionar.Redirect(String destino) na R:\AdmCorporativa\Sistemas\Scripts\Rodnei\EPC\trunk\Rohr.EPC.Web\Redirecionar.aspx.cs:linha 41;Rohr.EPC.Web.Redirecionar.Redirect;CalliEventHandlerDelegateProxy.Callback => Redirecionar.Page_Load => Redirecionar.Redirect;
Error;2017/07/19 10:21:03.082;Não foi possível recuperar a sessão do usuário;Rohr.EPC.Web.Redirecionar.Page_Load;Control.OnLoad => CalliEventHandlerDelegateProxy.Callback => Redirecionar.Page_Load;
Error;2017/07/19 10:21:03.128;Rohr.EPC.Business.MyException: Não foi possível recuperar a sessão do usuário
   em Rohr.EPC.Business.Util.GetSessaoUsuario() na R:\AdmCorporativa\Sistemas\Scripts\Rodnei\EPC\trunk\Rohr.EPC.Business\Util.cs:linha 27
   em Rohr.EPC.Business.AuditoriaLogBusiness.AdicionarLogLogout(HttpBrowserCapabilities browser) na R:\AdmCorporativa\Sistemas\Scripts\Rodnei\EPC\trunk\Rohr.EPC.Business\AuditoriaLogBusiness.cs:linha 35
   em Rohr.EPC.Web.Redirecionar.Redirect(String destino) na R:\AdmCorporativa\Sistemas\Scripts\Rodnei\EPC\trunk\Rohr.EPC.Web\Redirecionar.aspx.cs:linha 41;Rohr.EPC.Web.Redirecionar.Redirect;CalliEventHandlerDelegateProxy.Callback => Redirecionar.Page_Load => Redirecionar.Redirect;
Error;2017/07/19 10:22:08.853;Rohr.EPC.Business.MyException: Não foi possível recuperar a sessão documento
   em Rohr.EPC.Business.Util.GetSessaoDocumento() na R:\AdmCorporativa\Sistemas\Scripts\Rodnei\EPC\trunk\Rohr.EPC.Business\Util.cs:linha 43
   em Rohr.EPC.Web.TermoAditivo.Page_Load(Object sender, EventArgs e) na R:\AdmCorporativa\Sistemas\Scripts\Rodnei\EPC\trunk\Rohr.EPC.Web\TermoAditivo.aspx.cs:linha 39;Rohr.EPC.Web.TermoAditivo.Page_Load;Control.OnLoad => CalliEventHandlerDelegateProxy.Callback => TermoAditivo.Page_Load;
Error;2017/07/19 10:45:18.212;Não foi possível recuperar a sessão do usuário;Rohr.EPC.Web.Redirecionar.Page_Load;Control.OnLoad => CalliEventHandlerDelegateProxy.Callback => Redirecionar.Page_Load;
Error;2017/07/19 10:45:18.250;Rohr.EPC.Business.MyException: Não foi possível recuperar a sessão do usuário
   em Rohr.EPC.Business.Util.GetSessaoUsuario() na R:\AdmCorporativa\Sistemas\Scripts\Rodnei\EPC\trunk\Rohr.EPC.Business\Util.cs:linha 27
   em Rohr.EPC.Business.AuditoriaLogBusiness.AdicionarLogLogout(HttpBrowserCapabilities browser) na R:\AdmCorporativa\Sistemas\Scripts\Rodnei\EPC\trunk\Rohr.EPC.Business\AuditoriaLogBusiness.cs:linha 35
   em Rohr.EPC.Web.Redirecionar.Redirect(String destino) na R:\AdmCorporativa\Sistemas\Scripts\Rodnei\EPC\trunk\Rohr.EPC.Web\Redirecionar.aspx.cs:linha 41;Rohr.EPC.Web.Redirecionar.Redirect;CalliEventHandlerDelegateProxy.Callback => Redirecionar.Page_Load => Redirecionar.Redirect;
Error;2017/07/19 11:01:04.260;Não foi possível recuperar a sessão do usuário;Rohr.EPC.Web.Redirecionar.Page_Load;Control.OnLoad => CalliEventHandlerDelegateProxy.Callback => Redirecionar.Page_Load;
Error;2017/07/19 11:01:04.327;Rohr.EPC.Business.MyException: Não foi possível recuperar a sessão do usuário
   em Rohr.EPC.Business.Util.GetSessaoUsuario() na R:\AdmCorporativa\Sistemas\Scripts\Rodnei\EPC\trunk\Rohr.EPC.Business\Util.cs:linha 27
   em Rohr.EPC.Business.AuditoriaLogBusiness.AdicionarLogLogout(HttpBrowserCapabilities browser) na R:\AdmCorporativa\Sistemas\Scripts\Rodnei\EPC\trunk\Rohr.EPC.Business\AuditoriaLogBusiness.cs:linha 35
   em Rohr.EPC.Web.Redirecionar.Redirect(String destino) na R:\AdmCorporativa\Sistemas\Scripts\Rodnei\EPC\trunk\Rohr.EPC.Web\Redirecionar.aspx.cs:linha 41;Rohr.EPC.Web.Redirecionar.Redirect;CalliEventHandlerDelegateProxy.Callback => Redirecionar.Page_Load => Redirecionar.Redirect;
Error;2017/07/19 11:03:24.258;Não foi possível recuperar a sessão do usuário;Rohr.EPC.Web.Redirecionar.Page_Load;Control.OnLoad => CalliEventHandlerDelegateProxy.Callback => Redirecionar.Page_Load;
Error;2017/07/19 11:03:24.322;Rohr.EPC.Business.MyException: Não foi possível recuperar a sessão do usuário
   em Rohr.EPC.Business.Util.GetSessaoUsuario() na R:\AdmCorporativa\Sistemas\Scripts\Rodnei\EPC\trunk\Rohr.EPC.Business\Util.cs:linha 27
   em Rohr.EPC.Business.AuditoriaLogBusiness.AdicionarLogLogout(HttpBrowserCapabilities browser) na R:\AdmCorporativa\Sistemas\Scripts\Rodnei\EPC\trunk\Rohr.EPC.Business\AuditoriaLogBusiness.cs:linha 35
   em Rohr.EPC.Web.Redirecionar.Redirect(String destino) na R:\AdmCorporativa\Sistemas\Scripts\Rodnei\EPC\trunk\Rohr.EPC.Web\Redirecionar.aspx.cs:linha 41;Rohr.EPC.Web.Redirecionar.Redirect;CalliEventHandlerDelegateProxy.Callback => Redirecionar.Page_Load => Redirecionar.Redirect;
Error;2017/07/19 11:08:10.943;Não foi possível recuperar a sessão do usuário;Rohr.EPC.Web.Redirecionar.Page_Load;Control.OnLoad => CalliEventHandlerDelegateProxy.Callback => Redirecionar.Page_Load;
Error;2017/07/19 11:08:10.984;Rohr.EPC.Business.MyException: Não foi possível recuperar a sessão do usuário
   em Rohr.EPC.Business.Util.GetSessaoUsuario() na R:\AdmCorporativa\Sistemas\Scripts\Rodnei\EPC\trunk\Rohr.EPC.Business\Util.cs:linha 27
   em Rohr.EPC.Business.AuditoriaLogBusiness.AdicionarLogLogout(HttpBrowserCapabilities browser) na R:\AdmCorporativa\Sistemas\Scripts\Rodnei\EPC\trunk\Rohr.EPC.Business\AuditoriaLogBusiness.cs:linha 35
   em Rohr.EPC.Web.Redirecionar.Redirect(String destino) na R:\AdmCorporativa\Sistemas\Scripts\Rodnei\EPC\trunk\Rohr.EPC.Web\Redirecionar.aspx.cs:linha 41;Rohr.EPC.Web.Redirecionar.Redirect;CalliEventHandlerDelegateProxy.Callback => Redirecionar.Page_Load => Redirecionar.Redirect;
Error;2017/07/19 11:09:59.397;Não foi possível recuperar a sessão do usuário;Rohr.EPC.Web.Redirecionar.Page_Load;Control.OnLoad => CalliEventHandlerDelegateProxy.Callback => Redirecionar.Page_Load;
Error;2017/07/19 11:09:59.451;Rohr.EPC.Business.MyException: Não foi possível recuperar a sessão do usuário
   em Rohr.EPC.Business.Util.GetSessaoUsuario() na R:\AdmCorporativa\Sistemas\Scripts\Rodnei\EPC\trunk\Rohr.EPC.Business\Util.cs:linha 27
   em Rohr.EPC.Business.AuditoriaLogBusiness.AdicionarLogLogout(HttpBrowserCapabilities browser) na R:\AdmCorporativa\Sistemas\Scripts\Rodnei\EPC\trunk\Rohr.EPC.Business\AuditoriaLogBusiness.cs:linha 35
   em Rohr.EPC.Web.Redirecionar.Redirect(String destino) na R:\AdmCorporativa\Sistemas\Scripts\Rodnei\EPC\trunk\Rohr.EPC.Web\Redirecionar.aspx.cs:linha 41;Rohr.EPC.Web.Redirecionar.Redirect;CalliEventHandlerDelegateProxy.Callback => Redirecionar.Page_Load => Redirecionar.Redirect;
Error;2017/07/19 11:11:45.604;Não foi possível recuperar a sessão do usuário;Rohr.EPC.Web.Redirecionar.Page_Load;Control.OnLoad => CalliEventHandlerDelegateProxy.Callback => Redirecionar.Page_Load;
Error;2017/07/19 11:11:45.649;Rohr.EPC.Business.MyException: Não foi possível recuperar a sessão do usuário
   em Rohr.EPC.Business.Util.GetSessaoUsuario() na R:\AdmCorporativa\Sistemas\Scripts\Rodnei\EPC\trunk\Rohr.EPC.Business\Util.cs:linha 27
   em Rohr.EPC.Business.AuditoriaLogBusiness.AdicionarLogLogout(HttpBrowserCapabilities browser) na R:\AdmCorporativa\Sistemas\Scripts\Rodnei\EPC\trunk\Rohr.EPC.Business\AuditoriaLogBusiness.cs:linha 35
   em Rohr.EPC.Web.Redirecionar.Redirect(String destino) na R:\AdmCorporativa\Sistemas\Scripts\Rodnei\EPC\trunk\Rohr.EPC.Web\Redirecionar.aspx.cs:linha 41;Rohr.EPC.Web.Redirecionar.Redirect;CalliEventHandlerDelegateProxy.Callback => Redirecionar.Page_Load => Redirecionar.Redirect;
Error;2017/07/19 11:14:24.490;Não foi possível recuperar a sessão do usuário;Rohr.EPC.Web.Redirecionar.Page_Load;Control.OnLoad => CalliEventHandlerDelegateProxy.Callback => Redirecionar.Page_Load;
Error;2017/07/19 11:14:24.535;Rohr.EPC.Business.MyException: Não foi possível recuperar a sessão do usuário
   em Rohr.EPC.Business.Util.GetSessaoUsuario() na R:\AdmCorporativa\Sistemas\Scripts\Rodnei\EPC\trunk\Rohr.EPC.Business\Util.cs:linha 27
   em Rohr.EPC.Business.AuditoriaLogBusiness.AdicionarLogLogout(HttpBrowserCapabilities browser) na R:\AdmCorporativa\Sistemas\Scripts\Rodnei\EPC\trunk\Rohr.EPC.Business\AuditoriaLogBusiness.cs:linha 35
   em Rohr.EPC.Web.Redirecionar.Redirect(String destino) na R:\AdmCorporativa\Sistemas\Scripts\Rodnei\EPC\trunk\Rohr.EPC.Web\Redirecionar.aspx.cs:linha 41;Rohr.EPC.Web.Redirecionar.Redirect;CalliEventHandlerDelegateProxy.Callback => Redirecionar.Page_Load => Redirecionar.Redirect;
Error;2017/07/19 11:15:50.534;System.NullReferenceException: Referência de objeto não definida para uma instância de um objeto.
   em Rohr.EPC.Web.Variaveis.Page_Load(Object sender, EventArgs e) na R:\AdmCorporativa\Sistemas\Scripts\Rodnei\EPC\trunk\Rohr.EPC.Web\Variaveis.aspx.cs:linha 583;Rohr.EPC.Web.Variaveis.Page_Load;Control.OnLoad => CalliEventHandlerDelegateProxy.Callback => Variaveis.Page_Load;
Error;2017/07/19 11:17:37.030;Não foi possível recuperar a sessão do usuário;Rohr.EPC.Web.Redirecionar.Page_Load;Control.OnLoad => CalliEventHandlerDelegateProxy.Callback => Redirecionar.Page_Load;
Error;2017/07/19 11:17:37.078;Rohr.EPC.Business.MyException: Não foi possível recuperar a sessão do usuário
   em Rohr.EPC.Business.Util.GetSessaoUsuario() na R:\AdmCorporativa\Sistemas\Scripts\Rodnei\EPC\trunk\Rohr.EPC.Business\Util.cs:linha 27
   em Rohr.EPC.Business.AuditoriaLogBusiness.AdicionarLogLogout(HttpBrowserCapabilities browser) na R:\AdmCorporativa\Sistemas\Scripts\Rodnei\EPC\trunk\Rohr.EPC.Business\AuditoriaLogBusiness.cs:linha 35
   em Rohr.EPC.Web.Redirecionar.Redirect(String destino) na R:\AdmCorporativa\Sistemas\Scripts\Rodnei\EPC\trunk\Rohr.EPC.Web\Redirecionar.aspx.cs:linha 41;Rohr.EPC.Web.Redirecionar.Redirect;CalliEventHandlerDelegateProxy.Callback => Redirecionar.Page_Load => Redirecionar.Redirect;
Error;2017/07/19 11:17:47.587;Rohr.EPC.Business.MyException: Não foi possível recuperar a sessão documento
   em Rohr.EPC.Business.Util.GetSessaoDocumento() na R:\AdmCorporativa\Sistemas\Scripts\Rodnei\EPC\trunk\Rohr.EPC.Business\Util.cs:linha 43
   em Rohr.EPC.Web.Variaveis.Page_Load(Object sender, EventArgs e) na R:\AdmCorporativa\Sistemas\Scripts\Rodnei\EPC\trunk\Rohr.EPC.Web\Variaveis.aspx.cs:linha 581;Rohr.EPC.Web.Variaveis.Page_Load;Control.OnLoad => CalliEventHandlerDelegateProxy.Callback => Variaveis.Page_Load;
Error;2017/07/19 11:20:10.870;Não foi possível recuperar a sessão do usuário;Rohr.EPC.Web.Redirecionar.Page_Load;Control.OnLoad => CalliEventHandlerDelegateProxy.Callback => Redirecionar.Page_Load;
Error;2017/07/19 11:20:10.952;Rohr.EPC.Business.MyException: Não foi possível recuperar a sessão do usuário
   em Rohr.EPC.Business.Util.GetSessaoUsuario() na R:\AdmCorporativa\Sistemas\Scripts\Rodnei\EPC\trunk\Rohr.EPC.Business\Util.cs:linha 27
   em Rohr.EPC.Business.AuditoriaLogBusiness.AdicionarLogLogout(HttpBrowserCapabilities browser) na R:\AdmCorporativa\Sistemas\Scripts\Rodnei\EPC\trunk\Rohr.EPC.Business\AuditoriaLogBusiness.cs:linha 35
   em Rohr.EPC.Web.Redirecionar.Redirect(String destino) na R:\AdmCorporativa\Sistemas\Scripts\Rodnei\EPC\trunk\Rohr.EPC.Web\Redirecionar.aspx.cs:linha 41;Rohr.EPC.Web.Redirecionar.Redirect;CalliEventHandlerDelegateProxy.Callback => Redirecionar.Page_Load => Redirecionar.Redirect;
Error;2017/07/19 11:27:32.120;Não foi possível recuperar a sessão do usuário;Rohr.EPC.Web.Redirecionar.Page_Load;Control.OnLoad => CalliEventHandlerDelegateProxy.Callback => Redirecionar.Page_Load;
Error;2017/07/19 11:27:32.158;Rohr.EPC.Business.MyException: Não foi possível recuperar a sessão do usuário
   em Rohr.EPC.Business.Util.GetSessaoUsuario() na R:\AdmCorporativa\Sistemas\Scripts\Rodnei\EPC\trunk\Rohr.EPC.Business\Util.cs:linha 27
   em Rohr.EPC.Business.AuditoriaLogBusiness.AdicionarLogLogout(HttpBrowserCapabilities browser) na R:\AdmCorporativa\Sistemas\Scripts\Rodnei\EPC\trunk\Rohr.EPC.Business\AuditoriaLogBusiness.cs:linha 35
   em Rohr.EPC.Web.Redirecionar.Redirect(String destino) na R:\AdmCorporativa\Sistemas\Scripts\Rodnei\EPC\trunk\Rohr.EPC.Web\Redirecionar.aspx.cs:linha 41;Rohr.EPC.Web.Redirecionar.Redirect;CalliEventHandlerDelegateProxy.Callback => Redirecionar.Page_Load => Redirecionar.Redirect;
Error;2017/07/19 11:35:59.507;Não foi possível recuperar a sessão do usuário;Rohr.EPC.Web.Redirecionar.Page_Load;Control.OnLoad => CalliEventHandlerDelegateProxy.Callback => Redirecionar.Page_Load;
Error;2017/07/19 11:35:59.550;Rohr.EPC.Business.MyException: Não foi possível recuperar a sessão do usuário
   em Rohr.EPC.Business.Util.GetSessaoUsuario() na R:\AdmCorporativa\Sistemas\Scripts\Rodnei\EPC\trunk\Rohr.EPC.Business\Util.cs:linha 27
   em Rohr.EPC.Business.AuditoriaLogBusiness.AdicionarLogLogout(HttpBrowserCapabilities browser) na R:\AdmCorporativa\Sistemas\Scripts\Rodnei\EPC\trunk\Rohr.EPC.Business\AuditoriaLogBusiness.cs:linha 35
   em Rohr.EPC.Web.Redirecionar.Redirect(String destino) na R:\AdmCorporativa\Sistemas\Scripts\Rodnei\EPC\trunk\Rohr.EPC.Web\Redirecionar.aspx.cs:linha 41;Rohr.EPC.Web.Redirecionar.Redirect;CalliEventHandlerDelegateProxy.Callback => Redirecionar.Page_Load => Redirecionar.Redirect;
Error;2017/07/19 11:39:03.542;System.NullReferenceException: Referência de objeto não definida para uma instância de um objeto.
   em Rohr.EPC.Web.Variaveis.Page_Load(Object sender, EventArgs e) na R:\AdmCorporativa\Sistemas\Scripts\Rodnei\EPC\trunk\Rohr.EPC.Web\Variaveis.aspx.cs:linha 583;Rohr.EPC.Web.Variaveis.Page_Load;Control.OnLoad => CalliEventHandlerDelegateProxy.Callback => Variaveis.Page_Load;
Error;2017/07/19 11:59:21.987;Não foi possível recuperar a sessão do usuário;Rohr.EPC.Web.Redirecionar.Page_Load;Control.OnLoad => CalliEventHandlerDelegateProxy.Callback => Redirecionar.Page_Load;
Error;2017/07/19 11:59:22.035;Rohr.EPC.Business.MyException: Não foi possível recuperar a sessão do usuário
   em Rohr.EPC.Business.Util.GetSessaoUsuario() na R:\AdmCorporativa\Sistemas\Scripts\Rodnei\EPC\trunk\Rohr.EPC.Business\Util.cs:linha 27
   em Rohr.EPC.Business.AuditoriaLogBusiness.AdicionarLogLogout(HttpBrowserCapabilities browser) na R:\AdmCorporativa\Sistemas\Scripts\Rodnei\EPC\trunk\Rohr.EPC.Business\AuditoriaLogBusiness.cs:linha 35
   em Rohr.EPC.Web.Redirecionar.Redirect(String destino) na R:\AdmCorporativa\Sistemas\Scripts\Rodnei\EPC\trunk\Rohr.EPC.Web\Redirecionar.aspx.cs:linha 41;Rohr.EPC.Web.Redirecionar.Redirect;CalliEventHandlerDelegateProxy.Callback => Redirecionar.Page_Load => Redirecionar.Redirect;
Error;2017/07/19 12:01:57.292;Não foi possível recuperar a sessão do usuário;Rohr.EPC.Web.Redirecionar.Page_Load;Control.OnLoad => CalliEventHandlerDelegateProxy.Callback => Redirecionar.Page_Load;
Error;2017/07/19 12:01:57.334;Rohr.EPC.Business.MyException: Não foi possível recuperar a sessão do usuário
   em Rohr.EPC.Business.Util.GetSessaoUsuario() na R:\AdmCorporativa\Sistemas\Scripts\Rodnei\EPC\trunk\Rohr.EPC.Business\Util.cs:linha 27
   em Rohr.EPC.Business.AuditoriaLogBusiness.AdicionarLogLogout(HttpBrowserCapabilities browser) na R:\AdmCorporativa\Sistemas\Scripts\Rodnei\EPC\trunk\Rohr.EPC.Business\AuditoriaLogBusiness.cs:linha 35
   em Rohr.EPC.Web.Redirecionar.Redirect(String destino) na R:\AdmCorporativa\Sistemas\Scripts\Rodnei\EPC\trunk\Rohr.EPC.Web\Redirecionar.aspx.cs:linha 41;Rohr.EPC.Web.Redirecionar.Redirect;CalliEventHandlerDelegateProxy.Callback => Redirecionar.Page_Load => Redirecionar.Redirect;
Error;2017/07/19 12:02:17.949;Rohr.EPC.Business.MyException: Informe o número da oportunidade corretamente ;(
   em Rohr.EPC.Web.TermoAditivo.ValidarNumeroProposta() na R:\AdmCorporativa\Sistemas\Scripts\Rodnei\EPC\trunk\Rohr.EPC.Web\TermoAditivo.aspx.cs:linha 24
   em Rohr.EPC.Web.TermoAditivo.linkButtonPesquisar_Click(Object sender, EventArgs e) na R:\AdmCorporativa\Sistemas\Scripts\Rodnei\EPC\trunk\Rohr.EPC.Web\TermoAditivo.aspx.cs:linha 206;Rohr.EPC.Web.TermoAditivo.linkButtonPesquisar_Click;LinkButton.RaisePostBackEvent => LinkButton.OnClick => TermoAditivo.linkButtonPesquisar_Click;
Error;2017/07/19 12:02:22.233;Rohr.EPC.Business.MyException: Já existe um contrato associado a oportunidade pesquisada ;(
   em Rohr.EPC.Web.TermoAditivo.ValidarNumeroProposta() na R:\AdmCorporativa\Sistemas\Scripts\Rodnei\EPC\trunk\Rohr.EPC.Web\TermoAditivo.aspx.cs:linha 29
   em Rohr.EPC.Web.TermoAditivo.linkButtonPesquisar_Click(Object sender, EventArgs e) na R:\AdmCorporativa\Sistemas\Scripts\Rodnei\EPC\trunk\Rohr.EPC.Web\TermoAditivo.aspx.cs:linha 206;Rohr.EPC.Web.TermoAditivo.linkButtonPesquisar_Click;LinkButton.RaisePostBackEvent => LinkButton.OnClick => TermoAditivo.linkButtonPesquisar_Click;
Error;2017/07/19 12:04:19.650;Não foi possível recuperar a sessão do usuário;Rohr.EPC.Web.Redirecionar.Page_Load;Control.OnLoad => CalliEventHandlerDelegateProxy.Callback => Redirecionar.Page_Load;
Error;2017/07/19 12:04:19.709;Rohr.EPC.Business.MyException: Não foi possível recuperar a sessão do usuário
   em Rohr.EPC.Business.Util.GetSessaoUsuario() na R:\AdmCorporativa\Sistemas\Scripts\Rodnei\EPC\trunk\Rohr.EPC.Business\Util.cs:linha 27
   em Rohr.EPC.Business.AuditoriaLogBusiness.AdicionarLogLogout(HttpBrowserCapabilities browser) na R:\AdmCorporativa\Sistemas\Scripts\Rodnei\EPC\trunk\Rohr.EPC.Business\AuditoriaLogBusiness.cs:linha 35
   em Rohr.EPC.Web.Redirecionar.Redirect(String destino) na R:\AdmCorporativa\Sistemas\Scripts\Rodnei\EPC\trunk\Rohr.EPC.Web\Redirecionar.aspx.cs:linha 41;Rohr.EPC.Web.Redirecionar.Redirect;CalliEventHandlerDelegateProxy.Callback => Redirecionar.Page_Load => Redirecionar.Redirect;
Error;2017/07/19 12:05:23.861;Não foi possível recuperar a sessão do usuário;Rohr.EPC.Web.Redirecionar.Page_Load;Control.OnLoad => CalliEventHandlerDelegateProxy.Callback => Redirecionar.Page_Load;
Error;2017/07/19 12:05:23.899;Rohr.EPC.Business.MyException: Não foi possível recuperar a sessão do usuário
   em Rohr.EPC.Business.Util.GetSessaoUsuario() na R:\AdmCorporativa\Sistemas\Scripts\Rodnei\EPC\trunk\Rohr.EPC.Business\Util.cs:linha 27
   em Rohr.EPC.Business.AuditoriaLogBusiness.AdicionarLogLogout(HttpBrowserCapabilities browser) na R:\AdmCorporativa\Sistemas\Scripts\Rodnei\EPC\trunk\Rohr.EPC.Business\AuditoriaLogBusiness.cs:linha 35
   em Rohr.EPC.Web.Redirecionar.Redirect(String destino) na R:\AdmCorporativa\Sistemas\Scripts\Rodnei\EPC\trunk\Rohr.EPC.Web\Redirecionar.aspx.cs:linha 41;Rohr.EPC.Web.Redirecionar.Redirect;CalliEventHandlerDelegateProxy.Callback => Redirecionar.Page_Load => Redirecionar.Redirect;
Error;2017/07/19 12:16:37.137;Não foi possível recuperar a sessão do usuário;Rohr.EPC.Web.Redirecionar.Page_Load;Control.OnLoad => CalliEventHandlerDelegateProxy.Callback => Redirecionar.Page_Load;
Error;2017/07/19 12:16:37.178;Rohr.EPC.Business.MyException: Não foi possível recuperar a sessão do usuário
   em Rohr.EPC.Business.Util.GetSessaoUsuario() na R:\AdmCorporativa\Sistemas\Scripts\Rodnei\EPC\trunk\Rohr.EPC.Business\Util.cs:linha 27
   em Rohr.EPC.Business.AuditoriaLogBusiness.AdicionarLogLogout(HttpBrowserCapabilities browser) na R:\AdmCorporativa\Sistemas\Scripts\Rodnei\EPC\trunk\Rohr.EPC.Business\AuditoriaLogBusiness.cs:linha 35
   em Rohr.EPC.Web.Redirecionar.Redirect(String destino) na R:\AdmCorporativa\Sistemas\Scripts\Rodnei\EPC\trunk\Rohr.EPC.Web\Redirecionar.aspx.cs:linha 41;Rohr.EPC.Web.Redirecionar.Redirect;CalliEventHandlerDelegateProxy.Callback => Redirecionar.Page_Load => Redirecionar.Redirect;
Error;2017/07/19 12:18:27.109;Não foi possível recuperar a sessão do usuário;Rohr.EPC.Web.Redirecionar.Page_Load;Control.OnLoad => CalliEventHandlerDelegateProxy.Callback => Redirecionar.Page_Load;
Error;2017/07/19 12:18:27.157;Rohr.EPC.Business.MyException: Não foi possível recuperar a sessão do usuário
   em Rohr.EPC.Business.Util.GetSessaoUsuario() na R:\AdmCorporativa\Sistemas\Scripts\Rodnei\EPC\trunk\Rohr.EPC.Business\Util.cs:linha 27
   em Rohr.EPC.Business.AuditoriaLogBusiness.AdicionarLogLogout(HttpBrowserCapabilities browser) na R:\AdmCorporativa\Sistemas\Scripts\Rodnei\EPC\trunk\Rohr.EPC.Business\AuditoriaLogBusiness.cs:linha 35
   em Rohr.EPC.Web.Redirecionar.Redirect(String destino) na R:\AdmCorporativa\Sistemas\Scripts\Rodnei\EPC\trunk\Rohr.EPC.Web\Redirecionar.aspx.cs:linha 41;Rohr.EPC.Web.Redirecionar.Redirect;CalliEventHandlerDelegateProxy.Callback => Redirecionar.Page_Load => Redirecionar.Redirect;
Error;2017/07/19 12:19:25.413;Rohr.EPC.Business.MyException: Informe o número do Termo Aditivo corretamente (5 Digitos) ;(
   em Rohr.EPC.Web.TermoAditivo.ValidarNumeroProposta() na R:\AdmCorporativa\Sistemas\Scripts\Rodnei\EPC\trunk\Rohr.EPC.Web\TermoAditivo.aspx.cs:linha 24
   em Rohr.EPC.Web.TermoAditivo.linkButtonPesquisar_Click(Object sender, EventArgs e) na R:\AdmCorporativa\Sistemas\Scripts\Rodnei\EPC\trunk\Rohr.EPC.Web\TermoAditivo.aspx.cs:linha 197;Rohr.EPC.Web.TermoAditivo.linkButtonPesquisar_Click;LinkButton.RaisePostBackEvent => LinkButton.OnClick => TermoAditivo.linkButtonPesquisar_Click;
Error;2017/07/19 12:30:32.225;Não foi possível recuperar a sessão do usuário;Rohr.EPC.Web.Redirecionar.Page_Load;Control.OnLoad => CalliEventHandlerDelegateProxy.Callback => Redirecionar.Page_Load;
Error;2017/07/19 12:30:32.263;Rohr.EPC.Business.MyException: Não foi possível recuperar a sessão do usuário
   em Rohr.EPC.Business.Util.GetSessaoUsuario() na R:\AdmCorporativa\Sistemas\Scripts\Rodnei\EPC\trunk\Rohr.EPC.Business\Util.cs:linha 27
   em Rohr.EPC.Business.AuditoriaLogBusiness.AdicionarLogLogout(HttpBrowserCapabilities browser) na R:\AdmCorporativa\Sistemas\Scripts\Rodnei\EPC\trunk\Rohr.EPC.Business\AuditoriaLogBusiness.cs:linha 35
   em Rohr.EPC.Web.Redirecionar.Redirect(String destino) na R:\AdmCorporativa\Sistemas\Scripts\Rodnei\EPC\trunk\Rohr.EPC.Web\Redirecionar.aspx.cs:linha 41;Rohr.EPC.Web.Redirecionar.Redirect;CalliEventHandlerDelegateProxy.Callback => Redirecionar.Page_Load => Redirecionar.Redirect;
Error;2017/07/19 12:31:58.536;Não foi possível recuperar a sessão do usuário;Rohr.EPC.Web.Redirecionar.Page_Load;Control.OnLoad => CalliEventHandlerDelegateProxy.Callback => Redirecionar.Page_Load;
Error;2017/07/19 12:31:58.596;Rohr.EPC.Business.MyException: Não foi possível recuperar a sessão do usuário
   em Rohr.EPC.Business.Util.GetSessaoUsuario() na R:\AdmCorporativa\Sistemas\Scripts\Rodnei\EPC\trunk\Rohr.EPC.Business\Util.cs:linha 27
   em Rohr.EPC.Business.AuditoriaLogBusiness.AdicionarLogLogout(HttpBrowserCapabilities browser) na R:\AdmCorporativa\Sistemas\Scripts\Rodnei\EPC\trunk\Rohr.EPC.Business\AuditoriaLogBusiness.cs:linha 35
   em Rohr.EPC.Web.Redirecionar.Redirect(String destino) na R:\AdmCorporativa\Sistemas\Scripts\Rodnei\EPC\trunk\Rohr.EPC.Web\Redirecionar.aspx.cs:linha 41;Rohr.EPC.Web.Redirecionar.Redirect;CalliEventHandlerDelegateProxy.Callback => Redirecionar.Page_Load => Redirecionar.Redirect;
Error;2017/07/19 12:32:41.591;System.NullReferenceException: Referência de objeto não definida para uma instância de um objeto.
   em Rohr.EPC.Web.TermoAditivo.linkButtonPesquisar_Click(Object sender, EventArgs e) na R:\AdmCorporativa\Sistemas\Scripts\Rodnei\EPC\trunk\Rohr.EPC.Web\TermoAditivo.aspx.cs:linha 179;Rohr.EPC.Web.TermoAditivo.linkButtonPesquisar_Click;LinkButton.RaisePostBackEvent => LinkButton.OnClick => TermoAditivo.linkButtonPesquisar_Click;
Error;2017/07/19 12:32:43.670;System.NullReferenceException: Referência de objeto não definida para uma instância de um objeto.
   em Rohr.EPC.Web.TermoAditivo.linkButtonPesquisar_Click(Object sender, EventArgs e) na R:\AdmCorporativa\Sistemas\Scripts\Rodnei\EPC\trunk\Rohr.EPC.Web\TermoAditivo.aspx.cs:linha 179;Rohr.EPC.Web.TermoAditivo.linkButtonPesquisar_Click;LinkButton.RaisePostBackEvent => LinkButton.OnClick => TermoAditivo.linkButtonPesquisar_Click;
Error;2017/07/19 16:32:15.130;Não foi possível recuperar a sessão do usuário;Rohr.EPC.Web.Redirecionar.Page_Load;Control.OnLoad => CalliEventHandlerDelegateProxy.Callback => Redirecionar.Page_Load;
Error;2017/07/19 16:32:15.186;Rohr.EPC.Business.MyException: Não foi possível recuperar a sessão do usuário
   em Rohr.EPC.Business.Util.GetSessaoUsuario() na R:\AdmCorporativa\Sistemas\Scripts\Rodnei\EPC\trunk\Rohr.EPC.Business\Util.cs:linha 27
   em Rohr.EPC.Business.AuditoriaLogBusiness.AdicionarLogLogout(HttpBrowserCapabilities browser) na R:\AdmCorporativa\Sistemas\Scripts\Rodnei\EPC\trunk\Rohr.EPC.Business\AuditoriaLogBusiness.cs:linha 35
   em Rohr.EPC.Web.Redirecionar.Redirect(String destino) na R:\AdmCorporativa\Sistemas\Scripts\Rodnei\EPC\trunk\Rohr.EPC.Web\Redirecionar.aspx.cs:linha 41;Rohr.EPC.Web.Redirecionar.Redirect;CalliEventHandlerDelegateProxy.Callback => Redirecionar.Page_Load => Redirecionar.Redirect;
Error;2017/07/19 16:36:58.870;Não foi possível recuperar a sessão do usuário;Rohr.EPC.Web.Redirecionar.Page_Load;Control.OnLoad => CalliEventHandlerDelegateProxy.Callback => Redirecionar.Page_Load;
Error;2017/07/19 16:36:58.925;Rohr.EPC.Business.MyException: Não foi possível recuperar a sessão do usuário
   em Rohr.EPC.Business.Util.GetSessaoUsuario() na R:\AdmCorporativa\Sistemas\Scripts\Rodnei\EPC\trunk\Rohr.EPC.Business\Util.cs:linha 27
   em Rohr.EPC.Business.AuditoriaLogBusiness.AdicionarLogLogout(HttpBrowserCapabilities browser) na R:\AdmCorporativa\Sistemas\Scripts\Rodnei\EPC\trunk\Rohr.EPC.Business\AuditoriaLogBusiness.cs:linha 35
   em Rohr.EPC.Web.Redirecionar.Redirect(String destino) na R:\AdmCorporativa\Sistemas\Scripts\Rodnei\EPC\trunk\Rohr.EPC.Web\Redirecionar.aspx.cs:linha 41;Rohr.EPC.Web.Redirecionar.Redirect;CalliEventHandlerDelegateProxy.Callback => Redirecionar.Page_Load => Redirecionar.Redirect;
Error;2017/07/19 16:38:42.246;Não foi possível recuperar a sessão do usuário;Rohr.EPC.Web.Redirecionar.Page_Load;Control.OnLoad => CalliEventHandlerDelegateProxy.Callback => Redirecionar.Page_Load;
Error;2017/07/19 16:38:42.303;Rohr.EPC.Business.MyException: Não foi possível recuperar a sessão do usuário
   em Rohr.EPC.Business.Util.GetSessaoUsuario() na R:\AdmCorporativa\Sistemas\Scripts\Rodnei\EPC\trunk\Rohr.EPC.Business\Util.cs:linha 27
   em Rohr.EPC.Business.AuditoriaLogBusiness.AdicionarLogLogout(HttpBrowserCapabilities browser) na R:\AdmCorporativa\Sistemas\Scripts\Rodnei\EPC\trunk\Rohr.EPC.Business\AuditoriaLogBusiness.cs:linha 35
   em Rohr.EPC.Web.Redirecionar.Redirect(String destino) na R:\AdmCorporativa\Sistemas\Scripts\Rodnei\EPC\trunk\Rohr.EPC.Web\Redirecionar.aspx.cs:linha 41;Rohr.EPC.Web.Redirecionar.Redirect;CalliEventHandlerDelegateProxy.Callback => Redirecionar.Page_Load => Redirecionar.Redirect;
Error;2017/07/19 16:40:41.945;Não foi possível recuperar a sessão do usuário;Rohr.EPC.Web.Redirecionar.Page_Load;Control.OnLoad => CalliEventHandlerDelegateProxy.Callback => Redirecionar.Page_Load;
Error;2017/07/19 16:40:42.006;Rohr.EPC.Business.MyException: Não foi possível recuperar a sessão do usuário
   em Rohr.EPC.Business.Util.GetSessaoUsuario() na R:\AdmCorporativa\Sistemas\Scripts\Rodnei\EPC\trunk\Rohr.EPC.Business\Util.cs:linha 27
   em Rohr.EPC.Business.AuditoriaLogBusiness.AdicionarLogLogout(HttpBrowserCapabilities browser) na R:\AdmCorporativa\Sistemas\Scripts\Rodnei\EPC\trunk\Rohr.EPC.Business\AuditoriaLogBusiness.cs:linha 35
   em Rohr.EPC.Web.Redirecionar.Redirect(String destino) na R:\AdmCorporativa\Sistemas\Scripts\Rodnei\EPC\trunk\Rohr.EPC.Web\Redirecionar.aspx.cs:linha 41;Rohr.EPC.Web.Redirecionar.Redirect;CalliEventHandlerDelegateProxy.Callback => Redirecionar.Page_Load => Redirecionar.Redirect;
Error;2017/07/19 16:42:16.963;Não foi possível recuperar a sessão do usuário;Rohr.EPC.Web.Redirecionar.Page_Load;Control.OnLoad => CalliEventHandlerDelegateProxy.Callback => Redirecionar.Page_Load;
Error;2017/07/19 16:42:17.008;Rohr.EPC.Business.MyException: Não foi possível recuperar a sessão do usuário
   em Rohr.EPC.Business.Util.GetSessaoUsuario() na R:\AdmCorporativa\Sistemas\Scripts\Rodnei\EPC\trunk\Rohr.EPC.Business\Util.cs:linha 27
   em Rohr.EPC.Business.AuditoriaLogBusiness.AdicionarLogLogout(HttpBrowserCapabilities browser) na R:\AdmCorporativa\Sistemas\Scripts\Rodnei\EPC\trunk\Rohr.EPC.Business\AuditoriaLogBusiness.cs:linha 35
   em Rohr.EPC.Web.Redirecionar.Redirect(String destino) na R:\AdmCorporativa\Sistemas\Scripts\Rodnei\EPC\trunk\Rohr.EPC.Web\Redirecionar.aspx.cs:linha 41;Rohr.EPC.Web.Redirecionar.Redirect;CalliEventHandlerDelegateProxy.Callback => Redirecionar.Page_Load => Redirecionar.Redirect;
Error;2017/07/19 16:58:52.723;Não foi possível recuperar a sessão do usuário;Rohr.EPC.Web.Redirecionar.Page_Load;Control.OnLoad => CalliEventHandlerDelegateProxy.Callback => Redirecionar.Page_Load;
Error;2017/07/19 16:58:52.781;Rohr.EPC.Business.MyException: Não foi possível recuperar a sessão do usuário
   em Rohr.EPC.Business.Util.GetSessaoUsuario() na R:\AdmCorporativa\Sistemas\Scripts\Rodnei\EPC\trunk\Rohr.EPC.Business\Util.cs:linha 27
   em Rohr.EPC.Business.AuditoriaLogBusiness.AdicionarLogLogout(HttpBrowserCapabilities browser) na R:\AdmCorporativa\Sistemas\Scripts\Rodnei\EPC\trunk\Rohr.EPC.Business\AuditoriaLogBusiness.cs:linha 35
   em Rohr.EPC.Web.Redirecionar.Redirect(String destino) na R:\AdmCorporativa\Sistemas\Scripts\Rodnei\EPC\trunk\Rohr.EPC.Web\Redirecionar.aspx.cs:linha 41;Rohr.EPC.Web.Redirecionar.Redirect;CalliEventHandlerDelegateProxy.Callback => Redirecionar.Page_Load => Redirecionar.Redirect;
Error;2017/07/19 17:06:28.988;Não foi possível recuperar a sessão do usuário;Rohr.EPC.Web.Redirecionar.Page_Load;Control.OnLoad => CalliEventHandlerDelegateProxy.Callback => Redirecionar.Page_Load;
Error;2017/07/19 17:06:29.024;Rohr.EPC.Business.MyException: Não foi possível recuperar a sessão do usuário
   em Rohr.EPC.Business.Util.GetSessaoUsuario() na R:\AdmCorporativa\Sistemas\Scripts\Rodnei\EPC\trunk\Rohr.EPC.Business\Util.cs:linha 27
   em Rohr.EPC.Business.AuditoriaLogBusiness.AdicionarLogLogout(HttpBrowserCapabilities browser) na R:\AdmCorporativa\Sistemas\Scripts\Rodnei\EPC\trunk\Rohr.EPC.Business\AuditoriaLogBusiness.cs:linha 35
   em Rohr.EPC.Web.Redirecionar.Redirect(String destino) na R:\AdmCorporativa\Sistemas\Scripts\Rodnei\EPC\trunk\Rohr.EPC.Web\Redirecionar.aspx.cs:linha 41;Rohr.EPC.Web.Redirecionar.Redirect;CalliEventHandlerDelegateProxy.Callback => Redirecionar.Page_Load => Redirecionar.Redirect;
Error;2017/07/19 17:19:59.355;Não foi possível recuperar a sessão do usuário;Rohr.EPC.Web.Redirecionar.Page_Load;Control.OnLoad => CalliEventHandlerDelegateProxy.Callback => Redirecionar.Page_Load;
Error;2017/07/19 17:19:59.404;Rohr.EPC.Business.MyException: Não foi possível recuperar a sessão do usuário
   em Rohr.EPC.Business.Util.GetSessaoUsuario() na R:\AdmCorporativa\Sistemas\Scripts\Rodnei\EPC\trunk\Rohr.EPC.Business\Util.cs:linha 27
   em Rohr.EPC.Business.AuditoriaLogBusiness.AdicionarLogLogout(HttpBrowserCapabilities browser) na R:\AdmCorporativa\Sistemas\Scripts\Rodnei\EPC\trunk\Rohr.EPC.Business\AuditoriaLogBusiness.cs:linha 35
   em Rohr.EPC.Web.Redirecionar.Redirect(String destino) na R:\AdmCorporativa\Sistemas\Scripts\Rodnei\EPC\trunk\Rohr.EPC.Web\Redirecionar.aspx.cs:linha 41;Rohr.EPC.Web.Redirecionar.Redirect;CalliEventHandlerDelegateProxy.Callback => Redirecionar.Page_Load => Redirecionar.Redirect;
Error;2017/07/19 17:23:51.880;Não foi possível recuperar a sessão do usuário;Rohr.EPC.Web.Redirecionar.Page_Load;Control.OnLoad => CalliEventHandlerDelegateProxy.Callback => Redirecionar.Page_Load;
Error;2017/07/19 17:23:51.935;Rohr.EPC.Business.MyException: Não foi possível recuperar a sessão do usuário
   em Rohr.EPC.Business.Util.GetSessaoUsuario() na R:\AdmCorporativa\Sistemas\Scripts\Rodnei\EPC\trunk\Rohr.EPC.Business\Util.cs:linha 27
   em Rohr.EPC.Business.AuditoriaLogBusiness.AdicionarLogLogout(HttpBrowserCapabilities browser) na R:\AdmCorporativa\Sistemas\Scripts\Rodnei\EPC\trunk\Rohr.EPC.Business\AuditoriaLogBusiness.cs:linha 35
   em Rohr.EPC.Web.Redirecionar.Redirect(String destino) na R:\AdmCorporativa\Sistemas\Scripts\Rodnei\EPC\trunk\Rohr.EPC.Web\Redirecionar.aspx.cs:linha 41;Rohr.EPC.Web.Redirecionar.Redirect;CalliEventHandlerDelegateProxy.Callback => Redirecionar.Page_Load => Redirecionar.Redirect;
Error;2017/07/19 17:25:28.982;System.NullReferenceException: Referência de objeto não definida para uma instância de um objeto.
   em Rohr.EPC.Web.Variaveis.Page_Load(Object sender, EventArgs e) na R:\AdmCorporativa\Sistemas\Scripts\Rodnei\EPC\trunk\Rohr.EPC.Web\Variaveis.aspx.cs:linha 583;Rohr.EPC.Web.Variaveis.Page_Load;Control.OnLoad => CalliEventHandlerDelegateProxy.Callback => Variaveis.Page_Load;
Error;2017/07/19 17:28:20.117;Não foi possível recuperar a sessão do usuário;Rohr.EPC.Web.Redirecionar.Page_Load;Control.OnLoad => CalliEventHandlerDelegateProxy.Callback => Redirecionar.Page_Load;
Error;2017/07/19 17:28:20.173;Rohr.EPC.Business.MyException: Não foi possível recuperar a sessão do usuário
   em Rohr.EPC.Business.Util.GetSessaoUsuario() na R:\AdmCorporativa\Sistemas\Scripts\Rodnei\EPC\trunk\Rohr.EPC.Business\Util.cs:linha 27
   em Rohr.EPC.Business.AuditoriaLogBusiness.AdicionarLogLogout(HttpBrowserCapabilities browser) na R:\AdmCorporativa\Sistemas\Scripts\Rodnei\EPC\trunk\Rohr.EPC.Business\AuditoriaLogBusiness.cs:linha 35
   em Rohr.EPC.Web.Redirecionar.Redirect(String destino) na R:\AdmCorporativa\Sistemas\Scripts\Rodnei\EPC\trunk\Rohr.EPC.Web\Redirecionar.aspx.cs:linha 41;Rohr.EPC.Web.Redirecionar.Redirect;CalliEventHandlerDelegateProxy.Callback => Redirecionar.Page_Load => Redirecionar.Redirect;
