Error;2017/05/10 17:08:43.303;Não foi possível recuperar a sessão do usuário;Rohr.EPC.Web.Redirecionar.Page_Load;Control.OnLoad => CalliEventHandlerDelegateProxy.Callback => Redirecionar.Page_Load;
Error;2017/05/10 17:08:43.366;Rohr.EPC.Business.MyException: Não foi possível recuperar a sessão do usuário
   em Rohr.EPC.Business.Util.GetSessaoUsuario() na C:\Users\rafael.marques\BKP_RAFAEL\Desktop\EPC2\trunk\Rohr.EPC.Business\Util.cs:linha 27
   em Rohr.EPC.Business.AuditoriaLogBusiness.AdicionarLogLogout(HttpBrowserCapabilities browser) na C:\Users\rafael.marques\BKP_RAFAEL\Desktop\EPC2\trunk\Rohr.EPC.Business\AuditoriaLogBusiness.cs:linha 35
   em Rohr.EPC.Web.Redirecionar.Redirect(String destino) na C:\Users\rafael.marques\BKP_RAFAEL\Desktop\EPC2\trunk\Rohr.EPC.Web\Redirecionar.aspx.cs:linha 41;Rohr.EPC.Web.Redirecionar.Redirect;CalliEventHandlerDelegateProxy.Callback => Redirecionar.Page_Load => Redirecionar.Redirect;
Error;2017/05/10 17:22:42.057;System.InvalidOperationException: Tempo limite expirado. O período de tempo limite foi atingido antes que fosse obtida uma conexão do pool. Isso pode ter ocorrido porque todas as conexões do pool estavam em uso e o tamanho máximo do pool foi atingido.
   em System.Data.ProviderBase.DbConnectionFactory.TryGetConnection(DbConnection owningConnection, TaskCompletionSource`1 retry, DbConnectionOptions userOptions, DbConnectionInternal oldConnection, DbConnectionInternal& connection)
   em System.Data.ProviderBase.DbConnectionInternal.TryOpenConnectionInternal(DbConnection outerConnection, DbConnectionFactory connectionFactory, TaskCompletionSource`1 retry, DbConnectionOptions userOptions)
   em System.Data.ProviderBase.DbConnectionClosed.TryOpenConnection(DbConnection outerConnection, DbConnectionFactory connectionFactory, TaskCompletionSource`1 retry, DbConnectionOptions userOptions)
   em System.Data.SqlClient.SqlConnection.TryOpenInner(TaskCompletionSource`1 retry)
   em System.Data.SqlClient.SqlConnection.TryOpen(TaskCompletionSource`1 retry)
   em System.Data.SqlClient.SqlConnection.Open()
   em Rohr.Data.DbGerenciador.PegarConexao(String nomeConexao, String servidor) na C:\Users\rafael.marques\BKP_RAFAEL\Desktop\EPC2\trunk\Rohr.Data\DbGerenciador.cs:linha 19
   em Rohr.Data.DbGerenciador.PegarConexao(String nomeConexao) na C:\Users\rafael.marques\BKP_RAFAEL\Desktop\EPC2\trunk\Rohr.Data\DbGerenciador.cs:linha 12
   em Rohr.Data.DbHelper..ctor(String nomeConexao) na C:\Users\rafael.marques\BKP_RAFAEL\Desktop\EPC2\trunk\Rohr.Data\DbHelper.cs:linha 12
   em Rohr.PMWeb.ItemObjetoOrcamento..ctor() na C:\Users\rafael.marques\BKP_RAFAEL\Desktop\EPC2\trunk\Rohr.PMWeb\ItemObjetoOrcamento.cs:linha 10
   em Rohr.PMWeb.ItemObjetoOrcamento.ObterItemObjetoOrcamento(Int32 idObjetoOrcamento) na C:\Users\rafael.marques\BKP_RAFAEL\Desktop\EPC2\trunk\Rohr.PMWeb\ItemObjetoOrcamento.cs:linha 42
   em Rohr.PMWeb.ObjetoOrcamento.ObterObjetoOrcamento(Int32 estimateId) na C:\Users\rafael.marques\BKP_RAFAEL\Desktop\EPC2\trunk\Rohr.PMWeb\ObjetoOrcamento.cs:linha 50
   em Rohr.EPC.Web.Objeto.CarregarObjeto() na C:\Users\rafael.marques\BKP_RAFAEL\Desktop\EPC2\trunk\Rohr.EPC.Web\Objeto.aspx.cs:linha 197
   em Rohr.EPC.Web.Objeto.Page_Load(Object sender, EventArgs e) na C:\Users\rafael.marques\BKP_RAFAEL\Desktop\EPC2\trunk\Rohr.EPC.Web\Objeto.aspx.cs:linha 37;Rohr.EPC.Web.Objeto.Page_Load;Control.OnLoad => CalliEventHandlerDelegateProxy.Callback => Objeto.Page_Load;
Error;2017/05/10 17:22:49.821;System.InvalidOperationException: Tempo limite expirado. O período de tempo limite foi atingido antes que fosse obtida uma conexão do pool. Isso pode ter ocorrido porque todas as conexões do pool estavam em uso e o tamanho máximo do pool foi atingido.
   em System.Data.ProviderBase.DbConnectionFactory.TryGetConnection(DbConnection owningConnection, TaskCompletionSource`1 retry, DbConnectionOptions userOptions, DbConnectionInternal oldConnection, DbConnectionInternal& connection)
   em System.Data.ProviderBase.DbConnectionInternal.TryOpenConnectionInternal(DbConnection outerConnection, DbConnectionFactory connectionFactory, TaskCompletionSource`1 retry, DbConnectionOptions userOptions)
   em System.Data.ProviderBase.DbConnectionClosed.TryOpenConnection(DbConnection outerConnection, DbConnectionFactory connectionFactory, TaskCompletionSource`1 retry, DbConnectionOptions userOptions)
   em System.Data.SqlClient.SqlConnection.TryOpenInner(TaskCompletionSource`1 retry)
   em System.Data.SqlClient.SqlConnection.TryOpen(TaskCompletionSource`1 retry)
   em System.Data.SqlClient.SqlConnection.Open()
   em Rohr.Data.DbGerenciador.PegarConexao(String nomeConexao, String servidor) na C:\Users\rafael.marques\BKP_RAFAEL\Desktop\EPC2\trunk\Rohr.Data\DbGerenciador.cs:linha 19
   em Rohr.Data.DbGerenciador.PegarConexao(String nomeConexao) na C:\Users\rafael.marques\BKP_RAFAEL\Desktop\EPC2\trunk\Rohr.Data\DbGerenciador.cs:linha 12
   em Rohr.Data.DbHelper..ctor(String nomeConexao) na C:\Users\rafael.marques\BKP_RAFAEL\Desktop\EPC2\trunk\Rohr.Data\DbHelper.cs:linha 12
   em Rohr.PMWeb.DocumentTodoList..ctor() na C:\Users\rafael.marques\BKP_RAFAEL\Desktop\EPC2\trunk\Rohr.PMWeb\DocumentTodoList.cs:linha 10
   em Rohr.EPC.Business.DocumentoBusiness.VerificarPropostaFechadaPMWeb(Documento documento) na C:\Users\rafael.marques\BKP_RAFAEL\Desktop\EPC2\trunk\Rohr.EPC.Business\DocumentoBusiness.cs:linha 266
   em Rohr.EPC.Web.Partes.Page_Load(Object sender, EventArgs e) na C:\Users\rafael.marques\BKP_RAFAEL\Desktop\EPC2\trunk\Rohr.EPC.Web\Partes.aspx.cs:linha 154;Rohr.EPC.Web.Partes.Page_Load;Control.OnLoad => CalliEventHandlerDelegateProxy.Callback => Partes.Page_Load;
Error;2017/05/10 17:23:12.127;System.IndexOutOfRangeException: Observacao
   em System.Data.ProviderBase.FieldNameLookup.GetOrdinal(String fieldName)
   em System.Data.SqlClient.SqlDataReader.GetOrdinal(String name)
   em System.Data.SqlClient.SqlDataReader.get_Item(String name)
   em Rohr.EPC.DAL.DocumentoResumoDAO.ObterUltimoResumo(Int32 idDocumento) na C:\Users\rafael.marques\BKP_RAFAEL\Desktop\EPC2\trunk\Rohr.EPC.DAL\DocumentoResumoDAO.cs:linha 50
   em Rohr.EPC.Business.DocumentoResumoBusiness.ObterUltimoResumo(Int32 idDocumento) na C:\Users\rafael.marques\BKP_RAFAEL\Desktop\EPC2\trunk\Rohr.EPC.Business\DocumentoResumoBusiness.cs:linha 21
   em Rohr.EPC.Web.Resumo.CarregarResumoProposta(Documento documento) na C:\Users\rafael.marques\BKP_RAFAEL\Desktop\EPC2\trunk\Rohr.EPC.Web\Resumo.aspx.cs:linha 126
   em Rohr.EPC.Web.Resumo.Page_Load(Object sender, EventArgs e) na C:\Users\rafael.marques\BKP_RAFAEL\Desktop\EPC2\trunk\Rohr.EPC.Web\Resumo.aspx.cs:linha 52;Rohr.EPC.Web.Resumo.Page_Load;Control.OnLoad => CalliEventHandlerDelegateProxy.Callback => Resumo.Page_Load;
Error;2017/05/10 17:23:33.962;Rohr.EPC.Business.MyException: Selecione um documento por vez para executar a próxima ação.
   em Rohr.EPC.Web.MasterPage.MasterDefault.ObterProximaAcao(Boolean visualizarWorkflow) na C:\Users\rafael.marques\BKP_RAFAEL\Desktop\EPC2\trunk\Rohr.EPC.Web\MasterPage\MasterDefault.Master.cs:linha 546
   em Rohr.EPC.Web.MasterPage.MasterDefault.btnMenu_Click(Object sender, EventArgs e) na C:\Users\rafael.marques\BKP_RAFAEL\Desktop\EPC2\trunk\Rohr.EPC.Web\MasterPage\MasterDefault.Master.cs:linha 80;Rohr.EPC.Web.MasterPage.MasterDefault.btnMenu_Click;LinkButton.RaisePostBackEvent => LinkButton.OnClick => MasterDefault.btnMenu_Click;
