Error;2017/04/12 11:07:25.819;System.NullReferenceException: Referência de objeto não definida para uma instância de um objeto.
   em Rohr.EPC.Web.BaixarDocumento.GerarPdf(Documento documento, Int32 idPerfilAtivo, HttpContext context, Int32 idUsuario) na C:\Users\rafael.marques\BKP_RAFAEL\Desktop\EPC2\trunk\Rohr.EPC.Web\BaixarDocumento.ashx.cs:linha 60
   em Rohr.EPC.Web.BaixarDocumento.ProcessRequest(HttpContext context) na C:\Users\rafael.marques\BKP_RAFAEL\Desktop\EPC2\trunk\Rohr.EPC.Web\BaixarDocumento.ashx.cs:linha 44;Rohr.EPC.Web.BaixarDocumento.ProcessRequest;HttpApplication.ExecuteStep => CallHandlerExecutionStep.System.Web.HttpApplication.IExecutionStep.Execute => BaixarDocumento.ProcessRequest;
Error;2017/04/12 15:02:59.747;Rohr.EPC.Business.MyException: Nenhum documento selecionado.
   em Rohr.EPC.Web.MasterPage.MasterDefault.GerarPdf() na C:\Users\rafael.marques\BKP_RAFAEL\Desktop\EPC2\trunk\Rohr.EPC.Web\MasterPage\MasterDefault.Master.cs:linha 651
   em Rohr.EPC.Web.MasterPage.MasterDefault.btnMenu_Click(Object sender, EventArgs e) na C:\Users\rafael.marques\BKP_RAFAEL\Desktop\EPC2\trunk\Rohr.EPC.Web\MasterPage\MasterDefault.Master.cs:linha 82;Rohr.EPC.Web.MasterPage.MasterDefault.btnMenu_Click;LinkButton.RaisePostBackEvent => LinkButton.OnClick => MasterDefault.btnMenu_Click;
Error;2017/04/12 17:12:47.973;System.FormatException: A cadeia de caracteres de entrada não estava em um formato correto.
   em System.Text.StringBuilder.AppendFormatHelper(IFormatProvider provider, String format, ParamsArray args)
   em System.String.FormatHelper(IFormatProvider provider, String format, ParamsArray args)
   em System.String.Format(String format, Object[] args)
   em Rohr.EPC.Business.PdfBusiness.GerarRodape(Documento documento, Int32 idUsuario) na C:\Users\rafael.marques\BKP_RAFAEL\Desktop\EPC2\trunk\Rohr.EPC.Business\PdfBusiness.cs:linha 242
   em Rohr.EPC.Business.PdfBusiness.GerarPdf(Documento documento, Int32 idPerfil, Int32 idUsuario) na C:\Users\rafael.marques\BKP_RAFAEL\Desktop\EPC2\trunk\Rohr.EPC.Business\PdfBusiness.cs:linha 97
   em Rohr.EPC.Web.BaixarDocumento.GerarPdf(Documento documento, Int32 idPerfilAtivo, HttpContext context, Int32 idUsuario) na C:\Users\rafael.marques\BKP_RAFAEL\Desktop\EPC2\trunk\Rohr.EPC.Web\BaixarDocumento.ashx.cs:linha 74
   em Rohr.EPC.Web.BaixarDocumento.ProcessRequest(HttpContext context) na C:\Users\rafael.marques\BKP_RAFAEL\Desktop\EPC2\trunk\Rohr.EPC.Web\BaixarDocumento.ashx.cs:linha 44;Rohr.EPC.Web.BaixarDocumento.ProcessRequest;HttpApplication.ExecuteStep => CallHandlerExecutionStep.System.Web.HttpApplication.IExecutionStep.Execute => BaixarDocumento.ProcessRequest;
Error;2017/04/12 17:13:07.160;System.FormatException: A cadeia de caracteres de entrada não estava em um formato correto.
   em System.Text.StringBuilder.AppendFormatHelper(IFormatProvider provider, String format, ParamsArray args)
   em System.String.FormatHelper(IFormatProvider provider, String format, ParamsArray args)
   em System.String.Format(String format, Object[] args)
   em Rohr.EPC.Business.PdfBusiness.GerarRodape(Documento documento, Int32 idUsuario) na C:\Users\rafael.marques\BKP_RAFAEL\Desktop\EPC2\trunk\Rohr.EPC.Business\PdfBusiness.cs:linha 242
   em Rohr.EPC.Business.PdfBusiness.GerarPdf(Documento documento, Int32 idPerfil, Int32 idUsuario) na C:\Users\rafael.marques\BKP_RAFAEL\Desktop\EPC2\trunk\Rohr.EPC.Business\PdfBusiness.cs:linha 97
   em Rohr.EPC.Web.BaixarDocumento.GerarPdf(Documento documento, Int32 idPerfilAtivo, HttpContext context, Int32 idUsuario) na C:\Users\rafael.marques\BKP_RAFAEL\Desktop\EPC2\trunk\Rohr.EPC.Web\BaixarDocumento.ashx.cs:linha 74
   em Rohr.EPC.Web.BaixarDocumento.ProcessRequest(HttpContext context) na C:\Users\rafael.marques\BKP_RAFAEL\Desktop\EPC2\trunk\Rohr.EPC.Web\BaixarDocumento.ashx.cs:linha 44;Rohr.EPC.Web.BaixarDocumento.ProcessRequest;HttpApplication.ExecuteStep => CallHandlerExecutionStep.System.Web.HttpApplication.IExecutionStep.Execute => BaixarDocumento.ProcessRequest;
Error;2017/04/12 17:19:06.802;System.FormatException: A cadeia de caracteres de entrada não estava em um formato correto.
   em System.Text.StringBuilder.AppendFormatHelper(IFormatProvider provider, String format, ParamsArray args)
   em System.String.FormatHelper(IFormatProvider provider, String format, ParamsArray args)
   em System.String.Format(String format, Object[] args)
   em Rohr.EPC.Business.PdfBusiness.GerarRodape(Documento documento, Int32 idUsuario) na C:\Users\rafael.marques\BKP_RAFAEL\Desktop\EPC2\trunk\Rohr.EPC.Business\PdfBusiness.cs:linha 242
   em Rohr.EPC.Business.PdfBusiness.GerarPdf(Documento documento, Int32 idPerfil, Int32 idUsuario) na C:\Users\rafael.marques\BKP_RAFAEL\Desktop\EPC2\trunk\Rohr.EPC.Business\PdfBusiness.cs:linha 97
   em Rohr.EPC.Web.BaixarDocumento.GerarPdf(Documento documento, Int32 idPerfilAtivo, HttpContext context, Int32 idUsuario) na C:\Users\rafael.marques\BKP_RAFAEL\Desktop\EPC2\trunk\Rohr.EPC.Web\BaixarDocumento.ashx.cs:linha 74
   em Rohr.EPC.Web.BaixarDocumento.ProcessRequest(HttpContext context) na C:\Users\rafael.marques\BKP_RAFAEL\Desktop\EPC2\trunk\Rohr.EPC.Web\BaixarDocumento.ashx.cs:linha 44;Rohr.EPC.Web.BaixarDocumento.ProcessRequest;HttpApplication.ExecuteStep => CallHandlerExecutionStep.System.Web.HttpApplication.IExecutionStep.Execute => BaixarDocumento.ProcessRequest;
