Error;2017/04/19 10:35:22.437;System.Exception: Orçamento não encontrado no PMWeb. Verifique se o orçamento está marcado como valido :(
   em Rohr.PMWeb.Estimates.ObterEstimate(Int32 idEstimate) na C:\Users\rafael.marques\BKP_RAFAEL\Desktop\EPC2\trunk\Rohr.PMWeb\Estimates.cs:linha 67
   em Rohr.EPC.Web.Variaveis.btnContinuar_Click(Object sender, EventArgs e) na C:\Users\rafael.marques\BKP_RAFAEL\Desktop\EPC2\trunk\Rohr.EPC.Web\Variaveis.aspx.cs:linha 676;Rohr.EPC.Web.Variaveis.btnContinuar_Click;Button.RaisePostBackEvent => Button.OnClick => Variaveis.btnContinuar_Click;
Error;2017/04/19 11:07:04.004;Rohr.EPC.Business.MyException: Não foi possível recuperar a sessão documento
   em Rohr.EPC.Business.Util.GetSessaoDocumento() na C:\Users\rafael.marques\BKP_RAFAEL\Desktop\EPC2\trunk\Rohr.EPC.Business\Util.cs:linha 43
   em Rohr.EPC.Web.Resumo.Page_Load(Object sender, EventArgs e) na C:\Users\rafael.marques\BKP_RAFAEL\Desktop\EPC2\trunk\Rohr.EPC.Web\Resumo.aspx.cs:linha 29;Rohr.EPC.Web.Resumo.Page_Load;Control.OnLoad => CalliEventHandlerDelegateProxy.Callback => Resumo.Page_Load;
Error;2017/04/19 11:07:04.099;Rohr.EPC.Business.MyException: Não foi possível recuperar a sessão do usuário
   em Rohr.EPC.Business.Util.GetSessaoUsuario() na C:\Users\rafael.marques\BKP_RAFAEL\Desktop\EPC2\trunk\Rohr.EPC.Business\Util.cs:linha 27
   em Rohr.EPC.Web.MasterPage.MasterDefault.Page_Load(Object sender, EventArgs e) na C:\Users\rafael.marques\BKP_RAFAEL\Desktop\EPC2\trunk\Rohr.EPC.Web\MasterPage\MasterDefault.Master.cs:linha 22;Rohr.EPC.Web.MasterPage.MasterDefault.Page_Load;Control.OnLoad => CalliEventHandlerDelegateProxy.Callback => MasterDefault.Page_Load;
Error;2017/04/19 11:07:19.947;System.Exception: Orçamento não encontrado no PMWeb. Verifique se o orçamento está marcado como valido :(
   em Rohr.PMWeb.Estimates.ObterEstimate(Int32 idEstimate) na C:\Users\rafael.marques\BKP_RAFAEL\Desktop\EPC2\trunk\Rohr.PMWeb\Estimates.cs:linha 67
   em Rohr.EPC.Web.Variaveis.btnContinuar_Click(Object sender, EventArgs e) na C:\Users\rafael.marques\BKP_RAFAEL\Desktop\EPC2\trunk\Rohr.EPC.Web\Variaveis.aspx.cs:linha 676;Rohr.EPC.Web.Variaveis.btnContinuar_Click;Button.RaisePostBackEvent => Button.OnClick => Variaveis.btnContinuar_Click;
Error;2017/04/19 11:16:03.311;Rohr.EPC.Business.MyException: Não foi possível recuperar a sessão documento
   em Rohr.EPC.Business.Util.GetSessaoDocumento() na C:\Users\rafael.marques\BKP_RAFAEL\Desktop\EPC2\trunk\Rohr.EPC.Business\Util.cs:linha 43
   em Rohr.EPC.Web.Resumo.Page_Load(Object sender, EventArgs e) na C:\Users\rafael.marques\BKP_RAFAEL\Desktop\EPC2\trunk\Rohr.EPC.Web\Resumo.aspx.cs:linha 29;Rohr.EPC.Web.Resumo.Page_Load;Control.OnLoad => CalliEventHandlerDelegateProxy.Callback => Resumo.Page_Load;
Error;2017/04/19 11:16:03.573;Rohr.EPC.Business.MyException: Não foi possível recuperar a sessão do usuário
   em Rohr.EPC.Business.Util.GetSessaoUsuario() na C:\Users\rafael.marques\BKP_RAFAEL\Desktop\EPC2\trunk\Rohr.EPC.Business\Util.cs:linha 27
   em Rohr.EPC.Web.MasterPage.MasterDefault.Page_Load(Object sender, EventArgs e) na C:\Users\rafael.marques\BKP_RAFAEL\Desktop\EPC2\trunk\Rohr.EPC.Web\MasterPage\MasterDefault.Master.cs:linha 22;Rohr.EPC.Web.MasterPage.MasterDefault.Page_Load;Control.OnLoad => CalliEventHandlerDelegateProxy.Callback => MasterDefault.Page_Load;
Error;2017/04/19 11:16:53.057;System.Exception: Orçamento não encontrado no PMWeb. Verifique se o orçamento está marcado como valido :(
   em Rohr.PMWeb.Estimates.ObterEstimate(Int32 idEstimate) na C:\Users\rafael.marques\BKP_RAFAEL\Desktop\EPC2\trunk\Rohr.PMWeb\Estimates.cs:linha 67
   em Rohr.EPC.Web.Variaveis.btnContinuar_Click(Object sender, EventArgs e) na C:\Users\rafael.marques\BKP_RAFAEL\Desktop\EPC2\trunk\Rohr.EPC.Web\Variaveis.aspx.cs:linha 676;Rohr.EPC.Web.Variaveis.btnContinuar_Click;Button.RaisePostBackEvent => Button.OnClick => Variaveis.btnContinuar_Click;
Error;2017/04/19 11:23:06.113;Rohr.EPC.Business.MyException: Não foi possível recuperar a sessão documento
   em Rohr.EPC.Business.Util.GetSessaoDocumento() na C:\Users\rafael.marques\BKP_RAFAEL\Desktop\EPC2\trunk\Rohr.EPC.Business\Util.cs:linha 43
   em Rohr.EPC.Web.Resumo.Page_Load(Object sender, EventArgs e) na C:\Users\rafael.marques\BKP_RAFAEL\Desktop\EPC2\trunk\Rohr.EPC.Web\Resumo.aspx.cs:linha 29;Rohr.EPC.Web.Resumo.Page_Load;Control.OnLoad => CalliEventHandlerDelegateProxy.Callback => Resumo.Page_Load;
Error;2017/04/19 11:23:06.212;Rohr.EPC.Business.MyException: Não foi possível recuperar a sessão do usuário
   em Rohr.EPC.Business.Util.GetSessaoUsuario() na C:\Users\rafael.marques\BKP_RAFAEL\Desktop\EPC2\trunk\Rohr.EPC.Business\Util.cs:linha 27
   em Rohr.EPC.Web.MasterPage.MasterDefault.Page_Load(Object sender, EventArgs e) na C:\Users\rafael.marques\BKP_RAFAEL\Desktop\EPC2\trunk\Rohr.EPC.Web\MasterPage\MasterDefault.Master.cs:linha 22;Rohr.EPC.Web.MasterPage.MasterDefault.Page_Load;Control.OnLoad => CalliEventHandlerDelegateProxy.Callback => MasterDefault.Page_Load;
Error;2017/04/19 11:27:38.850;Rohr.EPC.Business.MyException: Não foi possível recuperar a sessão documento
   em Rohr.EPC.Business.Util.GetSessaoDocumento() na C:\Users\rafael.marques\BKP_RAFAEL\Desktop\EPC2\trunk\Rohr.EPC.Business\Util.cs:linha 43
   em Rohr.EPC.Web.Resumo.Page_Load(Object sender, EventArgs e) na C:\Users\rafael.marques\BKP_RAFAEL\Desktop\EPC2\trunk\Rohr.EPC.Web\Resumo.aspx.cs:linha 29;Rohr.EPC.Web.Resumo.Page_Load;Control.OnLoad => CalliEventHandlerDelegateProxy.Callback => Resumo.Page_Load;
Error;2017/04/19 11:27:38.988;Rohr.EPC.Business.MyException: Não foi possível recuperar a sessão do usuário
   em Rohr.EPC.Business.Util.GetSessaoUsuario() na C:\Users\rafael.marques\BKP_RAFAEL\Desktop\EPC2\trunk\Rohr.EPC.Business\Util.cs:linha 27
   em Rohr.EPC.Web.MasterPage.MasterDefault.Page_Load(Object sender, EventArgs e) na C:\Users\rafael.marques\BKP_RAFAEL\Desktop\EPC2\trunk\Rohr.EPC.Web\MasterPage\MasterDefault.Master.cs:linha 22;Rohr.EPC.Web.MasterPage.MasterDefault.Page_Load;Control.OnLoad => CalliEventHandlerDelegateProxy.Callback => MasterDefault.Page_Load;
Error;2017/04/19 11:30:52.915;Rohr.EPC.Business.MyException: Não foi possível recuperar a sessão documento
   em Rohr.EPC.Business.Util.GetSessaoDocumento() na C:\Users\rafael.marques\BKP_RAFAEL\Desktop\EPC2\trunk\Rohr.EPC.Business\Util.cs:linha 43
   em Rohr.EPC.Web.Resumo.Page_Load(Object sender, EventArgs e) na C:\Users\rafael.marques\BKP_RAFAEL\Desktop\EPC2\trunk\Rohr.EPC.Web\Resumo.aspx.cs:linha 28;Rohr.EPC.Web.Resumo.Page_Load;Control.OnLoad => CalliEventHandlerDelegateProxy.Callback => Resumo.Page_Load;
Error;2017/04/19 11:30:53.002;Rohr.EPC.Business.MyException: Não foi possível recuperar a sessão do usuário
   em Rohr.EPC.Business.Util.GetSessaoUsuario() na C:\Users\rafael.marques\BKP_RAFAEL\Desktop\EPC2\trunk\Rohr.EPC.Business\Util.cs:linha 27
   em Rohr.EPC.Web.MasterPage.MasterDefault.Page_Load(Object sender, EventArgs e) na C:\Users\rafael.marques\BKP_RAFAEL\Desktop\EPC2\trunk\Rohr.EPC.Web\MasterPage\MasterDefault.Master.cs:linha 22;Rohr.EPC.Web.MasterPage.MasterDefault.Page_Load;Control.OnLoad => CalliEventHandlerDelegateProxy.Callback => MasterDefault.Page_Load;
Error;2017/04/19 11:33:50.189;Rohr.EPC.Business.MyException: Não foi possível recuperar a sessão documento
   em Rohr.EPC.Business.Util.GetSessaoDocumento() na C:\Users\rafael.marques\BKP_RAFAEL\Desktop\EPC2\trunk\Rohr.EPC.Business\Util.cs:linha 43
   em Rohr.EPC.Web.Resumo.Page_Load(Object sender, EventArgs e) na C:\Users\rafael.marques\BKP_RAFAEL\Desktop\EPC2\trunk\Rohr.EPC.Web\Resumo.aspx.cs:linha 28;Rohr.EPC.Web.Resumo.Page_Load;Control.OnLoad => CalliEventHandlerDelegateProxy.Callback => Resumo.Page_Load;
Error;2017/04/19 11:33:50.290;Rohr.EPC.Business.MyException: Não foi possível recuperar a sessão do usuário
   em Rohr.EPC.Business.Util.GetSessaoUsuario() na C:\Users\rafael.marques\BKP_RAFAEL\Desktop\EPC2\trunk\Rohr.EPC.Business\Util.cs:linha 27
   em Rohr.EPC.Web.MasterPage.MasterDefault.Page_Load(Object sender, EventArgs e) na C:\Users\rafael.marques\BKP_RAFAEL\Desktop\EPC2\trunk\Rohr.EPC.Web\MasterPage\MasterDefault.Master.cs:linha 22;Rohr.EPC.Web.MasterPage.MasterDefault.Page_Load;Control.OnLoad => CalliEventHandlerDelegateProxy.Callback => MasterDefault.Page_Load;
Error;2017/04/19 11:35:02.870;Rohr.EPC.Business.MyException: Não foi possível recuperar a sessão documento
   em Rohr.EPC.Business.Util.GetSessaoDocumento() na C:\Users\rafael.marques\BKP_RAFAEL\Desktop\EPC2\trunk\Rohr.EPC.Business\Util.cs:linha 43
   em Rohr.EPC.Web.Resumo.Page_Load(Object sender, EventArgs e) na C:\Users\rafael.marques\BKP_RAFAEL\Desktop\EPC2\trunk\Rohr.EPC.Web\Resumo.aspx.cs:linha 28;Rohr.EPC.Web.Resumo.Page_Load;Control.OnLoad => CalliEventHandlerDelegateProxy.Callback => Resumo.Page_Load;
Error;2017/04/19 11:35:02.954;Rohr.EPC.Business.MyException: Não foi possível recuperar a sessão do usuário
   em Rohr.EPC.Business.Util.GetSessaoUsuario() na C:\Users\rafael.marques\BKP_RAFAEL\Desktop\EPC2\trunk\Rohr.EPC.Business\Util.cs:linha 27
   em Rohr.EPC.Web.MasterPage.MasterDefault.Page_Load(Object sender, EventArgs e) na C:\Users\rafael.marques\BKP_RAFAEL\Desktop\EPC2\trunk\Rohr.EPC.Web\MasterPage\MasterDefault.Master.cs:linha 22;Rohr.EPC.Web.MasterPage.MasterDefault.Page_Load;Control.OnLoad => CalliEventHandlerDelegateProxy.Callback => MasterDefault.Page_Load;
Error;2017/04/19 11:37:06.173;Rohr.EPC.Business.MyException: Não foi possível recuperar a sessão documento
   em Rohr.EPC.Business.Util.GetSessaoDocumento() na C:\Users\rafael.marques\BKP_RAFAEL\Desktop\EPC2\trunk\Rohr.EPC.Business\Util.cs:linha 43
   em Rohr.EPC.Web.Resumo.Page_Load(Object sender, EventArgs e) na C:\Users\rafael.marques\BKP_RAFAEL\Desktop\EPC2\trunk\Rohr.EPC.Web\Resumo.aspx.cs:linha 28;Rohr.EPC.Web.Resumo.Page_Load;Control.OnLoad => CalliEventHandlerDelegateProxy.Callback => Resumo.Page_Load;
Error;2017/04/19 11:37:06.245;Rohr.EPC.Business.MyException: Não foi possível recuperar a sessão do usuário
   em Rohr.EPC.Business.Util.GetSessaoUsuario() na C:\Users\rafael.marques\BKP_RAFAEL\Desktop\EPC2\trunk\Rohr.EPC.Business\Util.cs:linha 27
   em Rohr.EPC.Web.MasterPage.MasterDefault.Page_Load(Object sender, EventArgs e) na C:\Users\rafael.marques\BKP_RAFAEL\Desktop\EPC2\trunk\Rohr.EPC.Web\MasterPage\MasterDefault.Master.cs:linha 22;Rohr.EPC.Web.MasterPage.MasterDefault.Page_Load;Control.OnLoad => CalliEventHandlerDelegateProxy.Callback => MasterDefault.Page_Load;
Error;2017/04/19 11:39:26.983;Rohr.EPC.Business.MyException: Não foi possível recuperar a sessão documento
   em Rohr.EPC.Business.Util.GetSessaoDocumento() na C:\Users\rafael.marques\BKP_RAFAEL\Desktop\EPC2\trunk\Rohr.EPC.Business\Util.cs:linha 43
   em Rohr.EPC.Web.Resumo.Page_Load(Object sender, EventArgs e) na C:\Users\rafael.marques\BKP_RAFAEL\Desktop\EPC2\trunk\Rohr.EPC.Web\Resumo.aspx.cs:linha 29;Rohr.EPC.Web.Resumo.Page_Load;Control.OnLoad => CalliEventHandlerDelegateProxy.Callback => Resumo.Page_Load;
Error;2017/04/19 11:39:27.054;Rohr.EPC.Business.MyException: Não foi possível recuperar a sessão do usuário
   em Rohr.EPC.Business.Util.GetSessaoUsuario() na C:\Users\rafael.marques\BKP_RAFAEL\Desktop\EPC2\trunk\Rohr.EPC.Business\Util.cs:linha 27
   em Rohr.EPC.Web.MasterPage.MasterDefault.Page_Load(Object sender, EventArgs e) na C:\Users\rafael.marques\BKP_RAFAEL\Desktop\EPC2\trunk\Rohr.EPC.Web\MasterPage\MasterDefault.Master.cs:linha 22;Rohr.EPC.Web.MasterPage.MasterDefault.Page_Load;Control.OnLoad => CalliEventHandlerDelegateProxy.Callback => MasterDefault.Page_Load;
Error;2017/04/19 11:40:11.858;Rohr.EPC.Business.MyException: Não foi possível recuperar a sessão documento
   em Rohr.EPC.Business.Util.GetSessaoDocumento() na C:\Users\rafael.marques\BKP_RAFAEL\Desktop\EPC2\trunk\Rohr.EPC.Business\Util.cs:linha 43
   em Rohr.EPC.Web.Resumo.Page_Load(Object sender, EventArgs e) na C:\Users\rafael.marques\BKP_RAFAEL\Desktop\EPC2\trunk\Rohr.EPC.Web\Resumo.aspx.cs:linha 29;Rohr.EPC.Web.Resumo.Page_Load;Control.OnLoad => CalliEventHandlerDelegateProxy.Callback => Resumo.Page_Load;
Error;2017/04/19 11:40:11.955;Rohr.EPC.Business.MyException: Não foi possível recuperar a sessão do usuário
   em Rohr.EPC.Business.Util.GetSessaoUsuario() na C:\Users\rafael.marques\BKP_RAFAEL\Desktop\EPC2\trunk\Rohr.EPC.Business\Util.cs:linha 27
   em Rohr.EPC.Web.MasterPage.MasterDefault.Page_Load(Object sender, EventArgs e) na C:\Users\rafael.marques\BKP_RAFAEL\Desktop\EPC2\trunk\Rohr.EPC.Web\MasterPage\MasterDefault.Master.cs:linha 22;Rohr.EPC.Web.MasterPage.MasterDefault.Page_Load;Control.OnLoad => CalliEventHandlerDelegateProxy.Callback => MasterDefault.Page_Load;
Error;2017/04/19 11:50:45.131;Rohr.EPC.Business.MyException: Não foi possível recuperar a sessão documento
   em Rohr.EPC.Business.Util.GetSessaoDocumento() na C:\Users\rafael.marques\BKP_RAFAEL\Desktop\EPC2\trunk\Rohr.EPC.Business\Util.cs:linha 43
   em Rohr.EPC.Web.Resumo.Page_Load(Object sender, EventArgs e) na C:\Users\rafael.marques\BKP_RAFAEL\Desktop\EPC2\trunk\Rohr.EPC.Web\Resumo.aspx.cs:linha 28;Rohr.EPC.Web.Resumo.Page_Load;Control.OnLoad => CalliEventHandlerDelegateProxy.Callback => Resumo.Page_Load;
Error;2017/04/19 11:50:45.228;Rohr.EPC.Business.MyException: Não foi possível recuperar a sessão do usuário
   em Rohr.EPC.Business.Util.GetSessaoUsuario() na C:\Users\rafael.marques\BKP_RAFAEL\Desktop\EPC2\trunk\Rohr.EPC.Business\Util.cs:linha 27
   em Rohr.EPC.Web.MasterPage.MasterDefault.Page_Load(Object sender, EventArgs e) na C:\Users\rafael.marques\BKP_RAFAEL\Desktop\EPC2\trunk\Rohr.EPC.Web\MasterPage\MasterDefault.Master.cs:linha 22;Rohr.EPC.Web.MasterPage.MasterDefault.Page_Load;Control.OnLoad => CalliEventHandlerDelegateProxy.Callback => MasterDefault.Page_Load;
Error;2017/04/19 11:51:22.298;Rohr.EPC.Business.MyException: Não foi possível recuperar a sessão documento
   em Rohr.EPC.Business.Util.GetSessaoDocumento() na C:\Users\rafael.marques\BKP_RAFAEL\Desktop\EPC2\trunk\Rohr.EPC.Business\Util.cs:linha 43
   em Rohr.EPC.Web.Resumo.Page_Load(Object sender, EventArgs e) na C:\Users\rafael.marques\BKP_RAFAEL\Desktop\EPC2\trunk\Rohr.EPC.Web\Resumo.aspx.cs:linha 28;Rohr.EPC.Web.Resumo.Page_Load;Control.OnLoad => CalliEventHandlerDelegateProxy.Callback => Resumo.Page_Load;
Error;2017/04/19 11:51:22.381;Rohr.EPC.Business.MyException: Não foi possível recuperar a sessão do usuário
   em Rohr.EPC.Business.Util.GetSessaoUsuario() na C:\Users\rafael.marques\BKP_RAFAEL\Desktop\EPC2\trunk\Rohr.EPC.Business\Util.cs:linha 27
   em Rohr.EPC.Web.MasterPage.MasterDefault.Page_Load(Object sender, EventArgs e) na C:\Users\rafael.marques\BKP_RAFAEL\Desktop\EPC2\trunk\Rohr.EPC.Web\MasterPage\MasterDefault.Master.cs:linha 22;Rohr.EPC.Web.MasterPage.MasterDefault.Page_Load;Control.OnLoad => CalliEventHandlerDelegateProxy.Callback => MasterDefault.Page_Load;
Error;2017/04/19 11:53:17.823;Rohr.EPC.Business.MyException: Não foi possível recuperar a sessão documento
   em Rohr.EPC.Business.Util.GetSessaoDocumento() na C:\Users\rafael.marques\BKP_RAFAEL\Desktop\EPC2\trunk\Rohr.EPC.Business\Util.cs:linha 43
   em Rohr.EPC.Web.Resumo.Page_Load(Object sender, EventArgs e) na C:\Users\rafael.marques\BKP_RAFAEL\Desktop\EPC2\trunk\Rohr.EPC.Web\Resumo.aspx.cs:linha 29;Rohr.EPC.Web.Resumo.Page_Load;Control.OnLoad => CalliEventHandlerDelegateProxy.Callback => Resumo.Page_Load;
Error;2017/04/19 11:53:17.894;Rohr.EPC.Business.MyException: Não foi possível recuperar a sessão do usuário
   em Rohr.EPC.Business.Util.GetSessaoUsuario() na C:\Users\rafael.marques\BKP_RAFAEL\Desktop\EPC2\trunk\Rohr.EPC.Business\Util.cs:linha 27
   em Rohr.EPC.Web.MasterPage.MasterDefault.Page_Load(Object sender, EventArgs e) na C:\Users\rafael.marques\BKP_RAFAEL\Desktop\EPC2\trunk\Rohr.EPC.Web\MasterPage\MasterDefault.Master.cs:linha 22;Rohr.EPC.Web.MasterPage.MasterDefault.Page_Load;Control.OnLoad => CalliEventHandlerDelegateProxy.Callback => MasterDefault.Page_Load;
Error;2017/04/19 11:55:32.726;Rohr.EPC.Business.MyException: Não foi possível recuperar a sessão documento
   em Rohr.EPC.Business.Util.GetSessaoDocumento() na C:\Users\rafael.marques\BKP_RAFAEL\Desktop\EPC2\trunk\Rohr.EPC.Business\Util.cs:linha 43
   em Rohr.EPC.Web.Resumo.Page_Load(Object sender, EventArgs e) na C:\Users\rafael.marques\BKP_RAFAEL\Desktop\EPC2\trunk\Rohr.EPC.Web\Resumo.aspx.cs:linha 29;Rohr.EPC.Web.Resumo.Page_Load;Control.OnLoad => CalliEventHandlerDelegateProxy.Callback => Resumo.Page_Load;
Error;2017/04/19 11:55:32.813;Rohr.EPC.Business.MyException: Não foi possível recuperar a sessão do usuário
   em Rohr.EPC.Business.Util.GetSessaoUsuario() na C:\Users\rafael.marques\BKP_RAFAEL\Desktop\EPC2\trunk\Rohr.EPC.Business\Util.cs:linha 27
   em Rohr.EPC.Web.MasterPage.MasterDefault.Page_Load(Object sender, EventArgs e) na C:\Users\rafael.marques\BKP_RAFAEL\Desktop\EPC2\trunk\Rohr.EPC.Web\MasterPage\MasterDefault.Master.cs:linha 22;Rohr.EPC.Web.MasterPage.MasterDefault.Page_Load;Control.OnLoad => CalliEventHandlerDelegateProxy.Callback => MasterDefault.Page_Load;
Error;2017/04/19 12:04:05.910;Rohr.EPC.Business.MyException: Não foi possível recuperar a sessão documento
   em Rohr.EPC.Business.Util.GetSessaoDocumento() na C:\Users\rafael.marques\BKP_RAFAEL\Desktop\EPC2\trunk\Rohr.EPC.Business\Util.cs:linha 43
   em Rohr.EPC.Web.Resumo.Page_Load(Object sender, EventArgs e) na C:\Users\rafael.marques\BKP_RAFAEL\Desktop\EPC2\trunk\Rohr.EPC.Web\Resumo.aspx.cs:linha 28;Rohr.EPC.Web.Resumo.Page_Load;Control.OnLoad => CalliEventHandlerDelegateProxy.Callback => Resumo.Page_Load;
Error;2017/04/19 12:04:06.005;Rohr.EPC.Business.MyException: Não foi possível recuperar a sessão do usuário
   em Rohr.EPC.Business.Util.GetSessaoUsuario() na C:\Users\rafael.marques\BKP_RAFAEL\Desktop\EPC2\trunk\Rohr.EPC.Business\Util.cs:linha 27
   em Rohr.EPC.Web.MasterPage.MasterDefault.Page_Load(Object sender, EventArgs e) na C:\Users\rafael.marques\BKP_RAFAEL\Desktop\EPC2\trunk\Rohr.EPC.Web\MasterPage\MasterDefault.Master.cs:linha 22;Rohr.EPC.Web.MasterPage.MasterDefault.Page_Load;Control.OnLoad => CalliEventHandlerDelegateProxy.Callback => MasterDefault.Page_Load;
Error;2017/04/19 12:15:53.669;Rohr.EPC.Business.MyException: Não foi possível recuperar a sessão documento
   em Rohr.EPC.Business.Util.GetSessaoDocumento() na C:\Users\rafael.marques\BKP_RAFAEL\Desktop\EPC2\trunk\Rohr.EPC.Business\Util.cs:linha 43
   em Rohr.EPC.Web.Resumo.Page_Load(Object sender, EventArgs e) na C:\Users\rafael.marques\BKP_RAFAEL\Desktop\EPC2\trunk\Rohr.EPC.Web\Resumo.aspx.cs:linha 28;Rohr.EPC.Web.Resumo.Page_Load;Control.OnLoad => CalliEventHandlerDelegateProxy.Callback => Resumo.Page_Load;
Error;2017/04/19 12:15:53.774;Rohr.EPC.Business.MyException: Não foi possível recuperar a sessão do usuário
   em Rohr.EPC.Business.Util.GetSessaoUsuario() na C:\Users\rafael.marques\BKP_RAFAEL\Desktop\EPC2\trunk\Rohr.EPC.Business\Util.cs:linha 27
   em Rohr.EPC.Web.MasterPage.MasterDefault.Page_Load(Object sender, EventArgs e) na C:\Users\rafael.marques\BKP_RAFAEL\Desktop\EPC2\trunk\Rohr.EPC.Web\MasterPage\MasterDefault.Master.cs:linha 22;Rohr.EPC.Web.MasterPage.MasterDefault.Page_Load;Control.OnLoad => CalliEventHandlerDelegateProxy.Callback => MasterDefault.Page_Load;
Error;2017/04/19 12:28:05.058;Rohr.EPC.Business.MyException: Não foi possível recuperar a sessão documento
   em Rohr.EPC.Business.Util.GetSessaoDocumento() na C:\Users\rafael.marques\BKP_RAFAEL\Desktop\EPC2\trunk\Rohr.EPC.Business\Util.cs:linha 43
   em Rohr.EPC.Web.Resumo.Page_Load(Object sender, EventArgs e) na C:\Users\rafael.marques\BKP_RAFAEL\Desktop\EPC2\trunk\Rohr.EPC.Web\Resumo.aspx.cs:linha 29;Rohr.EPC.Web.Resumo.Page_Load;Control.OnLoad => CalliEventHandlerDelegateProxy.Callback => Resumo.Page_Load;
Error;2017/04/19 12:28:05.166;Rohr.EPC.Business.MyException: Não foi possível recuperar a sessão do usuário
   em Rohr.EPC.Business.Util.GetSessaoUsuario() na C:\Users\rafael.marques\BKP_RAFAEL\Desktop\EPC2\trunk\Rohr.EPC.Business\Util.cs:linha 27
   em Rohr.EPC.Web.MasterPage.MasterDefault.Page_Load(Object sender, EventArgs e) na C:\Users\rafael.marques\BKP_RAFAEL\Desktop\EPC2\trunk\Rohr.EPC.Web\MasterPage\MasterDefault.Master.cs:linha 22;Rohr.EPC.Web.MasterPage.MasterDefault.Page_Load;Control.OnLoad => CalliEventHandlerDelegateProxy.Callback => MasterDefault.Page_Load;
Error;2017/04/19 12:29:12.028;Rohr.EPC.Business.MyException: Não foi possível recuperar a sessão documento
   em Rohr.EPC.Business.Util.GetSessaoDocumento() na C:\Users\rafael.marques\BKP_RAFAEL\Desktop\EPC2\trunk\Rohr.EPC.Business\Util.cs:linha 43
   em Rohr.EPC.Web.Resumo.Page_Load(Object sender, EventArgs e) na C:\Users\rafael.marques\BKP_RAFAEL\Desktop\EPC2\trunk\Rohr.EPC.Web\Resumo.aspx.cs:linha 29;Rohr.EPC.Web.Resumo.Page_Load;Control.OnLoad => CalliEventHandlerDelegateProxy.Callback => Resumo.Page_Load;
Error;2017/04/19 12:29:12.106;Rohr.EPC.Business.MyException: Não foi possível recuperar a sessão do usuário
   em Rohr.EPC.Business.Util.GetSessaoUsuario() na C:\Users\rafael.marques\BKP_RAFAEL\Desktop\EPC2\trunk\Rohr.EPC.Business\Util.cs:linha 27
   em Rohr.EPC.Web.MasterPage.MasterDefault.Page_Load(Object sender, EventArgs e) na C:\Users\rafael.marques\BKP_RAFAEL\Desktop\EPC2\trunk\Rohr.EPC.Web\MasterPage\MasterDefault.Master.cs:linha 22;Rohr.EPC.Web.MasterPage.MasterDefault.Page_Load;Control.OnLoad => CalliEventHandlerDelegateProxy.Callback => MasterDefault.Page_Load;
Error;2017/04/19 12:32:52.320;Rohr.EPC.Business.MyException: Não foi possível recuperar a sessão documento
   em Rohr.EPC.Business.Util.GetSessaoDocumento() na C:\Users\rafael.marques\BKP_RAFAEL\Desktop\EPC2\trunk\Rohr.EPC.Business\Util.cs:linha 43
   em Rohr.EPC.Web.Resumo.Page_Load(Object sender, EventArgs e) na C:\Users\rafael.marques\BKP_RAFAEL\Desktop\EPC2\trunk\Rohr.EPC.Web\Resumo.aspx.cs:linha 29;Rohr.EPC.Web.Resumo.Page_Load;Control.OnLoad => CalliEventHandlerDelegateProxy.Callback => Resumo.Page_Load;
Error;2017/04/19 12:32:52.444;Rohr.EPC.Business.MyException: Não foi possível recuperar a sessão do usuário
   em Rohr.EPC.Business.Util.GetSessaoUsuario() na C:\Users\rafael.marques\BKP_RAFAEL\Desktop\EPC2\trunk\Rohr.EPC.Business\Util.cs:linha 27
   em Rohr.EPC.Web.MasterPage.MasterDefault.Page_Load(Object sender, EventArgs e) na C:\Users\rafael.marques\BKP_RAFAEL\Desktop\EPC2\trunk\Rohr.EPC.Web\MasterPage\MasterDefault.Master.cs:linha 22;Rohr.EPC.Web.MasterPage.MasterDefault.Page_Load;Control.OnLoad => CalliEventHandlerDelegateProxy.Callback => MasterDefault.Page_Load;
Error;2017/04/19 12:36:20.069;Rohr.EPC.Business.MyException: Não foi possível recuperar a sessão documento
   em Rohr.EPC.Business.Util.GetSessaoDocumento() na C:\Users\rafael.marques\BKP_RAFAEL\Desktop\EPC2\trunk\Rohr.EPC.Business\Util.cs:linha 43
   em Rohr.EPC.Web.Resumo.Page_Load(Object sender, EventArgs e) na C:\Users\rafael.marques\BKP_RAFAEL\Desktop\EPC2\trunk\Rohr.EPC.Web\Resumo.aspx.cs:linha 29;Rohr.EPC.Web.Resumo.Page_Load;Control.OnLoad => CalliEventHandlerDelegateProxy.Callback => Resumo.Page_Load;
Error;2017/04/19 12:36:20.140;Rohr.EPC.Business.MyException: Não foi possível recuperar a sessão do usuário
   em Rohr.EPC.Business.Util.GetSessaoUsuario() na C:\Users\rafael.marques\BKP_RAFAEL\Desktop\EPC2\trunk\Rohr.EPC.Business\Util.cs:linha 27
   em Rohr.EPC.Web.MasterPage.MasterDefault.Page_Load(Object sender, EventArgs e) na C:\Users\rafael.marques\BKP_RAFAEL\Desktop\EPC2\trunk\Rohr.EPC.Web\MasterPage\MasterDefault.Master.cs:linha 22;Rohr.EPC.Web.MasterPage.MasterDefault.Page_Load;Control.OnLoad => CalliEventHandlerDelegateProxy.Callback => MasterDefault.Page_Load;
Error;2017/04/19 12:37:28.534;Rohr.EPC.Business.MyException: Não foi possível recuperar a sessão documento
   em Rohr.EPC.Business.Util.GetSessaoDocumento() na C:\Users\rafael.marques\BKP_RAFAEL\Desktop\EPC2\trunk\Rohr.EPC.Business\Util.cs:linha 43
   em Rohr.EPC.Web.Resumo.Page_Load(Object sender, EventArgs e) na C:\Users\rafael.marques\BKP_RAFAEL\Desktop\EPC2\trunk\Rohr.EPC.Web\Resumo.aspx.cs:linha 29;Rohr.EPC.Web.Resumo.Page_Load;Control.OnLoad => CalliEventHandlerDelegateProxy.Callback => Resumo.Page_Load;
Error;2017/04/19 12:37:28.617;Rohr.EPC.Business.MyException: Não foi possível recuperar a sessão do usuário
   em Rohr.EPC.Business.Util.GetSessaoUsuario() na C:\Users\rafael.marques\BKP_RAFAEL\Desktop\EPC2\trunk\Rohr.EPC.Business\Util.cs:linha 27
   em Rohr.EPC.Web.MasterPage.MasterDefault.Page_Load(Object sender, EventArgs e) na C:\Users\rafael.marques\BKP_RAFAEL\Desktop\EPC2\trunk\Rohr.EPC.Web\MasterPage\MasterDefault.Master.cs:linha 22;Rohr.EPC.Web.MasterPage.MasterDefault.Page_Load;Control.OnLoad => CalliEventHandlerDelegateProxy.Callback => MasterDefault.Page_Load;
Error;2017/04/19 12:42:05.213;Rohr.EPC.Business.MyException: Informe uma observação :(
   em Rohr.EPC.Web.Resumo.Page_Load(Object sender, EventArgs e) na C:\Users\rafael.marques\BKP_RAFAEL\Desktop\EPC2\trunk\Rohr.EPC.Web\Resumo.aspx.cs:linha 30;Rohr.EPC.Web.Resumo.Page_Load;Control.OnLoad => CalliEventHandlerDelegateProxy.Callback => Resumo.Page_Load;
Error;2017/04/19 12:42:05.296;Rohr.EPC.Business.MyException: Não foi possível recuperar a sessão do usuário
   em Rohr.EPC.Business.Util.GetSessaoUsuario() na C:\Users\rafael.marques\BKP_RAFAEL\Desktop\EPC2\trunk\Rohr.EPC.Business\Util.cs:linha 27
   em Rohr.EPC.Web.MasterPage.MasterDefault.Page_Load(Object sender, EventArgs e) na C:\Users\rafael.marques\BKP_RAFAEL\Desktop\EPC2\trunk\Rohr.EPC.Web\MasterPage\MasterDefault.Master.cs:linha 22;Rohr.EPC.Web.MasterPage.MasterDefault.Page_Load;Control.OnLoad => CalliEventHandlerDelegateProxy.Callback => MasterDefault.Page_Load;
Error;2017/04/19 12:42:29.462;Rohr.EPC.Business.MyException: Informe uma observação :(
   em Rohr.EPC.Web.Resumo.Page_Load(Object sender, EventArgs e) na C:\Users\rafael.marques\BKP_RAFAEL\Desktop\EPC2\trunk\Rohr.EPC.Web\Resumo.aspx.cs:linha 30;Rohr.EPC.Web.Resumo.Page_Load;Control.OnLoad => CalliEventHandlerDelegateProxy.Callback => Resumo.Page_Load;
Error;2017/04/19 12:42:59.681;Rohr.EPC.Business.MyException: Não foi possível recuperar a sessão documento
   em Rohr.EPC.Business.Util.GetSessaoDocumento() na C:\Users\rafael.marques\BKP_RAFAEL\Desktop\EPC2\trunk\Rohr.EPC.Business\Util.cs:linha 43
   em Rohr.EPC.Web.Resumo.Page_Load(Object sender, EventArgs e) na C:\Users\rafael.marques\BKP_RAFAEL\Desktop\EPC2\trunk\Rohr.EPC.Web\Resumo.aspx.cs:linha 35;Rohr.EPC.Web.Resumo.Page_Load;Control.OnLoad => CalliEventHandlerDelegateProxy.Callback => Resumo.Page_Load;
Error;2017/04/19 12:42:59.786;Rohr.EPC.Business.MyException: Não foi possível recuperar a sessão do usuário
   em Rohr.EPC.Business.Util.GetSessaoUsuario() na C:\Users\rafael.marques\BKP_RAFAEL\Desktop\EPC2\trunk\Rohr.EPC.Business\Util.cs:linha 27
   em Rohr.EPC.Web.MasterPage.MasterDefault.Page_Load(Object sender, EventArgs e) na C:\Users\rafael.marques\BKP_RAFAEL\Desktop\EPC2\trunk\Rohr.EPC.Web\MasterPage\MasterDefault.Master.cs:linha 22;Rohr.EPC.Web.MasterPage.MasterDefault.Page_Load;Control.OnLoad => CalliEventHandlerDelegateProxy.Callback => MasterDefault.Page_Load;
Error;2017/04/19 12:47:25.017;Rohr.EPC.Business.MyException: Não foi possível recuperar a sessão documento
   em Rohr.EPC.Business.Util.GetSessaoDocumento() na C:\Users\rafael.marques\BKP_RAFAEL\Desktop\EPC2\trunk\Rohr.EPC.Business\Util.cs:linha 43
   em Rohr.EPC.Web.Resumo.Page_Load(Object sender, EventArgs e) na C:\Users\rafael.marques\BKP_RAFAEL\Desktop\EPC2\trunk\Rohr.EPC.Web\Resumo.aspx.cs:linha 35;Rohr.EPC.Web.Resumo.Page_Load;Control.OnLoad => CalliEventHandlerDelegateProxy.Callback => Resumo.Page_Load;
Error;2017/04/19 12:47:25.122;Rohr.EPC.Business.MyException: Não foi possível recuperar a sessão do usuário
   em Rohr.EPC.Business.Util.GetSessaoUsuario() na C:\Users\rafael.marques\BKP_RAFAEL\Desktop\EPC2\trunk\Rohr.EPC.Business\Util.cs:linha 27
   em Rohr.EPC.Web.MasterPage.MasterDefault.Page_Load(Object sender, EventArgs e) na C:\Users\rafael.marques\BKP_RAFAEL\Desktop\EPC2\trunk\Rohr.EPC.Web\MasterPage\MasterDefault.Master.cs:linha 22;Rohr.EPC.Web.MasterPage.MasterDefault.Page_Load;Control.OnLoad => CalliEventHandlerDelegateProxy.Callback => MasterDefault.Page_Load;
Error;2017/04/19 12:51:33.071;Rohr.EPC.Business.MyException: Não foi possível recuperar a sessão documento
   em Rohr.EPC.Business.Util.GetSessaoDocumento() na C:\Users\rafael.marques\BKP_RAFAEL\Desktop\EPC2\trunk\Rohr.EPC.Business\Util.cs:linha 43
   em Rohr.EPC.Web.Resumo.Page_Load(Object sender, EventArgs e) na C:\Users\rafael.marques\BKP_RAFAEL\Desktop\EPC2\trunk\Rohr.EPC.Web\Resumo.aspx.cs:linha 35;Rohr.EPC.Web.Resumo.Page_Load;Control.OnLoad => CalliEventHandlerDelegateProxy.Callback => Resumo.Page_Load;
Error;2017/04/19 12:51:33.145;Rohr.EPC.Business.MyException: Não foi possível recuperar a sessão do usuário
   em Rohr.EPC.Business.Util.GetSessaoUsuario() na C:\Users\rafael.marques\BKP_RAFAEL\Desktop\EPC2\trunk\Rohr.EPC.Business\Util.cs:linha 27
   em Rohr.EPC.Web.MasterPage.MasterDefault.Page_Load(Object sender, EventArgs e) na C:\Users\rafael.marques\BKP_RAFAEL\Desktop\EPC2\trunk\Rohr.EPC.Web\MasterPage\MasterDefault.Master.cs:linha 22;Rohr.EPC.Web.MasterPage.MasterDefault.Page_Load;Control.OnLoad => CalliEventHandlerDelegateProxy.Callback => MasterDefault.Page_Load;
Error;2017/04/19 13:47:47.152;Rohr.EPC.Business.MyException: Não foi possível recuperar a sessão documento
   em Rohr.EPC.Business.Util.GetSessaoDocumento() na C:\Users\rafael.marques\BKP_RAFAEL\Desktop\EPC2\trunk\Rohr.EPC.Business\Util.cs:linha 43
   em Rohr.EPC.Web.Resumo.Page_Load(Object sender, EventArgs e) na C:\Users\rafael.marques\BKP_RAFAEL\Desktop\EPC2\trunk\Rohr.EPC.Web\Resumo.aspx.cs:linha 44;Rohr.EPC.Web.Resumo.Page_Load;Control.OnLoad => CalliEventHandlerDelegateProxy.Callback => Resumo.Page_Load;
Error;2017/04/19 13:47:47.261;Rohr.EPC.Business.MyException: Não foi possível recuperar a sessão do usuário
   em Rohr.EPC.Business.Util.GetSessaoUsuario() na C:\Users\rafael.marques\BKP_RAFAEL\Desktop\EPC2\trunk\Rohr.EPC.Business\Util.cs:linha 27
   em Rohr.EPC.Web.MasterPage.MasterDefault.Page_Load(Object sender, EventArgs e) na C:\Users\rafael.marques\BKP_RAFAEL\Desktop\EPC2\trunk\Rohr.EPC.Web\MasterPage\MasterDefault.Master.cs:linha 22;Rohr.EPC.Web.MasterPage.MasterDefault.Page_Load;Control.OnLoad => CalliEventHandlerDelegateProxy.Callback => MasterDefault.Page_Load;
Error;2017/04/19 13:51:59.432;Rohr.EPC.Business.MyException: Não foi possível recuperar a sessão documento
   em Rohr.EPC.Business.Util.GetSessaoDocumento() na C:\Users\rafael.marques\BKP_RAFAEL\Desktop\EPC2\trunk\Rohr.EPC.Business\Util.cs:linha 43
   em Rohr.EPC.Web.Resumo.Page_Load(Object sender, EventArgs e) na C:\Users\rafael.marques\BKP_RAFAEL\Desktop\EPC2\trunk\Rohr.EPC.Web\Resumo.aspx.cs:linha 44;Rohr.EPC.Web.Resumo.Page_Load;Control.OnLoad => CalliEventHandlerDelegateProxy.Callback => Resumo.Page_Load;
Error;2017/04/19 13:51:59.515;Rohr.EPC.Business.MyException: Não foi possível recuperar a sessão do usuário
   em Rohr.EPC.Business.Util.GetSessaoUsuario() na C:\Users\rafael.marques\BKP_RAFAEL\Desktop\EPC2\trunk\Rohr.EPC.Business\Util.cs:linha 27
   em Rohr.EPC.Web.MasterPage.MasterDefault.Page_Load(Object sender, EventArgs e) na C:\Users\rafael.marques\BKP_RAFAEL\Desktop\EPC2\trunk\Rohr.EPC.Web\MasterPage\MasterDefault.Master.cs:linha 22;Rohr.EPC.Web.MasterPage.MasterDefault.Page_Load;Control.OnLoad => CalliEventHandlerDelegateProxy.Callback => MasterDefault.Page_Load;
Error;2017/04/19 14:01:17.591;Rohr.EPC.Business.MyException: Não foi possível recuperar a sessão documento
   em Rohr.EPC.Business.Util.GetSessaoDocumento() na C:\Users\rafael.marques\BKP_RAFAEL\Desktop\EPC2\trunk\Rohr.EPC.Business\Util.cs:linha 43
   em Rohr.EPC.Web.Resumo.Page_Load(Object sender, EventArgs e) na C:\Users\rafael.marques\BKP_RAFAEL\Desktop\EPC2\trunk\Rohr.EPC.Web\Resumo.aspx.cs:linha 44;Rohr.EPC.Web.Resumo.Page_Load;Control.OnLoad => CalliEventHandlerDelegateProxy.Callback => Resumo.Page_Load;
Error;2017/04/19 14:01:17.809;Rohr.EPC.Business.MyException: Não foi possível recuperar a sessão do usuário
   em Rohr.EPC.Business.Util.GetSessaoUsuario() na C:\Users\rafael.marques\BKP_RAFAEL\Desktop\EPC2\trunk\Rohr.EPC.Business\Util.cs:linha 27
   em Rohr.EPC.Web.MasterPage.MasterDefault.Page_Load(Object sender, EventArgs e) na C:\Users\rafael.marques\BKP_RAFAEL\Desktop\EPC2\trunk\Rohr.EPC.Web\MasterPage\MasterDefault.Master.cs:linha 22;Rohr.EPC.Web.MasterPage.MasterDefault.Page_Load;Control.OnLoad => CalliEventHandlerDelegateProxy.Callback => MasterDefault.Page_Load;
Error;2017/04/19 14:02:42.766;Rohr.EPC.Business.MyException: Nenhum documento selecionado.
   em Rohr.EPC.Web.MasterPage.MasterDefault.GerarPdf() na C:\Users\rafael.marques\BKP_RAFAEL\Desktop\EPC2\trunk\Rohr.EPC.Web\MasterPage\MasterDefault.Master.cs:linha 651
   em Rohr.EPC.Web.MasterPage.MasterDefault.btnMenu_Click(Object sender, EventArgs e) na C:\Users\rafael.marques\BKP_RAFAEL\Desktop\EPC2\trunk\Rohr.EPC.Web\MasterPage\MasterDefault.Master.cs:linha 82;Rohr.EPC.Web.MasterPage.MasterDefault.btnMenu_Click;LinkButton.RaisePostBackEvent => LinkButton.OnClick => MasterDefault.btnMenu_Click;
Error;2017/04/19 14:50:57.515;System.FormatException: Índice (baseado em zero) deve ser maior ou igual a zero e menor que o tamanho da lista de argumentos.
   em System.Text.StringBuilder.AppendFormatHelper(IFormatProvider provider, String format, ParamsArray args)
   em System.String.FormatHelper(IFormatProvider provider, String format, ParamsArray args)
   em System.String.Format(String format, Object[] args)
   em Rohr.EPC.Business.DocumentoResumoPropostaBusiness.ObterResumoContrato(Documento documento) na C:\Users\rafael.marques\BKP_RAFAEL\Desktop\EPC2\trunk\Rohr.EPC.Business\DocumentoResumoPropostaBusiness.cs:linha 28
   em Rohr.EPC.Business.DocumentoResumoPropostaBusiness.ObterResumoFormatado(Documento documento) na C:\Users\rafael.marques\BKP_RAFAEL\Desktop\EPC2\trunk\Rohr.EPC.Business\DocumentoResumoPropostaBusiness.cs:linha 21
   em Rohr.EPC.Business.PdfBusiness.MontarHtmlResumo(Documento documento) na C:\Users\rafael.marques\BKP_RAFAEL\Desktop\EPC2\trunk\Rohr.EPC.Business\PdfBusiness.cs:linha 424
   em Rohr.EPC.Business.PdfBusiness.SubstituirChaves(Parte parte, Documento documento) na C:\Users\rafael.marques\BKP_RAFAEL\Desktop\EPC2\trunk\Rohr.EPC.Business\PdfBusiness.cs:linha 524
   em Rohr.EPC.Business.PdfBusiness.TratarVariaveis(Documento documento, Parte parte) na C:\Users\rafael.marques\BKP_RAFAEL\Desktop\EPC2\trunk\Rohr.EPC.Business\PdfBusiness.cs:linha 544
   em Rohr.EPC.Business.PdfBusiness.MontarHtmlDocumento(Documento documento) na C:\Users\rafael.marques\BKP_RAFAEL\Desktop\EPC2\trunk\Rohr.EPC.Business\PdfBusiness.cs:linha 355
   em Rohr.EPC.Business.PdfBusiness.GerarPdf(Documento documento, Int32 idPerfil, Int32 idUsuario) na C:\Users\rafael.marques\BKP_RAFAEL\Desktop\EPC2\trunk\Rohr.EPC.Business\PdfBusiness.cs:linha 62
   em Rohr.EPC.Web.BaixarDocumento.GerarPdf(Documento documento, Int32 idPerfilAtivo, HttpContext context, Int32 idUsuario) na C:\Users\rafael.marques\BKP_RAFAEL\Desktop\EPC2\trunk\Rohr.EPC.Web\BaixarDocumento.ashx.cs:linha 74
   em Rohr.EPC.Web.BaixarDocumento.ProcessRequest(HttpContext context) na C:\Users\rafael.marques\BKP_RAFAEL\Desktop\EPC2\trunk\Rohr.EPC.Web\BaixarDocumento.ashx.cs:linha 44;Rohr.EPC.Web.BaixarDocumento.ProcessRequest;HttpApplication.ExecuteStep => CallHandlerExecutionStep.System.Web.HttpApplication.IExecutionStep.Execute => BaixarDocumento.ProcessRequest;
Error;2017/04/19 14:51:01.548;System.FormatException: Índice (baseado em zero) deve ser maior ou igual a zero e menor que o tamanho da lista de argumentos.
   em System.Text.StringBuilder.AppendFormatHelper(IFormatProvider provider, String format, ParamsArray args)
   em System.String.FormatHelper(IFormatProvider provider, String format, ParamsArray args)
   em System.String.Format(String format, Object[] args)
   em Rohr.EPC.Business.DocumentoResumoPropostaBusiness.ObterResumoContrato(Documento documento) na C:\Users\rafael.marques\BKP_RAFAEL\Desktop\EPC2\trunk\Rohr.EPC.Business\DocumentoResumoPropostaBusiness.cs:linha 28
   em Rohr.EPC.Business.DocumentoResumoPropostaBusiness.ObterResumoFormatado(Documento documento) na C:\Users\rafael.marques\BKP_RAFAEL\Desktop\EPC2\trunk\Rohr.EPC.Business\DocumentoResumoPropostaBusiness.cs:linha 21
   em Rohr.EPC.Business.PdfBusiness.MontarHtmlResumo(Documento documento) na C:\Users\rafael.marques\BKP_RAFAEL\Desktop\EPC2\trunk\Rohr.EPC.Business\PdfBusiness.cs:linha 424
   em Rohr.EPC.Business.PdfBusiness.SubstituirChaves(Parte parte, Documento documento) na C:\Users\rafael.marques\BKP_RAFAEL\Desktop\EPC2\trunk\Rohr.EPC.Business\PdfBusiness.cs:linha 524
   em Rohr.EPC.Business.PdfBusiness.TratarVariaveis(Documento documento, Parte parte) na C:\Users\rafael.marques\BKP_RAFAEL\Desktop\EPC2\trunk\Rohr.EPC.Business\PdfBusiness.cs:linha 544
   em Rohr.EPC.Business.PdfBusiness.MontarHtmlDocumento(Documento documento) na C:\Users\rafael.marques\BKP_RAFAEL\Desktop\EPC2\trunk\Rohr.EPC.Business\PdfBusiness.cs:linha 355
   em Rohr.EPC.Business.PdfBusiness.GerarPdf(Documento documento, Int32 idPerfil, Int32 idUsuario) na C:\Users\rafael.marques\BKP_RAFAEL\Desktop\EPC2\trunk\Rohr.EPC.Business\PdfBusiness.cs:linha 62
   em Rohr.EPC.Web.BaixarDocumento.GerarPdf(Documento documento, Int32 idPerfilAtivo, HttpContext context, Int32 idUsuario) na C:\Users\rafael.marques\BKP_RAFAEL\Desktop\EPC2\trunk\Rohr.EPC.Web\BaixarDocumento.ashx.cs:linha 74
   em Rohr.EPC.Web.BaixarDocumento.ProcessRequest(HttpContext context) na C:\Users\rafael.marques\BKP_RAFAEL\Desktop\EPC2\trunk\Rohr.EPC.Web\BaixarDocumento.ashx.cs:linha 44;Rohr.EPC.Web.BaixarDocumento.ProcessRequest;HttpApplication.ExecuteStep => CallHandlerExecutionStep.System.Web.HttpApplication.IExecutionStep.Execute => BaixarDocumento.ProcessRequest;
Error;2017/04/19 15:06:38.333;System.FormatException: Índice (baseado em zero) deve ser maior ou igual a zero e menor que o tamanho da lista de argumentos.
   em System.Text.StringBuilder.AppendFormatHelper(IFormatProvider provider, String format, ParamsArray args)
   em System.String.FormatHelper(IFormatProvider provider, String format, ParamsArray args)
   em System.String.Format(String format, Object[] args)
   em Rohr.EPC.Business.DocumentoResumoPropostaBusiness.ObterResumoContrato(Documento documento) na C:\Users\rafael.marques\BKP_RAFAEL\Desktop\EPC2\trunk\Rohr.EPC.Business\DocumentoResumoPropostaBusiness.cs:linha 31
   em Rohr.EPC.Business.DocumentoResumoPropostaBusiness.ObterResumoFormatado(Documento documento) na C:\Users\rafael.marques\BKP_RAFAEL\Desktop\EPC2\trunk\Rohr.EPC.Business\DocumentoResumoPropostaBusiness.cs:linha 21
   em Rohr.EPC.Business.PdfBusiness.MontarHtmlResumo(Documento documento) na C:\Users\rafael.marques\BKP_RAFAEL\Desktop\EPC2\trunk\Rohr.EPC.Business\PdfBusiness.cs:linha 424
   em Rohr.EPC.Business.PdfBusiness.SubstituirChaves(Parte parte, Documento documento) na C:\Users\rafael.marques\BKP_RAFAEL\Desktop\EPC2\trunk\Rohr.EPC.Business\PdfBusiness.cs:linha 524
   em Rohr.EPC.Business.PdfBusiness.TratarVariaveis(Documento documento, Parte parte) na C:\Users\rafael.marques\BKP_RAFAEL\Desktop\EPC2\trunk\Rohr.EPC.Business\PdfBusiness.cs:linha 544
   em Rohr.EPC.Business.PdfBusiness.MontarHtmlDocumento(Documento documento) na C:\Users\rafael.marques\BKP_RAFAEL\Desktop\EPC2\trunk\Rohr.EPC.Business\PdfBusiness.cs:linha 355
   em Rohr.EPC.Business.PdfBusiness.GerarPdf(Documento documento, Int32 idPerfil, Int32 idUsuario) na C:\Users\rafael.marques\BKP_RAFAEL\Desktop\EPC2\trunk\Rohr.EPC.Business\PdfBusiness.cs:linha 62
   em Rohr.EPC.Web.BaixarDocumento.GerarPdf(Documento documento, Int32 idPerfilAtivo, HttpContext context, Int32 idUsuario) na C:\Users\rafael.marques\BKP_RAFAEL\Desktop\EPC2\trunk\Rohr.EPC.Web\BaixarDocumento.ashx.cs:linha 74
   em Rohr.EPC.Web.BaixarDocumento.ProcessRequest(HttpContext context) na C:\Users\rafael.marques\BKP_RAFAEL\Desktop\EPC2\trunk\Rohr.EPC.Web\BaixarDocumento.ashx.cs:linha 44;Rohr.EPC.Web.BaixarDocumento.ProcessRequest;HttpApplication.ExecuteStep => CallHandlerExecutionStep.System.Web.HttpApplication.IExecutionStep.Execute => BaixarDocumento.ProcessRequest;
