Error;2017/05/15 08:36:47.382;Não foi possível recuperar a sessão do usuário;Rohr.EPC.Web.Redirecionar.Page_Load;Control.OnLoad => CalliEventHandlerDelegateProxy.Callback => Redirecionar.Page_Load;
Error;2017/05/15 08:36:47.447;Rohr.EPC.Business.MyException: Não foi possível recuperar a sessão do usuário
   em Rohr.EPC.Business.Util.GetSessaoUsuario() na C:\Users\rafael.marques\BKP_RAFAEL\Desktop\EPC2\trunk\Rohr.EPC.Business\Util.cs:linha 27
   em Rohr.EPC.Business.AuditoriaLogBusiness.AdicionarLogLogout(HttpBrowserCapabilities browser) na C:\Users\rafael.marques\BKP_RAFAEL\Desktop\EPC2\trunk\Rohr.EPC.Business\AuditoriaLogBusiness.cs:linha 35
   em Rohr.EPC.Web.Redirecionar.Redirect(String destino) na C:\Users\rafael.marques\BKP_RAFAEL\Desktop\EPC2\trunk\Rohr.EPC.Web\Redirecionar.aspx.cs:linha 41;Rohr.EPC.Web.Redirecionar.Redirect;CalliEventHandlerDelegateProxy.Callback => Redirecionar.Page_Load => Redirecionar.Redirect;
Error;2017/05/15 08:37:00.286;System.FormatException: Cadeia de caracteres não foi reconhecida como Boolean válido.
   em System.Boolean.Parse(String value)
   em Rohr.EPC.DAL.DocumentoDAO.Obter(String proc, Int32 id) na C:\Users\rafael.marques\BKP_RAFAEL\Desktop\EPC2\trunk\Rohr.EPC.DAL\DocumentoDAO.cs:linha 225
   em Rohr.EPC.DAL.DocumentoDAO.ObterPorId(Int32 idDocumento) na C:\Users\rafael.marques\BKP_RAFAEL\Desktop\EPC2\trunk\Rohr.EPC.DAL\DocumentoDAO.cs:linha 258
   em Rohr.EPC.Business.DocumentoBusiness.ObterPorId(Int32 idDocumento) na C:\Users\rafael.marques\BKP_RAFAEL\Desktop\EPC2\trunk\Rohr.EPC.Business\DocumentoBusiness.cs:linha 96
   em Rohr.EPC.Business.DocumentoBusiness.RecuperarDocumento(Int32 idDocumento) na C:\Users\rafael.marques\BKP_RAFAEL\Desktop\EPC2\trunk\Rohr.EPC.Business\DocumentoBusiness.cs:linha 80
   em Rohr.EPC.Web.MasterPage.MasterDefault.GerarPdf() na C:\Users\rafael.marques\BKP_RAFAEL\Desktop\EPC2\trunk\Rohr.EPC.Web\MasterPage\MasterDefault.Master.cs:linha 657
   em Rohr.EPC.Web.MasterPage.MasterDefault.btnMenu_Click(Object sender, EventArgs e) na C:\Users\rafael.marques\BKP_RAFAEL\Desktop\EPC2\trunk\Rohr.EPC.Web\MasterPage\MasterDefault.Master.cs:linha 82;Rohr.EPC.Web.MasterPage.MasterDefault.btnMenu_Click;LinkButton.RaisePostBackEvent => LinkButton.OnClick => MasterDefault.btnMenu_Click;
Error;2017/05/15 08:37:06.224;System.FormatException: Cadeia de caracteres não foi reconhecida como Boolean válido.
   em System.Boolean.Parse(String value)
   em Rohr.EPC.DAL.DocumentoDAO.Obter(String proc, Int32 id) na C:\Users\rafael.marques\BKP_RAFAEL\Desktop\EPC2\trunk\Rohr.EPC.DAL\DocumentoDAO.cs:linha 225
   em Rohr.EPC.DAL.DocumentoDAO.ObterPorId(Int32 idDocumento) na C:\Users\rafael.marques\BKP_RAFAEL\Desktop\EPC2\trunk\Rohr.EPC.DAL\DocumentoDAO.cs:linha 258
   em Rohr.EPC.Business.DocumentoBusiness.ObterPorId(Int32 idDocumento) na C:\Users\rafael.marques\BKP_RAFAEL\Desktop\EPC2\trunk\Rohr.EPC.Business\DocumentoBusiness.cs:linha 96
   em Rohr.EPC.Business.DocumentoBusiness.RecuperarDocumento(Int32 idDocumento) na C:\Users\rafael.marques\BKP_RAFAEL\Desktop\EPC2\trunk\Rohr.EPC.Business\DocumentoBusiness.cs:linha 80
   em Rohr.EPC.Web.MasterPage.MasterDefault.GerarPdf() na C:\Users\rafael.marques\BKP_RAFAEL\Desktop\EPC2\trunk\Rohr.EPC.Web\MasterPage\MasterDefault.Master.cs:linha 657
   em Rohr.EPC.Web.MasterPage.MasterDefault.btnMenu_Click(Object sender, EventArgs e) na C:\Users\rafael.marques\BKP_RAFAEL\Desktop\EPC2\trunk\Rohr.EPC.Web\MasterPage\MasterDefault.Master.cs:linha 82;Rohr.EPC.Web.MasterPage.MasterDefault.btnMenu_Click;LinkButton.RaisePostBackEvent => LinkButton.OnClick => MasterDefault.btnMenu_Click;
Error;2017/05/15 08:37:29.851;System.FormatException: Cadeia de caracteres não foi reconhecida como Boolean válido.
   em System.Boolean.Parse(String value)
   em Rohr.EPC.DAL.DocumentoDAO.Obter(String proc, Int32 id) na C:\Users\rafael.marques\BKP_RAFAEL\Desktop\EPC2\trunk\Rohr.EPC.DAL\DocumentoDAO.cs:linha 225
   em Rohr.EPC.DAL.DocumentoDAO.ObterPorId(Int32 idDocumento) na C:\Users\rafael.marques\BKP_RAFAEL\Desktop\EPC2\trunk\Rohr.EPC.DAL\DocumentoDAO.cs:linha 258
   em Rohr.EPC.Business.DocumentoBusiness.ObterPorId(Int32 idDocumento) na C:\Users\rafael.marques\BKP_RAFAEL\Desktop\EPC2\trunk\Rohr.EPC.Business\DocumentoBusiness.cs:linha 96
   em Rohr.EPC.Business.DocumentoBusiness.RecuperarDocumento(Int32 idDocumento) na C:\Users\rafael.marques\BKP_RAFAEL\Desktop\EPC2\trunk\Rohr.EPC.Business\DocumentoBusiness.cs:linha 80
   em Rohr.EPC.Web.MasterPage.MasterDefault.GerarPdf() na C:\Users\rafael.marques\BKP_RAFAEL\Desktop\EPC2\trunk\Rohr.EPC.Web\MasterPage\MasterDefault.Master.cs:linha 657
   em Rohr.EPC.Web.MasterPage.MasterDefault.btnMenu_Click(Object sender, EventArgs e) na C:\Users\rafael.marques\BKP_RAFAEL\Desktop\EPC2\trunk\Rohr.EPC.Web\MasterPage\MasterDefault.Master.cs:linha 82;Rohr.EPC.Web.MasterPage.MasterDefault.btnMenu_Click;LinkButton.RaisePostBackEvent => LinkButton.OnClick => MasterDefault.btnMenu_Click;
Error;2017/05/15 09:01:08.372;Não foi possível recuperar a sessão do usuário;Rohr.EPC.Web.Redirecionar.Page_Load;Control.OnLoad => CalliEventHandlerDelegateProxy.Callback => Redirecionar.Page_Load;
Error;2017/05/15 09:01:08.424;Rohr.EPC.Business.MyException: Não foi possível recuperar a sessão do usuário
   em Rohr.EPC.Business.Util.GetSessaoUsuario() na C:\Users\rafael.marques\BKP_RAFAEL\Desktop\EPC2\trunk\Rohr.EPC.Business\Util.cs:linha 27
   em Rohr.EPC.Business.AuditoriaLogBusiness.AdicionarLogLogout(HttpBrowserCapabilities browser) na C:\Users\rafael.marques\BKP_RAFAEL\Desktop\EPC2\trunk\Rohr.EPC.Business\AuditoriaLogBusiness.cs:linha 35
   em Rohr.EPC.Web.Redirecionar.Redirect(String destino) na C:\Users\rafael.marques\BKP_RAFAEL\Desktop\EPC2\trunk\Rohr.EPC.Web\Redirecionar.aspx.cs:linha 41;Rohr.EPC.Web.Redirecionar.Redirect;CalliEventHandlerDelegateProxy.Callback => Redirecionar.Page_Load => Redirecionar.Redirect;
Error;2017/05/15 09:08:23.460;Não foi possível recuperar a sessão do usuário;Rohr.EPC.Web.Redirecionar.Page_Load;Control.OnLoad => CalliEventHandlerDelegateProxy.Callback => Redirecionar.Page_Load;
Error;2017/05/15 09:08:23.501;Rohr.EPC.Business.MyException: Não foi possível recuperar a sessão do usuário
   em Rohr.EPC.Business.Util.GetSessaoUsuario() na C:\Users\rafael.marques\BKP_RAFAEL\Desktop\EPC2\trunk\Rohr.EPC.Business\Util.cs:linha 27
   em Rohr.EPC.Business.AuditoriaLogBusiness.AdicionarLogLogout(HttpBrowserCapabilities browser) na C:\Users\rafael.marques\BKP_RAFAEL\Desktop\EPC2\trunk\Rohr.EPC.Business\AuditoriaLogBusiness.cs:linha 35
   em Rohr.EPC.Web.Redirecionar.Redirect(String destino) na C:\Users\rafael.marques\BKP_RAFAEL\Desktop\EPC2\trunk\Rohr.EPC.Web\Redirecionar.aspx.cs:linha 41;Rohr.EPC.Web.Redirecionar.Redirect;CalliEventHandlerDelegateProxy.Callback => Redirecionar.Page_Load => Redirecionar.Redirect;
Error;2017/05/15 09:11:55.231;Não foi possível recuperar a sessão do usuário;Rohr.EPC.Web.Redirecionar.Page_Load;Control.OnLoad => CalliEventHandlerDelegateProxy.Callback => Redirecionar.Page_Load;
Error;2017/05/15 09:11:55.273;Rohr.EPC.Business.MyException: Não foi possível recuperar a sessão do usuário
   em Rohr.EPC.Business.Util.GetSessaoUsuario() na C:\Users\rafael.marques\BKP_RAFAEL\Desktop\EPC2\trunk\Rohr.EPC.Business\Util.cs:linha 27
   em Rohr.EPC.Business.AuditoriaLogBusiness.AdicionarLogLogout(HttpBrowserCapabilities browser) na C:\Users\rafael.marques\BKP_RAFAEL\Desktop\EPC2\trunk\Rohr.EPC.Business\AuditoriaLogBusiness.cs:linha 35
   em Rohr.EPC.Web.Redirecionar.Redirect(String destino) na C:\Users\rafael.marques\BKP_RAFAEL\Desktop\EPC2\trunk\Rohr.EPC.Web\Redirecionar.aspx.cs:linha 41;Rohr.EPC.Web.Redirecionar.Redirect;CalliEventHandlerDelegateProxy.Callback => Redirecionar.Page_Load => Redirecionar.Redirect;
Error;2017/05/15 09:12:08.188;System.IndexOutOfRangeException: Observacao
   em System.Data.ProviderBase.FieldNameLookup.GetOrdinal(String fieldName)
   em System.Data.SqlClient.SqlDataReader.GetOrdinal(String name)
   em System.Data.SqlClient.SqlDataReader.get_Item(String name)
   em Rohr.EPC.DAL.DocumentoResumoDAO.ObterUltimoResumo(Int32 idDocumento) na C:\Users\rafael.marques\BKP_RAFAEL\Desktop\EPC2\trunk\Rohr.EPC.DAL\DocumentoResumoDAO.cs:linha 50
   em Rohr.EPC.Business.DocumentoResumoBusiness.ObterUltimoResumo(Int32 idDocumento) na C:\Users\rafael.marques\BKP_RAFAEL\Desktop\EPC2\trunk\Rohr.EPC.Business\DocumentoResumoBusiness.cs:linha 21
   em Rohr.EPC.Web.Resumo.CarregarResumoProposta(Documento documento) na C:\Users\rafael.marques\BKP_RAFAEL\Desktop\EPC2\trunk\Rohr.EPC.Web\Resumo.aspx.cs:linha 126
   em Rohr.EPC.Web.Resumo.Page_Load(Object sender, EventArgs e) na C:\Users\rafael.marques\BKP_RAFAEL\Desktop\EPC2\trunk\Rohr.EPC.Web\Resumo.aspx.cs:linha 52;Rohr.EPC.Web.Resumo.Page_Load;Control.OnLoad => CalliEventHandlerDelegateProxy.Callback => Resumo.Page_Load;
Error;2017/05/15 09:18:37.173;System.IndexOutOfRangeException: Observacao
   em System.Data.ProviderBase.FieldNameLookup.GetOrdinal(String fieldName)
   em System.Data.SqlClient.SqlDataReader.GetOrdinal(String name)
   em System.Data.SqlClient.SqlDataReader.get_Item(String name)
   em Rohr.EPC.DAL.DocumentoResumoDAO.ObterUltimoResumo(Int32 idDocumento) na C:\Users\rafael.marques\BKP_RAFAEL\Desktop\EPC2\trunk\Rohr.EPC.DAL\DocumentoResumoDAO.cs:linha 50
   em Rohr.EPC.Business.DocumentoResumoBusiness.ObterUltimoResumo(Int32 idDocumento) na C:\Users\rafael.marques\BKP_RAFAEL\Desktop\EPC2\trunk\Rohr.EPC.Business\DocumentoResumoBusiness.cs:linha 21
   em Rohr.EPC.Web.Resumo.CarregarResumoProposta(Documento documento) na C:\Users\rafael.marques\BKP_RAFAEL\Desktop\EPC2\trunk\Rohr.EPC.Web\Resumo.aspx.cs:linha 126
   em Rohr.EPC.Web.Resumo.Page_Load(Object sender, EventArgs e) na C:\Users\rafael.marques\BKP_RAFAEL\Desktop\EPC2\trunk\Rohr.EPC.Web\Resumo.aspx.cs:linha 52;Rohr.EPC.Web.Resumo.Page_Load;Control.OnLoad => CalliEventHandlerDelegateProxy.Callback => Resumo.Page_Load;
Error;2017/05/15 09:38:36.157;Não foi possível recuperar a sessão do usuário;Rohr.EPC.Web.Redirecionar.Page_Load;Control.OnLoad => CalliEventHandlerDelegateProxy.Callback => Redirecionar.Page_Load;
Error;2017/05/15 09:38:36.186;Rohr.EPC.Business.MyException: Não foi possível recuperar a sessão do usuário
   em Rohr.EPC.Business.Util.GetSessaoUsuario() na C:\Users\rafael.marques\BKP_RAFAEL\Desktop\EPC2\trunk\Rohr.EPC.Business\Util.cs:linha 27
   em Rohr.EPC.Business.AuditoriaLogBusiness.AdicionarLogLogout(HttpBrowserCapabilities browser) na C:\Users\rafael.marques\BKP_RAFAEL\Desktop\EPC2\trunk\Rohr.EPC.Business\AuditoriaLogBusiness.cs:linha 35
   em Rohr.EPC.Web.Redirecionar.Redirect(String destino) na C:\Users\rafael.marques\BKP_RAFAEL\Desktop\EPC2\trunk\Rohr.EPC.Web\Redirecionar.aspx.cs:linha 41;Rohr.EPC.Web.Redirecionar.Redirect;CalliEventHandlerDelegateProxy.Callback => Redirecionar.Page_Load => Redirecionar.Redirect;
Error;2017/05/15 09:53:03.248;Não foi possível recuperar a sessão do usuário;Rohr.EPC.Web.Redirecionar.Page_Load;Control.OnLoad => CalliEventHandlerDelegateProxy.Callback => Redirecionar.Page_Load;
Error;2017/05/15 09:53:03.301;Rohr.EPC.Business.MyException: Não foi possível recuperar a sessão do usuário
   em Rohr.EPC.Business.Util.GetSessaoUsuario() na C:\Users\rafael.marques\BKP_RAFAEL\Desktop\EPC2\trunk\Rohr.EPC.Business\Util.cs:linha 27
   em Rohr.EPC.Business.AuditoriaLogBusiness.AdicionarLogLogout(HttpBrowserCapabilities browser) na C:\Users\rafael.marques\BKP_RAFAEL\Desktop\EPC2\trunk\Rohr.EPC.Business\AuditoriaLogBusiness.cs:linha 35
   em Rohr.EPC.Web.Redirecionar.Redirect(String destino) na C:\Users\rafael.marques\BKP_RAFAEL\Desktop\EPC2\trunk\Rohr.EPC.Web\Redirecionar.aspx.cs:linha 41;Rohr.EPC.Web.Redirecionar.Redirect;CalliEventHandlerDelegateProxy.Callback => Redirecionar.Page_Load => Redirecionar.Redirect;
Error;2017/05/15 09:54:12.470;Não foi possível recuperar a sessão do usuário;Rohr.EPC.Web.Redirecionar.Page_Load;Control.OnLoad => CalliEventHandlerDelegateProxy.Callback => Redirecionar.Page_Load;
Error;2017/05/15 09:54:12.521;Rohr.EPC.Business.MyException: Não foi possível recuperar a sessão do usuário
   em Rohr.EPC.Business.Util.GetSessaoUsuario() na C:\Users\rafael.marques\BKP_RAFAEL\Desktop\EPC2\trunk\Rohr.EPC.Business\Util.cs:linha 27
   em Rohr.EPC.Business.AuditoriaLogBusiness.AdicionarLogLogout(HttpBrowserCapabilities browser) na C:\Users\rafael.marques\BKP_RAFAEL\Desktop\EPC2\trunk\Rohr.EPC.Business\AuditoriaLogBusiness.cs:linha 35
   em Rohr.EPC.Web.Redirecionar.Redirect(String destino) na C:\Users\rafael.marques\BKP_RAFAEL\Desktop\EPC2\trunk\Rohr.EPC.Web\Redirecionar.aspx.cs:linha 41;Rohr.EPC.Web.Redirecionar.Redirect;CalliEventHandlerDelegateProxy.Callback => Redirecionar.Page_Load => Redirecionar.Redirect;
Error;2017/05/15 10:08:12.089;Não foi possível recuperar a sessão do usuário;Rohr.EPC.Web.Redirecionar.Page_Load;Control.OnLoad => CalliEventHandlerDelegateProxy.Callback => Redirecionar.Page_Load;
Error;2017/05/15 10:08:12.119;Rohr.EPC.Business.MyException: Não foi possível recuperar a sessão do usuário
   em Rohr.EPC.Business.Util.GetSessaoUsuario() na C:\Users\rafael.marques\BKP_RAFAEL\Desktop\EPC2\trunk\Rohr.EPC.Business\Util.cs:linha 27
   em Rohr.EPC.Business.AuditoriaLogBusiness.AdicionarLogLogout(HttpBrowserCapabilities browser) na C:\Users\rafael.marques\BKP_RAFAEL\Desktop\EPC2\trunk\Rohr.EPC.Business\AuditoriaLogBusiness.cs:linha 35
   em Rohr.EPC.Web.Redirecionar.Redirect(String destino) na C:\Users\rafael.marques\BKP_RAFAEL\Desktop\EPC2\trunk\Rohr.EPC.Web\Redirecionar.aspx.cs:linha 41;Rohr.EPC.Web.Redirecionar.Redirect;CalliEventHandlerDelegateProxy.Callback => Redirecionar.Page_Load => Redirecionar.Redirect;
Error;2017/05/15 10:13:34.432;System.IndexOutOfRangeException: Observacao
   em System.Data.ProviderBase.FieldNameLookup.GetOrdinal(String fieldName)
   em System.Data.SqlClient.SqlDataReader.GetOrdinal(String name)
   em System.Data.SqlClient.SqlDataReader.get_Item(String name)
   em Rohr.EPC.DAL.DocumentoResumoDAO.ObterUltimoResumo(Int32 idDocumento) na C:\Users\rafael.marques\BKP_RAFAEL\Desktop\EPC2\trunk\Rohr.EPC.DAL\DocumentoResumoDAO.cs:linha 50
   em Rohr.EPC.Business.DocumentoResumoBusiness.ObterUltimoResumo(Int32 idDocumento) na C:\Users\rafael.marques\BKP_RAFAEL\Desktop\EPC2\trunk\Rohr.EPC.Business\DocumentoResumoBusiness.cs:linha 21
   em Rohr.EPC.Web.Resumo.CarregarResumoProposta(Documento documento) na C:\Users\rafael.marques\BKP_RAFAEL\Desktop\EPC2\trunk\Rohr.EPC.Web\Resumo.aspx.cs:linha 126
   em Rohr.EPC.Web.Resumo.Page_Load(Object sender, EventArgs e) na C:\Users\rafael.marques\BKP_RAFAEL\Desktop\EPC2\trunk\Rohr.EPC.Web\Resumo.aspx.cs:linha 52;Rohr.EPC.Web.Resumo.Page_Load;Control.OnLoad => CalliEventHandlerDelegateProxy.Callback => Resumo.Page_Load;
Error;2017/05/15 10:17:29.217;System.IndexOutOfRangeException: Observacao
   em System.Data.ProviderBase.FieldNameLookup.GetOrdinal(String fieldName)
   em System.Data.SqlClient.SqlDataReader.GetOrdinal(String name)
   em System.Data.SqlClient.SqlDataReader.get_Item(String name)
   em Rohr.EPC.DAL.DocumentoResumoDAO.ObterUltimoResumo(Int32 idDocumento) na C:\Users\rafael.marques\BKP_RAFAEL\Desktop\EPC2\trunk\Rohr.EPC.DAL\DocumentoResumoDAO.cs:linha 50
   em Rohr.EPC.Business.DocumentoResumoBusiness.ObterUltimoResumo(Int32 idDocumento) na C:\Users\rafael.marques\BKP_RAFAEL\Desktop\EPC2\trunk\Rohr.EPC.Business\DocumentoResumoBusiness.cs:linha 21
   em Rohr.EPC.Web.Resumo.CarregarResumoProposta(Documento documento) na C:\Users\rafael.marques\BKP_RAFAEL\Desktop\EPC2\trunk\Rohr.EPC.Web\Resumo.aspx.cs:linha 126
   em Rohr.EPC.Web.Resumo.Page_Load(Object sender, EventArgs e) na C:\Users\rafael.marques\BKP_RAFAEL\Desktop\EPC2\trunk\Rohr.EPC.Web\Resumo.aspx.cs:linha 52;Rohr.EPC.Web.Resumo.Page_Load;Control.OnLoad => CalliEventHandlerDelegateProxy.Callback => Resumo.Page_Load;
Error;2017/05/15 10:38:26.340;Não foi possível recuperar a sessão do usuário;Rohr.EPC.Web.Redirecionar.Page_Load;Control.OnLoad => CalliEventHandlerDelegateProxy.Callback => Redirecionar.Page_Load;
Error;2017/05/15 10:38:26.383;Rohr.EPC.Business.MyException: Não foi possível recuperar a sessão do usuário
   em Rohr.EPC.Business.Util.GetSessaoUsuario() na C:\Users\rafael.marques\BKP_RAFAEL\Desktop\EPC2\trunk\Rohr.EPC.Business\Util.cs:linha 27
   em Rohr.EPC.Business.AuditoriaLogBusiness.AdicionarLogLogout(HttpBrowserCapabilities browser) na C:\Users\rafael.marques\BKP_RAFAEL\Desktop\EPC2\trunk\Rohr.EPC.Business\AuditoriaLogBusiness.cs:linha 35
   em Rohr.EPC.Web.Redirecionar.Redirect(String destino) na C:\Users\rafael.marques\BKP_RAFAEL\Desktop\EPC2\trunk\Rohr.EPC.Web\Redirecionar.aspx.cs:linha 41;Rohr.EPC.Web.Redirecionar.Redirect;CalliEventHandlerDelegateProxy.Callback => Redirecionar.Page_Load => Redirecionar.Redirect;
Error;2017/05/15 10:39:54.481;Não foi possível recuperar a sessão do usuário;Rohr.EPC.Web.Redirecionar.Page_Load;Control.OnLoad => CalliEventHandlerDelegateProxy.Callback => Redirecionar.Page_Load;
Error;2017/05/15 10:39:54.525;Rohr.EPC.Business.MyException: Não foi possível recuperar a sessão do usuário
   em Rohr.EPC.Business.Util.GetSessaoUsuario() na C:\Users\rafael.marques\BKP_RAFAEL\Desktop\EPC2\trunk\Rohr.EPC.Business\Util.cs:linha 27
   em Rohr.EPC.Business.AuditoriaLogBusiness.AdicionarLogLogout(HttpBrowserCapabilities browser) na C:\Users\rafael.marques\BKP_RAFAEL\Desktop\EPC2\trunk\Rohr.EPC.Business\AuditoriaLogBusiness.cs:linha 35
   em Rohr.EPC.Web.Redirecionar.Redirect(String destino) na C:\Users\rafael.marques\BKP_RAFAEL\Desktop\EPC2\trunk\Rohr.EPC.Web\Redirecionar.aspx.cs:linha 41;Rohr.EPC.Web.Redirecionar.Redirect;CalliEventHandlerDelegateProxy.Callback => Redirecionar.Page_Load => Redirecionar.Redirect;
Error;2017/05/15 10:43:10.362;Não foi possível recuperar a sessão do usuário;Rohr.EPC.Web.Redirecionar.Page_Load;Control.OnLoad => CalliEventHandlerDelegateProxy.Callback => Redirecionar.Page_Load;
Error;2017/05/15 10:43:10.407;Rohr.EPC.Business.MyException: Não foi possível recuperar a sessão do usuário
   em Rohr.EPC.Business.Util.GetSessaoUsuario() na C:\Users\rafael.marques\BKP_RAFAEL\Desktop\EPC2\trunk\Rohr.EPC.Business\Util.cs:linha 27
   em Rohr.EPC.Business.AuditoriaLogBusiness.AdicionarLogLogout(HttpBrowserCapabilities browser) na C:\Users\rafael.marques\BKP_RAFAEL\Desktop\EPC2\trunk\Rohr.EPC.Business\AuditoriaLogBusiness.cs:linha 35
   em Rohr.EPC.Web.Redirecionar.Redirect(String destino) na C:\Users\rafael.marques\BKP_RAFAEL\Desktop\EPC2\trunk\Rohr.EPC.Web\Redirecionar.aspx.cs:linha 41;Rohr.EPC.Web.Redirecionar.Redirect;CalliEventHandlerDelegateProxy.Callback => Redirecionar.Page_Load => Redirecionar.Redirect;
Error;2017/05/15 11:11:24.831;Não foi possível recuperar a sessão do usuário;Rohr.EPC.Web.Redirecionar.Page_Load;Control.OnLoad => CalliEventHandlerDelegateProxy.Callback => Redirecionar.Page_Load;
Error;2017/05/15 11:11:24.874;Rohr.EPC.Business.MyException: Não foi possível recuperar a sessão do usuário
   em Rohr.EPC.Business.Util.GetSessaoUsuario() na C:\Users\rafael.marques\BKP_RAFAEL\Desktop\EPC2\trunk\Rohr.EPC.Business\Util.cs:linha 27
   em Rohr.EPC.Business.AuditoriaLogBusiness.AdicionarLogLogout(HttpBrowserCapabilities browser) na C:\Users\rafael.marques\BKP_RAFAEL\Desktop\EPC2\trunk\Rohr.EPC.Business\AuditoriaLogBusiness.cs:linha 35
   em Rohr.EPC.Web.Redirecionar.Redirect(String destino) na C:\Users\rafael.marques\BKP_RAFAEL\Desktop\EPC2\trunk\Rohr.EPC.Web\Redirecionar.aspx.cs:linha 41;Rohr.EPC.Web.Redirecionar.Redirect;CalliEventHandlerDelegateProxy.Callback => Redirecionar.Page_Load => Redirecionar.Redirect;
Error;2017/05/15 11:37:35.669;Não foi possível recuperar a sessão do usuário;Rohr.EPC.Web.Redirecionar.Page_Load;Control.OnLoad => CalliEventHandlerDelegateProxy.Callback => Redirecionar.Page_Load;
Error;2017/05/15 11:37:35.729;Rohr.EPC.Business.MyException: Não foi possível recuperar a sessão do usuário
   em Rohr.EPC.Business.Util.GetSessaoUsuario() na C:\Users\rafael.marques\BKP_RAFAEL\Desktop\EPC2\trunk\Rohr.EPC.Business\Util.cs:linha 27
   em Rohr.EPC.Business.AuditoriaLogBusiness.AdicionarLogLogout(HttpBrowserCapabilities browser) na C:\Users\rafael.marques\BKP_RAFAEL\Desktop\EPC2\trunk\Rohr.EPC.Business\AuditoriaLogBusiness.cs:linha 35
   em Rohr.EPC.Web.Redirecionar.Redirect(String destino) na C:\Users\rafael.marques\BKP_RAFAEL\Desktop\EPC2\trunk\Rohr.EPC.Web\Redirecionar.aspx.cs:linha 41;Rohr.EPC.Web.Redirecionar.Redirect;CalliEventHandlerDelegateProxy.Callback => Redirecionar.Page_Load => Redirecionar.Redirect;
Error;2017/05/15 11:39:56.718;System.IndexOutOfRangeException: Observacao
   em System.Data.ProviderBase.FieldNameLookup.GetOrdinal(String fieldName)
   em System.Data.SqlClient.SqlDataReader.GetOrdinal(String name)
   em System.Data.SqlClient.SqlDataReader.get_Item(String name)
   em Rohr.EPC.DAL.DocumentoResumoDAO.ObterUltimoResumo(Int32 idDocumento) na C:\Users\rafael.marques\BKP_RAFAEL\Desktop\EPC2\trunk\Rohr.EPC.DAL\DocumentoResumoDAO.cs:linha 50
   em Rohr.EPC.Business.DocumentoResumoBusiness.ObterUltimoResumo(Int32 idDocumento) na C:\Users\rafael.marques\BKP_RAFAEL\Desktop\EPC2\trunk\Rohr.EPC.Business\DocumentoResumoBusiness.cs:linha 21
   em Rohr.EPC.Web.Resumo.CarregarResumoProposta(Documento documento) na C:\Users\rafael.marques\BKP_RAFAEL\Desktop\EPC2\trunk\Rohr.EPC.Web\Resumo.aspx.cs:linha 126
   em Rohr.EPC.Web.Resumo.Page_Load(Object sender, EventArgs e) na C:\Users\rafael.marques\BKP_RAFAEL\Desktop\EPC2\trunk\Rohr.EPC.Web\Resumo.aspx.cs:linha 52;Rohr.EPC.Web.Resumo.Page_Load;Control.OnLoad => CalliEventHandlerDelegateProxy.Callback => Resumo.Page_Load;
Error;2017/05/15 11:40:13.671;Não foi possível recuperar a sessão do usuário;Rohr.EPC.Web.Redirecionar.Page_Load;Control.OnLoad => CalliEventHandlerDelegateProxy.Callback => Redirecionar.Page_Load;
Error;2017/05/15 11:40:13.716;Rohr.EPC.Business.MyException: Não foi possível recuperar a sessão do usuário
   em Rohr.EPC.Business.Util.GetSessaoUsuario() na C:\Users\rafael.marques\BKP_RAFAEL\Desktop\EPC2\trunk\Rohr.EPC.Business\Util.cs:linha 27
   em Rohr.EPC.Business.AuditoriaLogBusiness.AdicionarLogLogout(HttpBrowserCapabilities browser) na C:\Users\rafael.marques\BKP_RAFAEL\Desktop\EPC2\trunk\Rohr.EPC.Business\AuditoriaLogBusiness.cs:linha 35
   em Rohr.EPC.Web.Redirecionar.Redirect(String destino) na C:\Users\rafael.marques\BKP_RAFAEL\Desktop\EPC2\trunk\Rohr.EPC.Web\Redirecionar.aspx.cs:linha 41;Rohr.EPC.Web.Redirecionar.Redirect;CalliEventHandlerDelegateProxy.Callback => Redirecionar.Page_Load => Redirecionar.Redirect;
Error;2017/05/15 11:40:39.606;System.FormatException: Cadeia de caracteres não foi reconhecida como Boolean válido.
   em System.Boolean.Parse(String value)
   em Rohr.EPC.DAL.DocumentoDAO.Obter(String proc, Int32 id) na C:\Users\rafael.marques\BKP_RAFAEL\Desktop\EPC2\trunk\Rohr.EPC.DAL\DocumentoDAO.cs:linha 225
   em Rohr.EPC.DAL.DocumentoDAO.ObterPorId(Int32 idDocumento) na C:\Users\rafael.marques\BKP_RAFAEL\Desktop\EPC2\trunk\Rohr.EPC.DAL\DocumentoDAO.cs:linha 258
   em Rohr.EPC.Business.DocumentoBusiness.ObterPorId(Int32 idDocumento) na C:\Users\rafael.marques\BKP_RAFAEL\Desktop\EPC2\trunk\Rohr.EPC.Business\DocumentoBusiness.cs:linha 96
   em Rohr.EPC.Business.DocumentoBusiness.RecuperarDocumento(Int32 idDocumento) na C:\Users\rafael.marques\BKP_RAFAEL\Desktop\EPC2\trunk\Rohr.EPC.Business\DocumentoBusiness.cs:linha 80
   em Rohr.EPC.Web.MasterPage.MasterDefault.ObterProximaAcao(Boolean visualizarWorkflow) na C:\Users\rafael.marques\BKP_RAFAEL\Desktop\EPC2\trunk\Rohr.EPC.Web\MasterPage\MasterDefault.Master.cs:linha 540
   em Rohr.EPC.Web.MasterPage.MasterDefault.btnMenu_Click(Object sender, EventArgs e) na C:\Users\rafael.marques\BKP_RAFAEL\Desktop\EPC2\trunk\Rohr.EPC.Web\MasterPage\MasterDefault.Master.cs:linha 80;Rohr.EPC.Web.MasterPage.MasterDefault.btnMenu_Click;LinkButton.RaisePostBackEvent => LinkButton.OnClick => MasterDefault.btnMenu_Click;
Error;2017/05/15 11:57:59.012;Rohr.EPC.Business.MyException: Não foi possível recuperar a sessão documento
   em Rohr.EPC.Business.Util.GetSessaoDocumento() na C:\Users\rafael.marques\BKP_RAFAEL\Desktop\EPC2\trunk\Rohr.EPC.Business\Util.cs:linha 43
   em Rohr.EPC.Web.Detalhe.Page_Load(Object sender, EventArgs e) na C:\Users\rafael.marques\BKP_RAFAEL\Desktop\EPC2\trunk\Rohr.EPC.Web\Detalhe.aspx.cs:linha 46;Rohr.EPC.Web.Detalhe.Page_Load;Control.OnLoad => CalliEventHandlerDelegateProxy.Callback => Detalhe.Page_Load;
Error;2017/05/15 11:57:59.186;Rohr.EPC.Business.MyException: Não foi possível recuperar a sessão do usuário
   em Rohr.EPC.Business.Util.GetSessaoUsuario() na C:\Users\rafael.marques\BKP_RAFAEL\Desktop\EPC2\trunk\Rohr.EPC.Business\Util.cs:linha 27
   em Rohr.EPC.Web.MasterPage.MasterDefault.Page_Load(Object sender, EventArgs e) na C:\Users\rafael.marques\BKP_RAFAEL\Desktop\EPC2\trunk\Rohr.EPC.Web\MasterPage\MasterDefault.Master.cs:linha 22;Rohr.EPC.Web.MasterPage.MasterDefault.Page_Load;Control.OnLoad => CalliEventHandlerDelegateProxy.Callback => MasterDefault.Page_Load;
Error;2017/05/15 14:15:56.414;System.IndexOutOfRangeException: Observacao
   em System.Data.ProviderBase.FieldNameLookup.GetOrdinal(String fieldName)
   em System.Data.SqlClient.SqlDataReader.GetOrdinal(String name)
   em System.Data.SqlClient.SqlDataReader.get_Item(String name)
   em Rohr.EPC.DAL.DocumentoResumoDAO.ObterUltimoResumo(Int32 idDocumento) na C:\Users\rafael.marques\BKP_RAFAEL\Desktop\EPC2\trunk\Rohr.EPC.DAL\DocumentoResumoDAO.cs:linha 50
   em Rohr.EPC.Business.DocumentoResumoBusiness.ObterUltimoResumo(Int32 idDocumento) na C:\Users\rafael.marques\BKP_RAFAEL\Desktop\EPC2\trunk\Rohr.EPC.Business\DocumentoResumoBusiness.cs:linha 21
   em Rohr.EPC.Web.Resumo.CarregarResumoProposta(Documento documento) na C:\Users\rafael.marques\BKP_RAFAEL\Desktop\EPC2\trunk\Rohr.EPC.Web\Resumo.aspx.cs:linha 126
   em Rohr.EPC.Web.Resumo.Page_Load(Object sender, EventArgs e) na C:\Users\rafael.marques\BKP_RAFAEL\Desktop\EPC2\trunk\Rohr.EPC.Web\Resumo.aspx.cs:linha 52;Rohr.EPC.Web.Resumo.Page_Load;Control.OnLoad => CalliEventHandlerDelegateProxy.Callback => Resumo.Page_Load;
Error;2017/05/15 14:17:54.206;System.IndexOutOfRangeException: Observacao
   em System.Data.ProviderBase.FieldNameLookup.GetOrdinal(String fieldName)
   em System.Data.SqlClient.SqlDataReader.GetOrdinal(String name)
   em System.Data.SqlClient.SqlDataReader.get_Item(String name)
   em Rohr.EPC.DAL.DocumentoResumoDAO.ObterUltimoResumo(Int32 idDocumento) na C:\Users\rafael.marques\BKP_RAFAEL\Desktop\EPC2\trunk\Rohr.EPC.DAL\DocumentoResumoDAO.cs:linha 50
   em Rohr.EPC.Business.DocumentoResumoBusiness.ObterUltimoResumo(Int32 idDocumento) na C:\Users\rafael.marques\BKP_RAFAEL\Desktop\EPC2\trunk\Rohr.EPC.Business\DocumentoResumoBusiness.cs:linha 21
   em Rohr.EPC.Web.Resumo.CarregarResumoProposta(Documento documento) na C:\Users\rafael.marques\BKP_RAFAEL\Desktop\EPC2\trunk\Rohr.EPC.Web\Resumo.aspx.cs:linha 126
   em Rohr.EPC.Web.Resumo.Page_Load(Object sender, EventArgs e) na C:\Users\rafael.marques\BKP_RAFAEL\Desktop\EPC2\trunk\Rohr.EPC.Web\Resumo.aspx.cs:linha 52;Rohr.EPC.Web.Resumo.Page_Load;Control.OnLoad => CalliEventHandlerDelegateProxy.Callback => Resumo.Page_Load;
Error;2017/05/15 14:38:51.186;System.IndexOutOfRangeException: ExibirHistoria
   em System.Data.ProviderBase.FieldNameLookup.GetOrdinal(String fieldName)
   em System.Data.SqlClient.SqlDataReader.GetOrdinal(String name)
   em System.Data.SqlClient.SqlDataReader.get_Item(String name)
   em Rohr.EPC.DAL.DocumentoDAO.Obter(String proc, Int32 id) na C:\Users\rafael.marques\BKP_RAFAEL\Desktop\EPC2\trunk\Rohr.EPC.DAL\DocumentoDAO.cs:linha 225
   em Rohr.EPC.DAL.DocumentoDAO.ObterPorId(Int32 idDocumento) na C:\Users\rafael.marques\BKP_RAFAEL\Desktop\EPC2\trunk\Rohr.EPC.DAL\DocumentoDAO.cs:linha 258
   em Rohr.EPC.Business.DocumentoBusiness.ObterPorId(Int32 idDocumento) na C:\Users\rafael.marques\BKP_RAFAEL\Desktop\EPC2\trunk\Rohr.EPC.Business\DocumentoBusiness.cs:linha 96
   em Rohr.EPC.Business.DocumentoBusiness.RecuperarDocumento(Int32 idDocumento) na C:\Users\rafael.marques\BKP_RAFAEL\Desktop\EPC2\trunk\Rohr.EPC.Business\DocumentoBusiness.cs:linha 80
   em Rohr.EPC.Web.MasterPage.MasterDefault.ObterProximaAcao(Boolean visualizarWorkflow) na C:\Users\rafael.marques\BKP_RAFAEL\Desktop\EPC2\trunk\Rohr.EPC.Web\MasterPage\MasterDefault.Master.cs:linha 540
   em Rohr.EPC.Web.MasterPage.MasterDefault.btnMenu_Click(Object sender, EventArgs e) na C:\Users\rafael.marques\BKP_RAFAEL\Desktop\EPC2\trunk\Rohr.EPC.Web\MasterPage\MasterDefault.Master.cs:linha 80;Rohr.EPC.Web.MasterPage.MasterDefault.btnMenu_Click;LinkButton.RaisePostBackEvent => LinkButton.OnClick => MasterDefault.btnMenu_Click;
Error;2017/05/15 14:39:17.352;Rohr.EPC.Business.MyException: A oportunidade pesquisada já se encontra no fluxo de aprovações ;(
   em Rohr.EPC.Web.PropostaDocumento.ValidarNumeroProposta() na C:\Users\rafael.marques\BKP_RAFAEL\Desktop\EPC2\trunk\Rohr.EPC.Web\PropostaDocumento.aspx.cs:linha 28
   em Rohr.EPC.Web.PropostaDocumento.linkButtonPesquisar_Click(Object sender, EventArgs e) na C:\Users\rafael.marques\BKP_RAFAEL\Desktop\EPC2\trunk\Rohr.EPC.Web\PropostaDocumento.aspx.cs:linha 198;Rohr.EPC.Web.PropostaDocumento.linkButtonPesquisar_Click;LinkButton.RaisePostBackEvent => LinkButton.OnClick => PropostaDocumento.linkButtonPesquisar_Click;
Error;2017/05/15 17:09:08.736;System.IndexOutOfRangeException: Resumo
   em System.Data.ProviderBase.FieldNameLookup.GetOrdinal(String fieldName)
   em System.Data.SqlClient.SqlDataReader.GetOrdinal(String name)
   em System.Data.SqlClient.SqlDataReader.get_Item(String name)
   em Rohr.EPC.DAL.DocumentoResumoDAO.ObterUltimoResumo(Int32 idDocumento) na C:\Users\rafael.marques\BKP_RAFAEL\Desktop\EPC2\trunk\Rohr.EPC.DAL\DocumentoResumoDAO.cs:linha 50
   em Rohr.EPC.Business.DocumentoResumoBusiness.ObterUltimoResumo(Int32 idDocumento) na C:\Users\rafael.marques\BKP_RAFAEL\Desktop\EPC2\trunk\Rohr.EPC.Business\DocumentoResumoBusiness.cs:linha 21
   em Rohr.EPC.Web.Resumo.CarregarResumoProposta(Documento documento) na C:\Users\rafael.marques\BKP_RAFAEL\Desktop\EPC2\trunk\Rohr.EPC.Web\Resumo.aspx.cs:linha 126
   em Rohr.EPC.Web.Resumo.Page_Load(Object sender, EventArgs e) na C:\Users\rafael.marques\BKP_RAFAEL\Desktop\EPC2\trunk\Rohr.EPC.Web\Resumo.aspx.cs:linha 52;Rohr.EPC.Web.Resumo.Page_Load;Control.OnLoad => CalliEventHandlerDelegateProxy.Callback => Resumo.Page_Load;
