Error;2017/07/20 08:47:41.607;Não foi possível recuperar a sessão do usuário;Rohr.EPC.Web.Redirecionar.Page_Load;Control.OnLoad => CalliEventHandlerDelegateProxy.Callback => Redirecionar.Page_Load;
Error;2017/07/20 08:47:41.681;Rohr.EPC.Business.MyException: Não foi possível recuperar a sessão do usuário
   em Rohr.EPC.Business.Util.GetSessaoUsuario() na R:\AdmCorporativa\Sistemas\Scripts\Rodnei\EPC\trunk\Rohr.EPC.Business\Util.cs:linha 27
   em Rohr.EPC.Business.AuditoriaLogBusiness.AdicionarLogLogout(HttpBrowserCapabilities browser) na R:\AdmCorporativa\Sistemas\Scripts\Rodnei\EPC\trunk\Rohr.EPC.Business\AuditoriaLogBusiness.cs:linha 35
   em Rohr.EPC.Web.Redirecionar.Redirect(String destino) na R:\AdmCorporativa\Sistemas\Scripts\Rodnei\EPC\trunk\Rohr.EPC.Web\Redirecionar.aspx.cs:linha 41;Rohr.EPC.Web.Redirecionar.Redirect;CalliEventHandlerDelegateProxy.Callback => Redirecionar.Page_Load => Redirecionar.Redirect;
Error;2017/07/20 08:47:51.983;System.NullReferenceException: Referência de objeto não definida para uma instância de um objeto.
   em Rohr.EPC.Web.TermoAditivo.ObterOportunidadePmweb(Int32 numeroOportunidade) na R:\AdmCorporativa\Sistemas\Scripts\Rodnei\EPC\trunk\Rohr.EPC.Web\GerarTermoAditivo.aspx.cs:linha 111
   em Rohr.EPC.Web.TermoAditivo.ValidarNumeroProposta() na R:\AdmCorporativa\Sistemas\Scripts\Rodnei\EPC\trunk\Rohr.EPC.Web\GerarTermoAditivo.aspx.cs:linha 59
   em Rohr.EPC.Web.TermoAditivo.Page_Load(Object sender, EventArgs e) na R:\AdmCorporativa\Sistemas\Scripts\Rodnei\EPC\trunk\Rohr.EPC.Web\GerarTermoAditivo.aspx.cs:linha 172;Rohr.EPC.Web.TermoAditivo.Page_Load;Control.OnLoad => CalliEventHandlerDelegateProxy.Callback => TermoAditivo.Page_Load;
Error;2017/07/20 08:47:52.073;System.NullReferenceException: Referência de objeto não definida para uma instância de um objeto.
   em Rohr.EPC.Web.TermoAditivo.ObterOportunidadePmweb(Int32 numeroOportunidade) na R:\AdmCorporativa\Sistemas\Scripts\Rodnei\EPC\trunk\Rohr.EPC.Web\GerarTermoAditivo.aspx.cs:linha 111
   em Rohr.EPC.Web.TermoAditivo.ValidarNumeroProposta() na R:\AdmCorporativa\Sistemas\Scripts\Rodnei\EPC\trunk\Rohr.EPC.Web\GerarTermoAditivo.aspx.cs:linha 59
   em Rohr.EPC.Web.TermoAditivo.linkButtonPesquisar_Click(Object sender, EventArgs e) na R:\AdmCorporativa\Sistemas\Scripts\Rodnei\EPC\trunk\Rohr.EPC.Web\GerarTermoAditivo.aspx.cs:linha 209;Rohr.EPC.Web.TermoAditivo.linkButtonPesquisar_Click;LinkButton.RaisePostBackEvent => LinkButton.OnClick => TermoAditivo.linkButtonPesquisar_Click;
Error;2017/07/20 08:49:05.360;Não foi possível recuperar a sessão do usuário;Rohr.EPC.Web.Redirecionar.Page_Load;Control.OnLoad => CalliEventHandlerDelegateProxy.Callback => Redirecionar.Page_Load;
Error;2017/07/20 08:49:05.411;Rohr.EPC.Business.MyException: Não foi possível recuperar a sessão do usuário
   em Rohr.EPC.Business.Util.GetSessaoUsuario() na R:\AdmCorporativa\Sistemas\Scripts\Rodnei\EPC\trunk\Rohr.EPC.Business\Util.cs:linha 27
   em Rohr.EPC.Business.AuditoriaLogBusiness.AdicionarLogLogout(HttpBrowserCapabilities browser) na R:\AdmCorporativa\Sistemas\Scripts\Rodnei\EPC\trunk\Rohr.EPC.Business\AuditoriaLogBusiness.cs:linha 35
   em Rohr.EPC.Web.Redirecionar.Redirect(String destino) na R:\AdmCorporativa\Sistemas\Scripts\Rodnei\EPC\trunk\Rohr.EPC.Web\Redirecionar.aspx.cs:linha 41;Rohr.EPC.Web.Redirecionar.Redirect;CalliEventHandlerDelegateProxy.Callback => Redirecionar.Page_Load => Redirecionar.Redirect;
Error;2017/07/20 08:55:18.897;Não foi possível recuperar a sessão do usuário;Rohr.EPC.Web.Redirecionar.Page_Load;Control.OnLoad => CalliEventHandlerDelegateProxy.Callback => Redirecionar.Page_Load;
Error;2017/07/20 08:55:18.962;Rohr.EPC.Business.MyException: Não foi possível recuperar a sessão do usuário
   em Rohr.EPC.Business.Util.GetSessaoUsuario() na R:\AdmCorporativa\Sistemas\Scripts\Rodnei\EPC\trunk\Rohr.EPC.Business\Util.cs:linha 27
   em Rohr.EPC.Business.AuditoriaLogBusiness.AdicionarLogLogout(HttpBrowserCapabilities browser) na R:\AdmCorporativa\Sistemas\Scripts\Rodnei\EPC\trunk\Rohr.EPC.Business\AuditoriaLogBusiness.cs:linha 35
   em Rohr.EPC.Web.Redirecionar.Redirect(String destino) na R:\AdmCorporativa\Sistemas\Scripts\Rodnei\EPC\trunk\Rohr.EPC.Web\Redirecionar.aspx.cs:linha 41;Rohr.EPC.Web.Redirecionar.Redirect;CalliEventHandlerDelegateProxy.Callback => Redirecionar.Page_Load => Redirecionar.Redirect;
Error;2017/07/20 09:01:32.915;Não foi possível recuperar a sessão do usuário;Rohr.EPC.Web.Redirecionar.Page_Load;Control.OnLoad => CalliEventHandlerDelegateProxy.Callback => Redirecionar.Page_Load;
Error;2017/07/20 09:01:32.968;Rohr.EPC.Business.MyException: Não foi possível recuperar a sessão do usuário
   em Rohr.EPC.Business.Util.GetSessaoUsuario() na R:\AdmCorporativa\Sistemas\Scripts\Rodnei\EPC\trunk\Rohr.EPC.Business\Util.cs:linha 27
   em Rohr.EPC.Business.AuditoriaLogBusiness.AdicionarLogLogout(HttpBrowserCapabilities browser) na R:\AdmCorporativa\Sistemas\Scripts\Rodnei\EPC\trunk\Rohr.EPC.Business\AuditoriaLogBusiness.cs:linha 35
   em Rohr.EPC.Web.Redirecionar.Redirect(String destino) na R:\AdmCorporativa\Sistemas\Scripts\Rodnei\EPC\trunk\Rohr.EPC.Web\Redirecionar.aspx.cs:linha 41;Rohr.EPC.Web.Redirecionar.Redirect;CalliEventHandlerDelegateProxy.Callback => Redirecionar.Page_Load => Redirecionar.Redirect;
Error;2017/07/20 09:21:17.995;Não foi possível recuperar a sessão do usuário;Rohr.EPC.Web.Redirecionar.Page_Load;Control.OnLoad => CalliEventHandlerDelegateProxy.Callback => Redirecionar.Page_Load;
Error;2017/07/20 09:21:18.043;Rohr.EPC.Business.MyException: Não foi possível recuperar a sessão do usuário
   em Rohr.EPC.Business.Util.GetSessaoUsuario() na R:\AdmCorporativa\Sistemas\Scripts\Rodnei\EPC\trunk\Rohr.EPC.Business\Util.cs:linha 27
   em Rohr.EPC.Business.AuditoriaLogBusiness.AdicionarLogLogout(HttpBrowserCapabilities browser) na R:\AdmCorporativa\Sistemas\Scripts\Rodnei\EPC\trunk\Rohr.EPC.Business\AuditoriaLogBusiness.cs:linha 35
   em Rohr.EPC.Web.Redirecionar.Redirect(String destino) na R:\AdmCorporativa\Sistemas\Scripts\Rodnei\EPC\trunk\Rohr.EPC.Web\Redirecionar.aspx.cs:linha 41;Rohr.EPC.Web.Redirecionar.Redirect;CalliEventHandlerDelegateProxy.Callback => Redirecionar.Page_Load => Redirecionar.Redirect;
Error;2017/07/20 09:35:59.345;Não foi possível recuperar a sessão do usuário;Rohr.EPC.Web.Redirecionar.Page_Load;Control.OnLoad => CalliEventHandlerDelegateProxy.Callback => Redirecionar.Page_Load;
Error;2017/07/20 09:35:59.406;Rohr.EPC.Business.MyException: Não foi possível recuperar a sessão do usuário
   em Rohr.EPC.Business.Util.GetSessaoUsuario() na R:\AdmCorporativa\Sistemas\Scripts\Rodnei\EPC\trunk\Rohr.EPC.Business\Util.cs:linha 27
   em Rohr.EPC.Business.AuditoriaLogBusiness.AdicionarLogLogout(HttpBrowserCapabilities browser) na R:\AdmCorporativa\Sistemas\Scripts\Rodnei\EPC\trunk\Rohr.EPC.Business\AuditoriaLogBusiness.cs:linha 35
   em Rohr.EPC.Web.Redirecionar.Redirect(String destino) na R:\AdmCorporativa\Sistemas\Scripts\Rodnei\EPC\trunk\Rohr.EPC.Web\Redirecionar.aspx.cs:linha 41;Rohr.EPC.Web.Redirecionar.Redirect;CalliEventHandlerDelegateProxy.Callback => Redirecionar.Page_Load => Redirecionar.Redirect;
Error;2017/07/20 09:36:09.046;System.InvalidOperationException: A propriedade ConnectionString não foi inicializada.
   em System.Data.SqlClient.SqlConnection.PermissionDemand()
   em System.Data.SqlClient.SqlConnectionFactory.PermissionDemand(DbConnection outerConnection)
   em System.Data.ProviderBase.DbConnectionInternal.TryOpenConnectionInternal(DbConnection outerConnection, DbConnectionFactory connectionFactory, TaskCompletionSource`1 retry, DbConnectionOptions userOptions)
   em System.Data.ProviderBase.DbConnectionClosed.TryOpenConnection(DbConnection outerConnection, DbConnectionFactory connectionFactory, TaskCompletionSource`1 retry, DbConnectionOptions userOptions)
   em System.Data.SqlClient.SqlConnection.TryOpenInner(TaskCompletionSource`1 retry)
   em System.Data.SqlClient.SqlConnection.TryOpen(TaskCompletionSource`1 retry)
   em System.Data.SqlClient.SqlConnection.Open()
   em System.Data.Common.DbDataAdapter.FillInternal(DataSet dataset, DataTable[] datatables, Int32 startRecord, Int32 maxRecords, String srcTable, IDbCommand command, CommandBehavior behavior)
   em System.Data.Common.DbDataAdapter.Fill(DataTable[] dataTables, Int32 startRecord, Int32 maxRecords, IDbCommand command, CommandBehavior behavior)
   em System.Data.Common.DbDataAdapter.Fill(DataTable dataTable)
   em Rohr.Data.DbComando.RetornarDataTable(String comandoSql, IDbConnection conexao, DbParametros parametros, CommandType tipoComando, IDbTransaction transacao) na R:\AdmCorporativa\Sistemas\Scripts\Rodnei\EPC\trunk\Rohr.Data\DbComando.cs:linha 41
   em Rohr.Data.DbHelper.ExecutarDataTable(String comandoSql, DbParametros parametros, IDbTransaction transacao, CommandType tipoComando) na R:\AdmCorporativa\Sistemas\Scripts\Rodnei\EPC\trunk\Rohr.Data\DbHelper.cs:linha 206
   em Rohr.Data.DbHelper.ExecutarDataTable(String comandoSql, DbParametros parametros, IDbTransaction transacao) na R:\AdmCorporativa\Sistemas\Scripts\Rodnei\EPC\trunk\Rohr.Data\DbHelper.cs:linha 196
   em Rohr.Data.DbHelper.ExecutarDataTable(String comandoSql, DbParametros parametros) na R:\AdmCorporativa\Sistemas\Scripts\Rodnei\EPC\trunk\Rohr.Data\DbHelper.cs:linha 184
   em Rohr.EPC.Web.TermoAditivo.ObterOportunidadePmweb(Int32 numeroOportunidade) na R:\AdmCorporativa\Sistemas\Scripts\Rodnei\EPC\trunk\Rohr.EPC.Web\GerarTermoAditivo.aspx.cs:linha 121
   em Rohr.EPC.Web.TermoAditivo.ValidarNumeroProposta() na R:\AdmCorporativa\Sistemas\Scripts\Rodnei\EPC\trunk\Rohr.EPC.Web\GerarTermoAditivo.aspx.cs:linha 60
   em Rohr.EPC.Web.TermoAditivo.linkButtonPesquisar_Click(Object sender, EventArgs e) na R:\AdmCorporativa\Sistemas\Scripts\Rodnei\EPC\trunk\Rohr.EPC.Web\GerarTermoAditivo.aspx.cs:linha 235;Rohr.EPC.Web.TermoAditivo.linkButtonPesquisar_Click;LinkButton.RaisePostBackEvent => LinkButton.OnClick => TermoAditivo.linkButtonPesquisar_Click;
Error;2017/07/20 09:37:19.297;Não foi possível recuperar a sessão do usuário;Rohr.EPC.Web.Redirecionar.Page_Load;Control.OnLoad => CalliEventHandlerDelegateProxy.Callback => Redirecionar.Page_Load;
Error;2017/07/20 09:37:19.359;Rohr.EPC.Business.MyException: Não foi possível recuperar a sessão do usuário
   em Rohr.EPC.Business.Util.GetSessaoUsuario() na R:\AdmCorporativa\Sistemas\Scripts\Rodnei\EPC\trunk\Rohr.EPC.Business\Util.cs:linha 27
   em Rohr.EPC.Business.AuditoriaLogBusiness.AdicionarLogLogout(HttpBrowserCapabilities browser) na R:\AdmCorporativa\Sistemas\Scripts\Rodnei\EPC\trunk\Rohr.EPC.Business\AuditoriaLogBusiness.cs:linha 35
   em Rohr.EPC.Web.Redirecionar.Redirect(String destino) na R:\AdmCorporativa\Sistemas\Scripts\Rodnei\EPC\trunk\Rohr.EPC.Web\Redirecionar.aspx.cs:linha 41;Rohr.EPC.Web.Redirecionar.Redirect;CalliEventHandlerDelegateProxy.Callback => Redirecionar.Page_Load => Redirecionar.Redirect;
Error;2017/07/20 09:37:28.150;System.InvalidOperationException: A propriedade ConnectionString não foi inicializada.
   em System.Data.SqlClient.SqlConnection.PermissionDemand()
   em System.Data.SqlClient.SqlConnectionFactory.PermissionDemand(DbConnection outerConnection)
   em System.Data.ProviderBase.DbConnectionInternal.TryOpenConnectionInternal(DbConnection outerConnection, DbConnectionFactory connectionFactory, TaskCompletionSource`1 retry, DbConnectionOptions userOptions)
   em System.Data.ProviderBase.DbConnectionClosed.TryOpenConnection(DbConnection outerConnection, DbConnectionFactory connectionFactory, TaskCompletionSource`1 retry, DbConnectionOptions userOptions)
   em System.Data.SqlClient.SqlConnection.TryOpenInner(TaskCompletionSource`1 retry)
   em System.Data.SqlClient.SqlConnection.TryOpen(TaskCompletionSource`1 retry)
   em System.Data.SqlClient.SqlConnection.Open()
   em System.Data.Common.DbDataAdapter.FillInternal(DataSet dataset, DataTable[] datatables, Int32 startRecord, Int32 maxRecords, String srcTable, IDbCommand command, CommandBehavior behavior)
   em System.Data.Common.DbDataAdapter.Fill(DataTable[] dataTables, Int32 startRecord, Int32 maxRecords, IDbCommand command, CommandBehavior behavior)
   em System.Data.Common.DbDataAdapter.Fill(DataTable dataTable)
   em Rohr.Data.DbComando.RetornarDataTable(String comandoSql, IDbConnection conexao, DbParametros parametros, CommandType tipoComando, IDbTransaction transacao) na R:\AdmCorporativa\Sistemas\Scripts\Rodnei\EPC\trunk\Rohr.Data\DbComando.cs:linha 41
   em Rohr.Data.DbHelper.ExecutarDataTable(String comandoSql, DbParametros parametros, IDbTransaction transacao, CommandType tipoComando) na R:\AdmCorporativa\Sistemas\Scripts\Rodnei\EPC\trunk\Rohr.Data\DbHelper.cs:linha 206
   em Rohr.Data.DbHelper.ExecutarDataTable(String comandoSql, DbParametros parametros, IDbTransaction transacao) na R:\AdmCorporativa\Sistemas\Scripts\Rodnei\EPC\trunk\Rohr.Data\DbHelper.cs:linha 196
   em Rohr.Data.DbHelper.ExecutarDataTable(String comandoSql, DbParametros parametros) na R:\AdmCorporativa\Sistemas\Scripts\Rodnei\EPC\trunk\Rohr.Data\DbHelper.cs:linha 184
   em Rohr.EPC.Web.TermoAditivo.ObterOportunidadePmweb(Int32 numeroOportunidade) na R:\AdmCorporativa\Sistemas\Scripts\Rodnei\EPC\trunk\Rohr.EPC.Web\GerarTermoAditivo.aspx.cs:linha 121
   em Rohr.EPC.Web.TermoAditivo.ValidarNumeroProposta() na R:\AdmCorporativa\Sistemas\Scripts\Rodnei\EPC\trunk\Rohr.EPC.Web\GerarTermoAditivo.aspx.cs:linha 60
   em Rohr.EPC.Web.TermoAditivo.linkButtonPesquisar_Click(Object sender, EventArgs e) na R:\AdmCorporativa\Sistemas\Scripts\Rodnei\EPC\trunk\Rohr.EPC.Web\GerarTermoAditivo.aspx.cs:linha 235;Rohr.EPC.Web.TermoAditivo.linkButtonPesquisar_Click;LinkButton.RaisePostBackEvent => LinkButton.OnClick => TermoAditivo.linkButtonPesquisar_Click;
Error;2017/07/20 09:40:45.049;Não foi possível recuperar a sessão do usuário;Rohr.EPC.Web.Redirecionar.Page_Load;Control.OnLoad => CalliEventHandlerDelegateProxy.Callback => Redirecionar.Page_Load;
Error;2017/07/20 09:40:45.110;Rohr.EPC.Business.MyException: Não foi possível recuperar a sessão do usuário
   em Rohr.EPC.Business.Util.GetSessaoUsuario() na R:\AdmCorporativa\Sistemas\Scripts\Rodnei\EPC\trunk\Rohr.EPC.Business\Util.cs:linha 27
   em Rohr.EPC.Business.AuditoriaLogBusiness.AdicionarLogLogout(HttpBrowserCapabilities browser) na R:\AdmCorporativa\Sistemas\Scripts\Rodnei\EPC\trunk\Rohr.EPC.Business\AuditoriaLogBusiness.cs:linha 35
   em Rohr.EPC.Web.Redirecionar.Redirect(String destino) na R:\AdmCorporativa\Sistemas\Scripts\Rodnei\EPC\trunk\Rohr.EPC.Web\Redirecionar.aspx.cs:linha 41;Rohr.EPC.Web.Redirecionar.Redirect;CalliEventHandlerDelegateProxy.Callback => Redirecionar.Page_Load => Redirecionar.Redirect;
Error;2017/07/20 09:41:24.264;System.Exception: Não foi possível encontrar o contrato associado a essa proposta no PMWeb :(
   em Rohr.PMWeb.CostManagementCommitments.ObterContrato(Int32 idCostManagementCommitments) na R:\AdmCorporativa\Sistemas\Scripts\Rodnei\EPC\trunk\Rohr.PMWeb\CostManagementCommitments.cs:linha 116
   em Rohr.EPC.Web.Variaveis.Page_Load(Object sender, EventArgs e) na R:\AdmCorporativa\Sistemas\Scripts\Rodnei\EPC\trunk\Rohr.EPC.Web\Variaveis.aspx.cs:linha 602;Rohr.EPC.Web.Variaveis.Page_Load;Control.OnLoad => CalliEventHandlerDelegateProxy.Callback => Variaveis.Page_Load;
Error;2017/07/20 09:42:41.703;Não foi possível recuperar a sessão do usuário;Rohr.EPC.Web.Redirecionar.Page_Load;Control.OnLoad => CalliEventHandlerDelegateProxy.Callback => Redirecionar.Page_Load;
Error;2017/07/20 09:42:41.760;Rohr.EPC.Business.MyException: Não foi possível recuperar a sessão do usuário
   em Rohr.EPC.Business.Util.GetSessaoUsuario() na R:\AdmCorporativa\Sistemas\Scripts\Rodnei\EPC\trunk\Rohr.EPC.Business\Util.cs:linha 27
   em Rohr.EPC.Business.AuditoriaLogBusiness.AdicionarLogLogout(HttpBrowserCapabilities browser) na R:\AdmCorporativa\Sistemas\Scripts\Rodnei\EPC\trunk\Rohr.EPC.Business\AuditoriaLogBusiness.cs:linha 35
   em Rohr.EPC.Web.Redirecionar.Redirect(String destino) na R:\AdmCorporativa\Sistemas\Scripts\Rodnei\EPC\trunk\Rohr.EPC.Web\Redirecionar.aspx.cs:linha 41;Rohr.EPC.Web.Redirecionar.Redirect;CalliEventHandlerDelegateProxy.Callback => Redirecionar.Page_Load => Redirecionar.Redirect;
Error;2017/07/20 10:04:47.236;Não foi possível recuperar a sessão do usuário;Rohr.EPC.Web.Redirecionar.Page_Load;Control.OnLoad => CalliEventHandlerDelegateProxy.Callback => Redirecionar.Page_Load;
Error;2017/07/20 10:04:47.300;Rohr.EPC.Business.MyException: Não foi possível recuperar a sessão do usuário
   em Rohr.EPC.Business.Util.GetSessaoUsuario() na R:\AdmCorporativa\Sistemas\Scripts\Rodnei\EPC\trunk\Rohr.EPC.Business\Util.cs:linha 27
   em Rohr.EPC.Business.AuditoriaLogBusiness.AdicionarLogLogout(HttpBrowserCapabilities browser) na R:\AdmCorporativa\Sistemas\Scripts\Rodnei\EPC\trunk\Rohr.EPC.Business\AuditoriaLogBusiness.cs:linha 35
   em Rohr.EPC.Web.Redirecionar.Redirect(String destino) na R:\AdmCorporativa\Sistemas\Scripts\Rodnei\EPC\trunk\Rohr.EPC.Web\Redirecionar.aspx.cs:linha 41;Rohr.EPC.Web.Redirecionar.Redirect;CalliEventHandlerDelegateProxy.Callback => Redirecionar.Page_Load => Redirecionar.Redirect;
Error;2017/07/20 10:05:56.705;Não foi possível recuperar a sessão do usuário;Rohr.EPC.Web.Redirecionar.Page_Load;Control.OnLoad => CalliEventHandlerDelegateProxy.Callback => Redirecionar.Page_Load;
Error;2017/07/20 10:05:56.756;Rohr.EPC.Business.MyException: Não foi possível recuperar a sessão do usuário
   em Rohr.EPC.Business.Util.GetSessaoUsuario() na R:\AdmCorporativa\Sistemas\Scripts\Rodnei\EPC\trunk\Rohr.EPC.Business\Util.cs:linha 27
   em Rohr.EPC.Business.AuditoriaLogBusiness.AdicionarLogLogout(HttpBrowserCapabilities browser) na R:\AdmCorporativa\Sistemas\Scripts\Rodnei\EPC\trunk\Rohr.EPC.Business\AuditoriaLogBusiness.cs:linha 35
   em Rohr.EPC.Web.Redirecionar.Redirect(String destino) na R:\AdmCorporativa\Sistemas\Scripts\Rodnei\EPC\trunk\Rohr.EPC.Web\Redirecionar.aspx.cs:linha 41;Rohr.EPC.Web.Redirecionar.Redirect;CalliEventHandlerDelegateProxy.Callback => Redirecionar.Page_Load => Redirecionar.Redirect;
Error;2017/07/20 10:09:11.560;Não foi possível recuperar a sessão do usuário;Rohr.EPC.Web.Redirecionar.Page_Load;Control.OnLoad => CalliEventHandlerDelegateProxy.Callback => Redirecionar.Page_Load;
Error;2017/07/20 10:09:11.612;Rohr.EPC.Business.MyException: Não foi possível recuperar a sessão do usuário
   em Rohr.EPC.Business.Util.GetSessaoUsuario() na R:\AdmCorporativa\Sistemas\Scripts\Rodnei\EPC\trunk\Rohr.EPC.Business\Util.cs:linha 27
   em Rohr.EPC.Business.AuditoriaLogBusiness.AdicionarLogLogout(HttpBrowserCapabilities browser) na R:\AdmCorporativa\Sistemas\Scripts\Rodnei\EPC\trunk\Rohr.EPC.Business\AuditoriaLogBusiness.cs:linha 35
   em Rohr.EPC.Web.Redirecionar.Redirect(String destino) na R:\AdmCorporativa\Sistemas\Scripts\Rodnei\EPC\trunk\Rohr.EPC.Web\Redirecionar.aspx.cs:linha 41;Rohr.EPC.Web.Redirecionar.Redirect;CalliEventHandlerDelegateProxy.Callback => Redirecionar.Page_Load => Redirecionar.Redirect;
Error;2017/07/20 10:10:14.652;Não foi possível recuperar a sessão do usuário;Rohr.EPC.Web.Redirecionar.Page_Load;Control.OnLoad => CalliEventHandlerDelegateProxy.Callback => Redirecionar.Page_Load;
Error;2017/07/20 10:10:14.707;Rohr.EPC.Business.MyException: Não foi possível recuperar a sessão do usuário
   em Rohr.EPC.Business.Util.GetSessaoUsuario() na R:\AdmCorporativa\Sistemas\Scripts\Rodnei\EPC\trunk\Rohr.EPC.Business\Util.cs:linha 27
   em Rohr.EPC.Business.AuditoriaLogBusiness.AdicionarLogLogout(HttpBrowserCapabilities browser) na R:\AdmCorporativa\Sistemas\Scripts\Rodnei\EPC\trunk\Rohr.EPC.Business\AuditoriaLogBusiness.cs:linha 35
   em Rohr.EPC.Web.Redirecionar.Redirect(String destino) na R:\AdmCorporativa\Sistemas\Scripts\Rodnei\EPC\trunk\Rohr.EPC.Web\Redirecionar.aspx.cs:linha 41;Rohr.EPC.Web.Redirecionar.Redirect;CalliEventHandlerDelegateProxy.Callback => Redirecionar.Page_Load => Redirecionar.Redirect;
Error;2017/07/20 10:11:45.393;Não foi possível recuperar a sessão do usuário;Rohr.EPC.Web.Redirecionar.Page_Load;Control.OnLoad => CalliEventHandlerDelegateProxy.Callback => Redirecionar.Page_Load;
Error;2017/07/20 10:11:45.469;Rohr.EPC.Business.MyException: Não foi possível recuperar a sessão do usuário
   em Rohr.EPC.Business.Util.GetSessaoUsuario() na R:\AdmCorporativa\Sistemas\Scripts\Rodnei\EPC\trunk\Rohr.EPC.Business\Util.cs:linha 27
   em Rohr.EPC.Business.AuditoriaLogBusiness.AdicionarLogLogout(HttpBrowserCapabilities browser) na R:\AdmCorporativa\Sistemas\Scripts\Rodnei\EPC\trunk\Rohr.EPC.Business\AuditoriaLogBusiness.cs:linha 35
   em Rohr.EPC.Web.Redirecionar.Redirect(String destino) na R:\AdmCorporativa\Sistemas\Scripts\Rodnei\EPC\trunk\Rohr.EPC.Web\Redirecionar.aspx.cs:linha 41;Rohr.EPC.Web.Redirecionar.Redirect;CalliEventHandlerDelegateProxy.Callback => Redirecionar.Page_Load => Redirecionar.Redirect;
Error;2017/07/20 14:47:13.513;Não foi possível recuperar a sessão do usuário;Rohr.EPC.Web.Redirecionar.Page_Load;Control.OnLoad => CalliEventHandlerDelegateProxy.Callback => Redirecionar.Page_Load;
Error;2017/07/20 14:47:13.584;Rohr.EPC.Business.MyException: Não foi possível recuperar a sessão do usuário
   em Rohr.EPC.Business.Util.GetSessaoUsuario() na R:\AdmCorporativa\Sistemas\Scripts\Rodnei\EPC\trunk\Rohr.EPC.Business\Util.cs:linha 27
   em Rohr.EPC.Business.AuditoriaLogBusiness.AdicionarLogLogout(HttpBrowserCapabilities browser) na R:\AdmCorporativa\Sistemas\Scripts\Rodnei\EPC\trunk\Rohr.EPC.Business\AuditoriaLogBusiness.cs:linha 35
   em Rohr.EPC.Web.Redirecionar.Redirect(String destino) na R:\AdmCorporativa\Sistemas\Scripts\Rodnei\EPC\trunk\Rohr.EPC.Web\Redirecionar.aspx.cs:linha 41;Rohr.EPC.Web.Redirecionar.Redirect;CalliEventHandlerDelegateProxy.Callback => Redirecionar.Page_Load => Redirecionar.Redirect;
Error;2017/07/20 14:47:22.420;System.NullReferenceException: Referência de objeto não definida para uma instância de um objeto.
   em Rohr.EPC.Web.TermoAditivo.Page_Load(Object sender, EventArgs e) na R:\AdmCorporativa\Sistemas\Scripts\Rodnei\EPC\trunk\Rohr.EPC.Web\GerarTermoAditivo.aspx.cs:linha 197;Rohr.EPC.Web.TermoAditivo.Page_Load;Control.OnLoad => CalliEventHandlerDelegateProxy.Callback => TermoAditivo.Page_Load;
Error;2017/07/20 15:27:57.283;Não foi possível recuperar a sessão do usuário;Rohr.EPC.Web.Redirecionar.Page_Load;Control.OnLoad => CalliEventHandlerDelegateProxy.Callback => Redirecionar.Page_Load;
Error;2017/07/20 15:27:57.356;Rohr.EPC.Business.MyException: Não foi possível recuperar a sessão do usuário
   em Rohr.EPC.Business.Util.GetSessaoUsuario() na R:\AdmCorporativa\Sistemas\Scripts\Rodnei\EPC\trunk\Rohr.EPC.Business\Util.cs:linha 27
   em Rohr.EPC.Business.AuditoriaLogBusiness.AdicionarLogLogout(HttpBrowserCapabilities browser) na R:\AdmCorporativa\Sistemas\Scripts\Rodnei\EPC\trunk\Rohr.EPC.Business\AuditoriaLogBusiness.cs:linha 35
   em Rohr.EPC.Web.Redirecionar.Redirect(String destino) na R:\AdmCorporativa\Sistemas\Scripts\Rodnei\EPC\trunk\Rohr.EPC.Web\Redirecionar.aspx.cs:linha 41;Rohr.EPC.Web.Redirecionar.Redirect;CalliEventHandlerDelegateProxy.Callback => Redirecionar.Page_Load => Redirecionar.Redirect;
Error;2017/07/20 16:58:53.113;Não foi possível recuperar a sessão do usuário;Rohr.EPC.Web.Redirecionar.Page_Load;Control.OnLoad => CalliEventHandlerDelegateProxy.Callback => Redirecionar.Page_Load;
Error;2017/07/20 16:58:53.149;Rohr.EPC.Business.MyException: Não foi possível recuperar a sessão do usuário
   em Rohr.EPC.Business.Util.GetSessaoUsuario() na R:\AdmCorporativa\Sistemas\Scripts\Rodnei\EPC\trunk\Rohr.EPC.Business\Util.cs:linha 27
   em Rohr.EPC.Business.AuditoriaLogBusiness.AdicionarLogLogout(HttpBrowserCapabilities browser) na R:\AdmCorporativa\Sistemas\Scripts\Rodnei\EPC\trunk\Rohr.EPC.Business\AuditoriaLogBusiness.cs:linha 35
   em Rohr.EPC.Web.Redirecionar.Redirect(String destino) na R:\AdmCorporativa\Sistemas\Scripts\Rodnei\EPC\trunk\Rohr.EPC.Web\Redirecionar.aspx.cs:linha 41;Rohr.EPC.Web.Redirecionar.Redirect;CalliEventHandlerDelegateProxy.Callback => Redirecionar.Page_Load => Redirecionar.Redirect;
Error;2017/07/20 17:00:43.293;Rohr.EPC.Business.MyException: Não foi possível identificar as chaves no modelo. Verifique se você não apagou nenhuma chave (em vermelho). As partes serão substituidas pelo texto original.
   em Rohr.EPC.Web.Partes.SubstituirValorPorChave(String partePreenchida, Int32 idParte) na R:\AdmCorporativa\Sistemas\Scripts\Rodnei\EPC\trunk\Rohr.EPC.Web\Partes.aspx.cs:linha 117
   em Rohr.EPC.Web.Partes.<btnContinuar_Click>b__8_1(CKEditorControl oCKEditorContro) na R:\AdmCorporativa\Sistemas\Scripts\Rodnei\EPC\trunk\Rohr.EPC.Web\Partes.aspx.cs:linha 183
   em System.Linq.Enumerable.<>c__DisplayClass7_0`3.<CombineSelectors>b__0(TSource x)
   em System.Linq.Enumerable.WhereSelectEnumerableIterator`2.MoveNext()
   em System.Collections.Generic.List`1..ctor(IEnumerable`1 collection)
   em System.Linq.Enumerable.ToList[TSource](IEnumerable`1 source)
   em Rohr.EPC.Web.Partes.btnContinuar_Click(Object sender, EventArgs e) na R:\AdmCorporativa\Sistemas\Scripts\Rodnei\EPC\trunk\Rohr.EPC.Web\Partes.aspx.cs:linha 183;Rohr.EPC.Web.Partes.btnContinuar_Click;Button.RaisePostBackEvent => Button.OnClick => Partes.btnContinuar_Click;
Error;2017/07/20 17:02:36.217;Não foi possível recuperar a sessão do usuário;Rohr.EPC.Web.Redirecionar.Page_Load;Control.OnLoad => CalliEventHandlerDelegateProxy.Callback => Redirecionar.Page_Load;
Error;2017/07/20 17:02:36.302;Rohr.EPC.Business.MyException: Não foi possível recuperar a sessão do usuário
   em Rohr.EPC.Business.Util.GetSessaoUsuario() na R:\AdmCorporativa\Sistemas\Scripts\Rodnei\EPC\trunk\Rohr.EPC.Business\Util.cs:linha 27
   em Rohr.EPC.Business.AuditoriaLogBusiness.AdicionarLogLogout(HttpBrowserCapabilities browser) na R:\AdmCorporativa\Sistemas\Scripts\Rodnei\EPC\trunk\Rohr.EPC.Business\AuditoriaLogBusiness.cs:linha 35
   em Rohr.EPC.Web.Redirecionar.Redirect(String destino) na R:\AdmCorporativa\Sistemas\Scripts\Rodnei\EPC\trunk\Rohr.EPC.Web\Redirecionar.aspx.cs:linha 41;Rohr.EPC.Web.Redirecionar.Redirect;CalliEventHandlerDelegateProxy.Callback => Redirecionar.Page_Load => Redirecionar.Redirect;
Error;2017/07/20 17:07:02.052;Rohr.EPC.Business.MyException: Não foi possível identificar as chaves no modelo. Verifique se você não apagou nenhuma chave (em vermelho). As partes serão substituidas pelo texto original.
   em Rohr.EPC.Web.Partes.SubstituirValorPorChave(String partePreenchida, Int32 idParte) na R:\AdmCorporativa\Sistemas\Scripts\Rodnei\EPC\trunk\Rohr.EPC.Web\Partes.aspx.cs:linha 117
   em Rohr.EPC.Web.Partes.<btnContinuar_Click>b__8_1(CKEditorControl oCKEditorContro) na R:\AdmCorporativa\Sistemas\Scripts\Rodnei\EPC\trunk\Rohr.EPC.Web\Partes.aspx.cs:linha 183
   em System.Linq.Enumerable.<>c__DisplayClass7_0`3.<CombineSelectors>b__0(TSource x)
   em System.Linq.Enumerable.WhereSelectEnumerableIterator`2.MoveNext()
   em System.Collections.Generic.List`1..ctor(IEnumerable`1 collection)
   em System.Linq.Enumerable.ToList[TSource](IEnumerable`1 source)
   em Rohr.EPC.Web.Partes.btnContinuar_Click(Object sender, EventArgs e) na R:\AdmCorporativa\Sistemas\Scripts\Rodnei\EPC\trunk\Rohr.EPC.Web\Partes.aspx.cs:linha 183;Rohr.EPC.Web.Partes.btnContinuar_Click;Button.RaisePostBackEvent => Button.OnClick => Partes.btnContinuar_Click;
Error;2017/07/20 17:08:11.333;Não foi possível recuperar a sessão do usuário;Rohr.EPC.Web.Redirecionar.Page_Load;Control.OnLoad => CalliEventHandlerDelegateProxy.Callback => Redirecionar.Page_Load;
Error;2017/07/20 17:08:11.383;Rohr.EPC.Business.MyException: Não foi possível recuperar a sessão do usuário
   em Rohr.EPC.Business.Util.GetSessaoUsuario() na R:\AdmCorporativa\Sistemas\Scripts\Rodnei\EPC\trunk\Rohr.EPC.Business\Util.cs:linha 27
   em Rohr.EPC.Business.AuditoriaLogBusiness.AdicionarLogLogout(HttpBrowserCapabilities browser) na R:\AdmCorporativa\Sistemas\Scripts\Rodnei\EPC\trunk\Rohr.EPC.Business\AuditoriaLogBusiness.cs:linha 35
   em Rohr.EPC.Web.Redirecionar.Redirect(String destino) na R:\AdmCorporativa\Sistemas\Scripts\Rodnei\EPC\trunk\Rohr.EPC.Web\Redirecionar.aspx.cs:linha 41;Rohr.EPC.Web.Redirecionar.Redirect;CalliEventHandlerDelegateProxy.Callback => Redirecionar.Page_Load => Redirecionar.Redirect;
Error;2017/07/20 17:10:38.950;Rohr.EPC.Business.MyException: Não foi possível identificar as chaves no modelo. Verifique se você não apagou nenhuma chave (em vermelho). As partes serão substituidas pelo texto original.
   em Rohr.EPC.Web.Partes.SubstituirValorPorChave(String partePreenchida, Int32 idParte) na R:\AdmCorporativa\Sistemas\Scripts\Rodnei\EPC\trunk\Rohr.EPC.Web\Partes.aspx.cs:linha 117
   em Rohr.EPC.Web.Partes.<btnContinuar_Click>b__8_1(CKEditorControl oCKEditorContro) na R:\AdmCorporativa\Sistemas\Scripts\Rodnei\EPC\trunk\Rohr.EPC.Web\Partes.aspx.cs:linha 183
   em System.Linq.Enumerable.<>c__DisplayClass7_0`3.<CombineSelectors>b__0(TSource x)
   em System.Linq.Enumerable.WhereSelectEnumerableIterator`2.MoveNext()
   em System.Collections.Generic.List`1..ctor(IEnumerable`1 collection)
   em System.Linq.Enumerable.ToList[TSource](IEnumerable`1 source)
   em Rohr.EPC.Web.Partes.btnContinuar_Click(Object sender, EventArgs e) na R:\AdmCorporativa\Sistemas\Scripts\Rodnei\EPC\trunk\Rohr.EPC.Web\Partes.aspx.cs:linha 183;Rohr.EPC.Web.Partes.btnContinuar_Click;Button.RaisePostBackEvent => Button.OnClick => Partes.btnContinuar_Click;
Error;2017/07/20 17:11:26.779;Não foi possível recuperar a sessão do usuário;Rohr.EPC.Web.Redirecionar.Page_Load;Control.OnLoad => CalliEventHandlerDelegateProxy.Callback => Redirecionar.Page_Load;
Error;2017/07/20 17:11:26.830;Rohr.EPC.Business.MyException: Não foi possível recuperar a sessão do usuário
   em Rohr.EPC.Business.Util.GetSessaoUsuario() na R:\AdmCorporativa\Sistemas\Scripts\Rodnei\EPC\trunk\Rohr.EPC.Business\Util.cs:linha 27
   em Rohr.EPC.Business.AuditoriaLogBusiness.AdicionarLogLogout(HttpBrowserCapabilities browser) na R:\AdmCorporativa\Sistemas\Scripts\Rodnei\EPC\trunk\Rohr.EPC.Business\AuditoriaLogBusiness.cs:linha 35
   em Rohr.EPC.Web.Redirecionar.Redirect(String destino) na R:\AdmCorporativa\Sistemas\Scripts\Rodnei\EPC\trunk\Rohr.EPC.Web\Redirecionar.aspx.cs:linha 41;Rohr.EPC.Web.Redirecionar.Redirect;CalliEventHandlerDelegateProxy.Callback => Redirecionar.Page_Load => Redirecionar.Redirect;
