Error;2017/08/01 08:42:30.835;Não foi possível recuperar a sessão do usuário;Rohr.EPC.Web.Redirecionar.Page_Load;Control.OnLoad => CalliEventHandlerDelegateProxy.Callback => Redirecionar.Page_Load;
Error;2017/08/01 08:42:31.227;Rohr.EPC.Business.MyException: Não foi possível recuperar a sessão do usuário
   em Rohr.EPC.Business.Util.GetSessaoUsuario() na R:\AdmCorporativa\Sistemas\Scripts\Rodnei\EPC\trunk\Rohr.EPC.Business\Util.cs:linha 27
   em Rohr.EPC.Business.AuditoriaLogBusiness.AdicionarLogLogout(HttpBrowserCapabilities browser) na R:\AdmCorporativa\Sistemas\Scripts\Rodnei\EPC\trunk\Rohr.EPC.Business\AuditoriaLogBusiness.cs:linha 35
   em Rohr.EPC.Web.Redirecionar.Redirect(String destino) na R:\AdmCorporativa\Sistemas\Scripts\Rodnei\EPC\trunk\Rohr.EPC.Web\Redirecionar.aspx.cs:linha 41;Rohr.EPC.Web.Redirecionar.Redirect;CalliEventHandlerDelegateProxy.Callback => Redirecionar.Page_Load => Redirecionar.Redirect;
Error;2017/08/01 08:45:23.690;Não foi possível recuperar a sessão do usuário;Rohr.EPC.Web.Redirecionar.Page_Load;Control.OnLoad => CalliEventHandlerDelegateProxy.Callback => Redirecionar.Page_Load;
Error;2017/08/01 08:45:23.769;Rohr.EPC.Business.MyException: Não foi possível recuperar a sessão do usuário
   em Rohr.EPC.Business.Util.GetSessaoUsuario() na R:\AdmCorporativa\Sistemas\Scripts\Rodnei\EPC\trunk\Rohr.EPC.Business\Util.cs:linha 27
   em Rohr.EPC.Business.AuditoriaLogBusiness.AdicionarLogLogout(HttpBrowserCapabilities browser) na R:\AdmCorporativa\Sistemas\Scripts\Rodnei\EPC\trunk\Rohr.EPC.Business\AuditoriaLogBusiness.cs:linha 35
   em Rohr.EPC.Web.Redirecionar.Redirect(String destino) na R:\AdmCorporativa\Sistemas\Scripts\Rodnei\EPC\trunk\Rohr.EPC.Web\Redirecionar.aspx.cs:linha 41;Rohr.EPC.Web.Redirecionar.Redirect;CalliEventHandlerDelegateProxy.Callback => Redirecionar.Page_Load => Redirecionar.Redirect;
Error;2017/08/01 08:50:12.711;Não foi possível recuperar a sessão do usuário;Rohr.EPC.Web.Redirecionar.Page_Load;Control.OnLoad => CalliEventHandlerDelegateProxy.Callback => Redirecionar.Page_Load;
Error;2017/08/01 08:50:12.748;Rohr.EPC.Business.MyException: Não foi possível recuperar a sessão do usuário
   em Rohr.EPC.Business.Util.GetSessaoUsuario() na R:\AdmCorporativa\Sistemas\Scripts\Rodnei\EPC\trunk\Rohr.EPC.Business\Util.cs:linha 27
   em Rohr.EPC.Business.AuditoriaLogBusiness.AdicionarLogLogout(HttpBrowserCapabilities browser) na R:\AdmCorporativa\Sistemas\Scripts\Rodnei\EPC\trunk\Rohr.EPC.Business\AuditoriaLogBusiness.cs:linha 35
   em Rohr.EPC.Web.Redirecionar.Redirect(String destino) na R:\AdmCorporativa\Sistemas\Scripts\Rodnei\EPC\trunk\Rohr.EPC.Web\Redirecionar.aspx.cs:linha 41;Rohr.EPC.Web.Redirecionar.Redirect;CalliEventHandlerDelegateProxy.Callback => Redirecionar.Page_Load => Redirecionar.Redirect;
Error;2017/08/01 08:51:58.726;Não foi possível recuperar a sessão do usuário;Rohr.EPC.Web.Redirecionar.Page_Load;Control.OnLoad => CalliEventHandlerDelegateProxy.Callback => Redirecionar.Page_Load;
Error;2017/08/01 08:51:58.783;Rohr.EPC.Business.MyException: Não foi possível recuperar a sessão do usuário
   em Rohr.EPC.Business.Util.GetSessaoUsuario() na R:\AdmCorporativa\Sistemas\Scripts\Rodnei\EPC\trunk\Rohr.EPC.Business\Util.cs:linha 27
   em Rohr.EPC.Business.AuditoriaLogBusiness.AdicionarLogLogout(HttpBrowserCapabilities browser) na R:\AdmCorporativa\Sistemas\Scripts\Rodnei\EPC\trunk\Rohr.EPC.Business\AuditoriaLogBusiness.cs:linha 35
   em Rohr.EPC.Web.Redirecionar.Redirect(String destino) na R:\AdmCorporativa\Sistemas\Scripts\Rodnei\EPC\trunk\Rohr.EPC.Web\Redirecionar.aspx.cs:linha 41;Rohr.EPC.Web.Redirecionar.Redirect;CalliEventHandlerDelegateProxy.Callback => Redirecionar.Page_Load => Redirecionar.Redirect;
Error;2017/08/01 08:53:11.112;Não foi possível recuperar a sessão do usuário;Rohr.EPC.Web.Redirecionar.Page_Load;Control.OnLoad => CalliEventHandlerDelegateProxy.Callback => Redirecionar.Page_Load;
Error;2017/08/01 08:53:11.158;Rohr.EPC.Business.MyException: Não foi possível recuperar a sessão do usuário
   em Rohr.EPC.Business.Util.GetSessaoUsuario() na R:\AdmCorporativa\Sistemas\Scripts\Rodnei\EPC\trunk\Rohr.EPC.Business\Util.cs:linha 27
   em Rohr.EPC.Business.AuditoriaLogBusiness.AdicionarLogLogout(HttpBrowserCapabilities browser) na R:\AdmCorporativa\Sistemas\Scripts\Rodnei\EPC\trunk\Rohr.EPC.Business\AuditoriaLogBusiness.cs:linha 35
   em Rohr.EPC.Web.Redirecionar.Redirect(String destino) na R:\AdmCorporativa\Sistemas\Scripts\Rodnei\EPC\trunk\Rohr.EPC.Web\Redirecionar.aspx.cs:linha 41;Rohr.EPC.Web.Redirecionar.Redirect;CalliEventHandlerDelegateProxy.Callback => Redirecionar.Page_Load => Redirecionar.Redirect;
Error;2017/08/01 08:56:21.209;Não foi possível recuperar a sessão do usuário;Rohr.EPC.Web.Redirecionar.Page_Load;Control.OnLoad => CalliEventHandlerDelegateProxy.Callback => Redirecionar.Page_Load;
Error;2017/08/01 08:56:21.246;Rohr.EPC.Business.MyException: Não foi possível recuperar a sessão do usuário
   em Rohr.EPC.Business.Util.GetSessaoUsuario() na R:\AdmCorporativa\Sistemas\Scripts\Rodnei\EPC\trunk\Rohr.EPC.Business\Util.cs:linha 27
   em Rohr.EPC.Business.AuditoriaLogBusiness.AdicionarLogLogout(HttpBrowserCapabilities browser) na R:\AdmCorporativa\Sistemas\Scripts\Rodnei\EPC\trunk\Rohr.EPC.Business\AuditoriaLogBusiness.cs:linha 35
   em Rohr.EPC.Web.Redirecionar.Redirect(String destino) na R:\AdmCorporativa\Sistemas\Scripts\Rodnei\EPC\trunk\Rohr.EPC.Web\Redirecionar.aspx.cs:linha 41;Rohr.EPC.Web.Redirecionar.Redirect;CalliEventHandlerDelegateProxy.Callback => Redirecionar.Page_Load => Redirecionar.Redirect;
Error;2017/08/01 08:58:37.491;Não foi possível recuperar a sessão do usuário;Rohr.EPC.Web.Redirecionar.Page_Load;Control.OnLoad => CalliEventHandlerDelegateProxy.Callback => Redirecionar.Page_Load;
Error;2017/08/01 08:58:37.539;Rohr.EPC.Business.MyException: Não foi possível recuperar a sessão do usuário
   em Rohr.EPC.Business.Util.GetSessaoUsuario() na R:\AdmCorporativa\Sistemas\Scripts\Rodnei\EPC\trunk\Rohr.EPC.Business\Util.cs:linha 27
   em Rohr.EPC.Business.AuditoriaLogBusiness.AdicionarLogLogout(HttpBrowserCapabilities browser) na R:\AdmCorporativa\Sistemas\Scripts\Rodnei\EPC\trunk\Rohr.EPC.Business\AuditoriaLogBusiness.cs:linha 35
   em Rohr.EPC.Web.Redirecionar.Redirect(String destino) na R:\AdmCorporativa\Sistemas\Scripts\Rodnei\EPC\trunk\Rohr.EPC.Web\Redirecionar.aspx.cs:linha 41;Rohr.EPC.Web.Redirecionar.Redirect;CalliEventHandlerDelegateProxy.Callback => Redirecionar.Page_Load => Redirecionar.Redirect;
Error;2017/08/01 09:01:36.510;Não foi possível recuperar a sessão do usuário;Rohr.EPC.Web.Redirecionar.Page_Load;Control.OnLoad => CalliEventHandlerDelegateProxy.Callback => Redirecionar.Page_Load;
Error;2017/08/01 09:01:36.556;Rohr.EPC.Business.MyException: Não foi possível recuperar a sessão do usuário
   em Rohr.EPC.Business.Util.GetSessaoUsuario() na R:\AdmCorporativa\Sistemas\Scripts\Rodnei\EPC\trunk\Rohr.EPC.Business\Util.cs:linha 27
   em Rohr.EPC.Business.AuditoriaLogBusiness.AdicionarLogLogout(HttpBrowserCapabilities browser) na R:\AdmCorporativa\Sistemas\Scripts\Rodnei\EPC\trunk\Rohr.EPC.Business\AuditoriaLogBusiness.cs:linha 35
   em Rohr.EPC.Web.Redirecionar.Redirect(String destino) na R:\AdmCorporativa\Sistemas\Scripts\Rodnei\EPC\trunk\Rohr.EPC.Web\Redirecionar.aspx.cs:linha 41;Rohr.EPC.Web.Redirecionar.Redirect;CalliEventHandlerDelegateProxy.Callback => Redirecionar.Page_Load => Redirecionar.Redirect;
Error;2017/08/01 09:02:24.994;Não foi possível recuperar a sessão do usuário;Rohr.EPC.Web.Redirecionar.Page_Load;Control.OnLoad => CalliEventHandlerDelegateProxy.Callback => Redirecionar.Page_Load;
Error;2017/08/01 09:02:25.037;Rohr.EPC.Business.MyException: Não foi possível recuperar a sessão do usuário
   em Rohr.EPC.Business.Util.GetSessaoUsuario() na R:\AdmCorporativa\Sistemas\Scripts\Rodnei\EPC\trunk\Rohr.EPC.Business\Util.cs:linha 27
   em Rohr.EPC.Business.AuditoriaLogBusiness.AdicionarLogLogout(HttpBrowserCapabilities browser) na R:\AdmCorporativa\Sistemas\Scripts\Rodnei\EPC\trunk\Rohr.EPC.Business\AuditoriaLogBusiness.cs:linha 35
   em Rohr.EPC.Web.Redirecionar.Redirect(String destino) na R:\AdmCorporativa\Sistemas\Scripts\Rodnei\EPC\trunk\Rohr.EPC.Web\Redirecionar.aspx.cs:linha 41;Rohr.EPC.Web.Redirecionar.Redirect;CalliEventHandlerDelegateProxy.Callback => Redirecionar.Page_Load => Redirecionar.Redirect;
Error;2017/08/01 09:03:30.943;Não foi possível recuperar a sessão do usuário;Rohr.EPC.Web.Redirecionar.Page_Load;Control.OnLoad => CalliEventHandlerDelegateProxy.Callback => Redirecionar.Page_Load;
Error;2017/08/01 09:03:30.990;Rohr.EPC.Business.MyException: Não foi possível recuperar a sessão do usuário
   em Rohr.EPC.Business.Util.GetSessaoUsuario() na R:\AdmCorporativa\Sistemas\Scripts\Rodnei\EPC\trunk\Rohr.EPC.Business\Util.cs:linha 27
   em Rohr.EPC.Business.AuditoriaLogBusiness.AdicionarLogLogout(HttpBrowserCapabilities browser) na R:\AdmCorporativa\Sistemas\Scripts\Rodnei\EPC\trunk\Rohr.EPC.Business\AuditoriaLogBusiness.cs:linha 35
   em Rohr.EPC.Web.Redirecionar.Redirect(String destino) na R:\AdmCorporativa\Sistemas\Scripts\Rodnei\EPC\trunk\Rohr.EPC.Web\Redirecionar.aspx.cs:linha 41;Rohr.EPC.Web.Redirecionar.Redirect;CalliEventHandlerDelegateProxy.Callback => Redirecionar.Page_Load => Redirecionar.Redirect;
Error;2017/08/01 09:04:43.823;Não foi possível recuperar a sessão do usuário;Rohr.EPC.Web.Redirecionar.Page_Load;Control.OnLoad => CalliEventHandlerDelegateProxy.Callback => Redirecionar.Page_Load;
Error;2017/08/01 09:04:43.866;Rohr.EPC.Business.MyException: Não foi possível recuperar a sessão do usuário
   em Rohr.EPC.Business.Util.GetSessaoUsuario() na R:\AdmCorporativa\Sistemas\Scripts\Rodnei\EPC\trunk\Rohr.EPC.Business\Util.cs:linha 27
   em Rohr.EPC.Business.AuditoriaLogBusiness.AdicionarLogLogout(HttpBrowserCapabilities browser) na R:\AdmCorporativa\Sistemas\Scripts\Rodnei\EPC\trunk\Rohr.EPC.Business\AuditoriaLogBusiness.cs:linha 35
   em Rohr.EPC.Web.Redirecionar.Redirect(String destino) na R:\AdmCorporativa\Sistemas\Scripts\Rodnei\EPC\trunk\Rohr.EPC.Web\Redirecionar.aspx.cs:linha 41;Rohr.EPC.Web.Redirecionar.Redirect;CalliEventHandlerDelegateProxy.Callback => Redirecionar.Page_Load => Redirecionar.Redirect;
Error;2017/08/01 09:08:22.224;Não foi possível recuperar a sessão do usuário;Rohr.EPC.Web.Redirecionar.Page_Load;Control.OnLoad => CalliEventHandlerDelegateProxy.Callback => Redirecionar.Page_Load;
Error;2017/08/01 09:08:22.284;Rohr.EPC.Business.MyException: Não foi possível recuperar a sessão do usuário
   em Rohr.EPC.Business.Util.GetSessaoUsuario() na R:\AdmCorporativa\Sistemas\Scripts\Rodnei\EPC\trunk\Rohr.EPC.Business\Util.cs:linha 27
   em Rohr.EPC.Business.AuditoriaLogBusiness.AdicionarLogLogout(HttpBrowserCapabilities browser) na R:\AdmCorporativa\Sistemas\Scripts\Rodnei\EPC\trunk\Rohr.EPC.Business\AuditoriaLogBusiness.cs:linha 35
   em Rohr.EPC.Web.Redirecionar.Redirect(String destino) na R:\AdmCorporativa\Sistemas\Scripts\Rodnei\EPC\trunk\Rohr.EPC.Web\Redirecionar.aspx.cs:linha 41;Rohr.EPC.Web.Redirecionar.Redirect;CalliEventHandlerDelegateProxy.Callback => Redirecionar.Page_Load => Redirecionar.Redirect;
Error;2017/08/01 15:41:35.316;Não foi possível recuperar a sessão do usuário;Rohr.EPC.Web.Redirecionar.Page_Load;Control.OnLoad => CalliEventHandlerDelegateProxy.Callback => Redirecionar.Page_Load;
Error;2017/08/01 15:41:35.391;Rohr.EPC.Business.MyException: Não foi possível recuperar a sessão do usuário
   em Rohr.EPC.Business.Util.GetSessaoUsuario() na R:\AdmCorporativa\Sistemas\Scripts\Rodnei\EPC\trunk\Rohr.EPC.Business\Util.cs:linha 27
   em Rohr.EPC.Business.AuditoriaLogBusiness.AdicionarLogLogout(HttpBrowserCapabilities browser) na R:\AdmCorporativa\Sistemas\Scripts\Rodnei\EPC\trunk\Rohr.EPC.Business\AuditoriaLogBusiness.cs:linha 35
   em Rohr.EPC.Web.Redirecionar.Redirect(String destino) na R:\AdmCorporativa\Sistemas\Scripts\Rodnei\EPC\trunk\Rohr.EPC.Web\Redirecionar.aspx.cs:linha 41;Rohr.EPC.Web.Redirecionar.Redirect;CalliEventHandlerDelegateProxy.Callback => Redirecionar.Page_Load => Redirecionar.Redirect;
Error;2017/08/01 15:43:25.345;Não foi possível recuperar a sessão do usuário;Rohr.EPC.Web.Redirecionar.Page_Load;Control.OnLoad => CalliEventHandlerDelegateProxy.Callback => Redirecionar.Page_Load;
Error;2017/08/01 15:43:25.393;Rohr.EPC.Business.MyException: Não foi possível recuperar a sessão do usuário
   em Rohr.EPC.Business.Util.GetSessaoUsuario() na R:\AdmCorporativa\Sistemas\Scripts\Rodnei\EPC\trunk\Rohr.EPC.Business\Util.cs:linha 27
   em Rohr.EPC.Business.AuditoriaLogBusiness.AdicionarLogLogout(HttpBrowserCapabilities browser) na R:\AdmCorporativa\Sistemas\Scripts\Rodnei\EPC\trunk\Rohr.EPC.Business\AuditoriaLogBusiness.cs:linha 35
   em Rohr.EPC.Web.Redirecionar.Redirect(String destino) na R:\AdmCorporativa\Sistemas\Scripts\Rodnei\EPC\trunk\Rohr.EPC.Web\Redirecionar.aspx.cs:linha 41;Rohr.EPC.Web.Redirecionar.Redirect;CalliEventHandlerDelegateProxy.Callback => Redirecionar.Page_Load => Redirecionar.Redirect;
Error;2017/08/01 15:45:25.250;Não foi possível recuperar a sessão do usuário;Rohr.EPC.Web.Redirecionar.Page_Load;Control.OnLoad => CalliEventHandlerDelegateProxy.Callback => Redirecionar.Page_Load;
Error;2017/08/01 15:45:25.295;Rohr.EPC.Business.MyException: Não foi possível recuperar a sessão do usuário
   em Rohr.EPC.Business.Util.GetSessaoUsuario() na R:\AdmCorporativa\Sistemas\Scripts\Rodnei\EPC\trunk\Rohr.EPC.Business\Util.cs:linha 27
   em Rohr.EPC.Business.AuditoriaLogBusiness.AdicionarLogLogout(HttpBrowserCapabilities browser) na R:\AdmCorporativa\Sistemas\Scripts\Rodnei\EPC\trunk\Rohr.EPC.Business\AuditoriaLogBusiness.cs:linha 35
   em Rohr.EPC.Web.Redirecionar.Redirect(String destino) na R:\AdmCorporativa\Sistemas\Scripts\Rodnei\EPC\trunk\Rohr.EPC.Web\Redirecionar.aspx.cs:linha 41;Rohr.EPC.Web.Redirecionar.Redirect;CalliEventHandlerDelegateProxy.Callback => Redirecionar.Page_Load => Redirecionar.Redirect;
Error;2017/08/01 15:46:12.356;Não foi possível recuperar a sessão do usuário;Rohr.EPC.Web.Redirecionar.Page_Load;Control.OnLoad => CalliEventHandlerDelegateProxy.Callback => Redirecionar.Page_Load;
Error;2017/08/01 15:46:12.413;Rohr.EPC.Business.MyException: Não foi possível recuperar a sessão do usuário
   em Rohr.EPC.Business.Util.GetSessaoUsuario() na R:\AdmCorporativa\Sistemas\Scripts\Rodnei\EPC\trunk\Rohr.EPC.Business\Util.cs:linha 27
   em Rohr.EPC.Business.AuditoriaLogBusiness.AdicionarLogLogout(HttpBrowserCapabilities browser) na R:\AdmCorporativa\Sistemas\Scripts\Rodnei\EPC\trunk\Rohr.EPC.Business\AuditoriaLogBusiness.cs:linha 35
   em Rohr.EPC.Web.Redirecionar.Redirect(String destino) na R:\AdmCorporativa\Sistemas\Scripts\Rodnei\EPC\trunk\Rohr.EPC.Web\Redirecionar.aspx.cs:linha 41;Rohr.EPC.Web.Redirecionar.Redirect;CalliEventHandlerDelegateProxy.Callback => Redirecionar.Page_Load => Redirecionar.Redirect;
Error;2017/08/01 15:50:48.870;Não foi possível recuperar a sessão do usuário;Rohr.EPC.Web.Redirecionar.Page_Load;Control.OnLoad => CalliEventHandlerDelegateProxy.Callback => Redirecionar.Page_Load;
Error;2017/08/01 15:50:48.910;Rohr.EPC.Business.MyException: Não foi possível recuperar a sessão do usuário
   em Rohr.EPC.Business.Util.GetSessaoUsuario() na R:\AdmCorporativa\Sistemas\Scripts\Rodnei\EPC\trunk\Rohr.EPC.Business\Util.cs:linha 27
   em Rohr.EPC.Business.AuditoriaLogBusiness.AdicionarLogLogout(HttpBrowserCapabilities browser) na R:\AdmCorporativa\Sistemas\Scripts\Rodnei\EPC\trunk\Rohr.EPC.Business\AuditoriaLogBusiness.cs:linha 35
   em Rohr.EPC.Web.Redirecionar.Redirect(String destino) na R:\AdmCorporativa\Sistemas\Scripts\Rodnei\EPC\trunk\Rohr.EPC.Web\Redirecionar.aspx.cs:linha 41;Rohr.EPC.Web.Redirecionar.Redirect;CalliEventHandlerDelegateProxy.Callback => Redirecionar.Page_Load => Redirecionar.Redirect;
Error;2017/08/01 15:51:16.536;System.Exception: Não foi possível encontrar o contrato associado a essa proposta no PMWeb. Verifique se o contrato foi gerado. :(
   em Rohr.PMWeb.CostManagementCommitments.ObterContratoPorOportunidade(Int32 documentTodoListId) na R:\AdmCorporativa\Sistemas\Scripts\Rodnei\EPC\trunk\Rohr.PMWeb\CostManagementCommitments.cs:linha 76
   em Rohr.EPC.Web.ContratoDocumento.ObterDadosPmweb(Documento documentoProposta) na R:\AdmCorporativa\Sistemas\Scripts\Rodnei\EPC\trunk\Rohr.EPC.Web\ContratoDocumento.aspx.cs:linha 107
   em Rohr.EPC.Web.ContratoDocumento.Page_Load(Object sender, EventArgs e) na R:\AdmCorporativa\Sistemas\Scripts\Rodnei\EPC\trunk\Rohr.EPC.Web\ContratoDocumento.aspx.cs:linha 183;Rohr.EPC.Web.ContratoDocumento.Page_Load;Control.OnLoad => CalliEventHandlerDelegateProxy.Callback => ContratoDocumento.Page_Load;
Error;2017/08/01 15:51:52.009;System.Exception: O contrato não tem nenhum orçamento finalizado no PMWeb. Finalize o orçamento para continuar :(
   em Rohr.PMWeb.Estimates.OrcamentoFinalizado(Int32 projectId) na R:\AdmCorporativa\Sistemas\Scripts\Rodnei\EPC\trunk\Rohr.PMWeb\Estimates.cs:linha 125
   em Rohr.EPC.Web.ContratoDocumento.ObterDadosPmweb(Documento documentoProposta) na R:\AdmCorporativa\Sistemas\Scripts\Rodnei\EPC\trunk\Rohr.EPC.Web\ContratoDocumento.aspx.cs:linha 108
   em Rohr.EPC.Web.ContratoDocumento.Page_Load(Object sender, EventArgs e) na R:\AdmCorporativa\Sistemas\Scripts\Rodnei\EPC\trunk\Rohr.EPC.Web\ContratoDocumento.aspx.cs:linha 183;Rohr.EPC.Web.ContratoDocumento.Page_Load;Control.OnLoad => CalliEventHandlerDelegateProxy.Callback => ContratoDocumento.Page_Load;
Error;2017/08/01 15:52:20.499;System.Exception: Não foi possível encontrar o contrato associado a essa proposta no PMWeb. Verifique se o contrato foi gerado. :(
   em Rohr.PMWeb.CostManagementCommitments.ObterContratoPorOportunidade(Int32 documentTodoListId) na R:\AdmCorporativa\Sistemas\Scripts\Rodnei\EPC\trunk\Rohr.PMWeb\CostManagementCommitments.cs:linha 76
   em Rohr.EPC.Web.ContratoDocumento.ObterDadosPmweb(Documento documentoProposta) na R:\AdmCorporativa\Sistemas\Scripts\Rodnei\EPC\trunk\Rohr.EPC.Web\ContratoDocumento.aspx.cs:linha 107
   em Rohr.EPC.Web.ContratoDocumento.Page_Load(Object sender, EventArgs e) na R:\AdmCorporativa\Sistemas\Scripts\Rodnei\EPC\trunk\Rohr.EPC.Web\ContratoDocumento.aspx.cs:linha 183;Rohr.EPC.Web.ContratoDocumento.Page_Load;Control.OnLoad => CalliEventHandlerDelegateProxy.Callback => ContratoDocumento.Page_Load;
Error;2017/08/01 15:58:10.368;System.Exception: Não foi possível encontrar o contrato associado a essa proposta no PMWeb. Verifique se o contrato foi gerado. :(
   em Rohr.PMWeb.CostManagementCommitments.ObterContratoPorOportunidade(Int32 documentTodoListId) na R:\AdmCorporativa\Sistemas\Scripts\Rodnei\EPC\trunk\Rohr.PMWeb\CostManagementCommitments.cs:linha 76
   em Rohr.EPC.Web.ContratoDocumento.ObterDadosPmweb(Documento documentoProposta) na R:\AdmCorporativa\Sistemas\Scripts\Rodnei\EPC\trunk\Rohr.EPC.Web\ContratoDocumento.aspx.cs:linha 107
   em Rohr.EPC.Web.ContratoDocumento.Page_Load(Object sender, EventArgs e) na R:\AdmCorporativa\Sistemas\Scripts\Rodnei\EPC\trunk\Rohr.EPC.Web\ContratoDocumento.aspx.cs:linha 183;Rohr.EPC.Web.ContratoDocumento.Page_Load;Control.OnLoad => CalliEventHandlerDelegateProxy.Callback => ContratoDocumento.Page_Load;
Error;2017/08/01 15:58:26.253;Rohr.EPC.Business.MyException: Não foi possível recuperar a sessão documento
   em Rohr.EPC.Business.Util.GetSessaoDocumento() na R:\AdmCorporativa\Sistemas\Scripts\Rodnei\EPC\trunk\Rohr.EPC.Business\Util.cs:linha 43
   em Rohr.EPC.Web.ContratoDocumento.Page_Load(Object sender, EventArgs e) na R:\AdmCorporativa\Sistemas\Scripts\Rodnei\EPC\trunk\Rohr.EPC.Web\ContratoDocumento.aspx.cs:linha 182;Rohr.EPC.Web.ContratoDocumento.Page_Load;Control.OnLoad => CalliEventHandlerDelegateProxy.Callback => ContratoDocumento.Page_Load;
Error;2017/08/01 15:58:26.882;Rohr.EPC.Business.MyException: Não foi possível recuperar a sessão documento
   em Rohr.EPC.Business.Util.GetSessaoDocumento() na R:\AdmCorporativa\Sistemas\Scripts\Rodnei\EPC\trunk\Rohr.EPC.Business\Util.cs:linha 43
   em Rohr.EPC.Web.ContratoDocumento.Page_Load(Object sender, EventArgs e) na R:\AdmCorporativa\Sistemas\Scripts\Rodnei\EPC\trunk\Rohr.EPC.Web\ContratoDocumento.aspx.cs:linha 182;Rohr.EPC.Web.ContratoDocumento.Page_Load;Control.OnLoad => CalliEventHandlerDelegateProxy.Callback => ContratoDocumento.Page_Load;
Error;2017/08/01 15:58:27.399;Rohr.EPC.Business.MyException: Não foi possível recuperar a sessão documento
   em Rohr.EPC.Business.Util.GetSessaoDocumento() na R:\AdmCorporativa\Sistemas\Scripts\Rodnei\EPC\trunk\Rohr.EPC.Business\Util.cs:linha 43
   em Rohr.EPC.Web.ContratoDocumento.Page_Load(Object sender, EventArgs e) na R:\AdmCorporativa\Sistemas\Scripts\Rodnei\EPC\trunk\Rohr.EPC.Web\ContratoDocumento.aspx.cs:linha 182;Rohr.EPC.Web.ContratoDocumento.Page_Load;Control.OnLoad => CalliEventHandlerDelegateProxy.Callback => ContratoDocumento.Page_Load;
Error;2017/08/01 15:58:33.432;System.Exception: Não foi possível encontrar o contrato associado a essa proposta no PMWeb. Verifique se o contrato foi gerado. :(
   em Rohr.PMWeb.CostManagementCommitments.ObterContratoPorOportunidade(Int32 documentTodoListId) na R:\AdmCorporativa\Sistemas\Scripts\Rodnei\EPC\trunk\Rohr.PMWeb\CostManagementCommitments.cs:linha 76
   em Rohr.EPC.Web.ContratoDocumento.ObterDadosPmweb(Documento documentoProposta) na R:\AdmCorporativa\Sistemas\Scripts\Rodnei\EPC\trunk\Rohr.EPC.Web\ContratoDocumento.aspx.cs:linha 107
   em Rohr.EPC.Web.ContratoDocumento.Page_Load(Object sender, EventArgs e) na R:\AdmCorporativa\Sistemas\Scripts\Rodnei\EPC\trunk\Rohr.EPC.Web\ContratoDocumento.aspx.cs:linha 183;Rohr.EPC.Web.ContratoDocumento.Page_Load;Control.OnLoad => CalliEventHandlerDelegateProxy.Callback => ContratoDocumento.Page_Load;
Error;2017/08/01 15:59:00.186;System.Exception: O contrato não tem nenhum orçamento finalizado no PMWeb. Finalize o orçamento para continuar :(
   em Rohr.PMWeb.Estimates.OrcamentoFinalizado(Int32 projectId) na R:\AdmCorporativa\Sistemas\Scripts\Rodnei\EPC\trunk\Rohr.PMWeb\Estimates.cs:linha 125
   em Rohr.EPC.Web.ContratoDocumento.ObterDadosPmweb(Documento documentoProposta) na R:\AdmCorporativa\Sistemas\Scripts\Rodnei\EPC\trunk\Rohr.EPC.Web\ContratoDocumento.aspx.cs:linha 108
   em Rohr.EPC.Web.ContratoDocumento.Page_Load(Object sender, EventArgs e) na R:\AdmCorporativa\Sistemas\Scripts\Rodnei\EPC\trunk\Rohr.EPC.Web\ContratoDocumento.aspx.cs:linha 183;Rohr.EPC.Web.ContratoDocumento.Page_Load;Control.OnLoad => CalliEventHandlerDelegateProxy.Callback => ContratoDocumento.Page_Load;
Error;2017/08/01 15:59:40.992;Rohr.EPC.Business.MyException: Não foi possível recuperar a sessão documento
   em Rohr.EPC.Business.Util.GetSessaoDocumento() na R:\AdmCorporativa\Sistemas\Scripts\Rodnei\EPC\trunk\Rohr.EPC.Business\Util.cs:linha 43
   em Rohr.EPC.Web.ContratoDocumento.Page_Load(Object sender, EventArgs e) na R:\AdmCorporativa\Sistemas\Scripts\Rodnei\EPC\trunk\Rohr.EPC.Web\ContratoDocumento.aspx.cs:linha 182;Rohr.EPC.Web.ContratoDocumento.Page_Load;Control.OnLoad => CalliEventHandlerDelegateProxy.Callback => ContratoDocumento.Page_Load;
Error;2017/08/01 16:13:48.268;Não foi possível recuperar a sessão do usuário;Rohr.EPC.Web.Redirecionar.Page_Load;Control.OnLoad => CalliEventHandlerDelegateProxy.Callback => Redirecionar.Page_Load;
Error;2017/08/01 16:13:48.324;Rohr.EPC.Business.MyException: Não foi possível recuperar a sessão do usuário
   em Rohr.EPC.Business.Util.GetSessaoUsuario() na R:\AdmCorporativa\Sistemas\Scripts\Rodnei\EPC\trunk\Rohr.EPC.Business\Util.cs:linha 27
   em Rohr.EPC.Business.AuditoriaLogBusiness.AdicionarLogLogout(HttpBrowserCapabilities browser) na R:\AdmCorporativa\Sistemas\Scripts\Rodnei\EPC\trunk\Rohr.EPC.Business\AuditoriaLogBusiness.cs:linha 35
   em Rohr.EPC.Web.Redirecionar.Redirect(String destino) na R:\AdmCorporativa\Sistemas\Scripts\Rodnei\EPC\trunk\Rohr.EPC.Web\Redirecionar.aspx.cs:linha 41;Rohr.EPC.Web.Redirecionar.Redirect;CalliEventHandlerDelegateProxy.Callback => Redirecionar.Page_Load => Redirecionar.Redirect;
Error;2017/08/01 16:13:58.907;Rohr.EPC.Business.MyException: Não foi possível recuperar a sessão documento
   em Rohr.EPC.Business.Util.GetSessaoDocumento() na R:\AdmCorporativa\Sistemas\Scripts\Rodnei\EPC\trunk\Rohr.EPC.Business\Util.cs:linha 43
   em Rohr.EPC.Web.TermoAditivo.Page_Load(Object sender, EventArgs e) na R:\AdmCorporativa\Sistemas\Scripts\Rodnei\EPC\trunk\Rohr.EPC.Web\GerarTermoAditivo.aspx.cs:linha 336;Rohr.EPC.Web.TermoAditivo.Page_Load;Control.OnLoad => CalliEventHandlerDelegateProxy.Callback => TermoAditivo.Page_Load;
Error;2017/08/01 16:14:32.560;Rohr.EPC.Business.MyException: Não foi possível recuperar a sessão documento
   em Rohr.EPC.Business.Util.GetSessaoDocumento() na R:\AdmCorporativa\Sistemas\Scripts\Rodnei\EPC\trunk\Rohr.EPC.Business\Util.cs:linha 43
   em Rohr.EPC.Web.TermoAditivo.PesquisarModelo_Click() na R:\AdmCorporativa\Sistemas\Scripts\Rodnei\EPC\trunk\Rohr.EPC.Web\GerarTermoAditivo.aspx.cs:linha 385;Rohr.EPC.Web.TermoAditivo.PesquisarModelo_Click;LinkButton.OnClick => TermoAditivo.linkButtonPesquisar_Click => TermoAditivo.PesquisarModelo_Click;
Error;2017/08/01 16:14:44.653;System.FormatException: A cadeia de caracteres de entrada não estava em um formato correto.
   em System.Number.StringToNumber(String str, NumberStyles options, NumberBuffer& number, NumberFormatInfo info, Boolean parseDecimal)
   em System.Number.ParseInt32(String s, NumberStyles style, NumberFormatInfo info)
   em System.Int32.Parse(String s)
   em Rohr.EPC.Web.TermoAditivo.PesquisarModelo_Click() na R:\AdmCorporativa\Sistemas\Scripts\Rodnei\EPC\trunk\Rohr.EPC.Web\GerarTermoAditivo.aspx.cs:linha 386;Rohr.EPC.Web.TermoAditivo.PesquisarModelo_Click;LinkButton.OnClick => TermoAditivo.linkButtonPesquisar_Click => TermoAditivo.PesquisarModelo_Click;
Error;2017/08/01 16:15:08.864;System.FormatException: A cadeia de caracteres de entrada não estava em um formato correto.
   em System.Number.StringToNumber(String str, NumberStyles options, NumberBuffer& number, NumberFormatInfo info, Boolean parseDecimal)
   em System.Number.ParseInt32(String s, NumberStyles style, NumberFormatInfo info)
   em System.Int32.Parse(String s)
   em Rohr.EPC.Web.TermoAditivo.PesquisarModelo_Click() na R:\AdmCorporativa\Sistemas\Scripts\Rodnei\EPC\trunk\Rohr.EPC.Web\GerarTermoAditivo.aspx.cs:linha 386;Rohr.EPC.Web.TermoAditivo.PesquisarModelo_Click;LinkButton.OnClick => TermoAditivo.linkButtonPesquisar_Click => TermoAditivo.PesquisarModelo_Click;
Error;2017/08/01 16:18:46.682;Não foi possível recuperar a sessão do usuário;Rohr.EPC.Web.Redirecionar.Page_Load;Control.OnLoad => CalliEventHandlerDelegateProxy.Callback => Redirecionar.Page_Load;
Error;2017/08/01 16:18:46.729;Rohr.EPC.Business.MyException: Não foi possível recuperar a sessão do usuário
   em Rohr.EPC.Business.Util.GetSessaoUsuario() na R:\AdmCorporativa\Sistemas\Scripts\Rodnei\EPC\trunk\Rohr.EPC.Business\Util.cs:linha 27
   em Rohr.EPC.Business.AuditoriaLogBusiness.AdicionarLogLogout(HttpBrowserCapabilities browser) na R:\AdmCorporativa\Sistemas\Scripts\Rodnei\EPC\trunk\Rohr.EPC.Business\AuditoriaLogBusiness.cs:linha 35
   em Rohr.EPC.Web.Redirecionar.Redirect(String destino) na R:\AdmCorporativa\Sistemas\Scripts\Rodnei\EPC\trunk\Rohr.EPC.Web\Redirecionar.aspx.cs:linha 41;Rohr.EPC.Web.Redirecionar.Redirect;CalliEventHandlerDelegateProxy.Callback => Redirecionar.Page_Load => Redirecionar.Redirect;
Error;2017/08/01 16:19:36.135;Rohr.EPC.Business.MyException: Não foi possível recuperar a sessão documento
   em Rohr.EPC.Business.Util.GetSessaoDocumento() na R:\AdmCorporativa\Sistemas\Scripts\Rodnei\EPC\trunk\Rohr.EPC.Business\Util.cs:linha 43
   em Rohr.EPC.Web.TermoAditivo.Page_Load(Object sender, EventArgs e) na R:\AdmCorporativa\Sistemas\Scripts\Rodnei\EPC\trunk\Rohr.EPC.Web\GerarTermoAditivo.aspx.cs:linha 336;Rohr.EPC.Web.TermoAditivo.Page_Load;Control.OnLoad => CalliEventHandlerDelegateProxy.Callback => TermoAditivo.Page_Load;
Error;2017/08/01 16:19:50.163;System.FormatException: A cadeia de caracteres de entrada não estava em um formato correto.
   em System.Number.StringToNumber(String str, NumberStyles options, NumberBuffer& number, NumberFormatInfo info, Boolean parseDecimal)
   em System.Number.ParseInt32(String s, NumberStyles style, NumberFormatInfo info)
   em System.Int32.Parse(String s)
   em Rohr.EPC.Web.TermoAditivo.PesquisarModelo_Click() na R:\AdmCorporativa\Sistemas\Scripts\Rodnei\EPC\trunk\Rohr.EPC.Web\GerarTermoAditivo.aspx.cs:linha 386;Rohr.EPC.Web.TermoAditivo.PesquisarModelo_Click;TermoAditivo.linkButtonPesquisar_Click => TermoAditivo.ValidarTermo => TermoAditivo.PesquisarModelo_Click;
Error;2017/08/01 16:20:00.781;System.FormatException: A cadeia de caracteres de entrada não estava em um formato correto.
   em System.Number.StringToNumber(String str, NumberStyles options, NumberBuffer& number, NumberFormatInfo info, Boolean parseDecimal)
   em System.Number.ParseInt32(String s, NumberStyles style, NumberFormatInfo info)
   em System.Int32.Parse(String s)
   em Rohr.EPC.Web.TermoAditivo.PesquisarModelo_Click() na R:\AdmCorporativa\Sistemas\Scripts\Rodnei\EPC\trunk\Rohr.EPC.Web\GerarTermoAditivo.aspx.cs:linha 386;Rohr.EPC.Web.TermoAditivo.PesquisarModelo_Click;TermoAditivo.linkButtonPesquisar_Click => TermoAditivo.ValidarTermo => TermoAditivo.PesquisarModelo_Click;
Error;2017/08/01 16:22:04.841;Não foi possível recuperar a sessão do usuário;Rohr.EPC.Web.Redirecionar.Page_Load;Control.OnLoad => CalliEventHandlerDelegateProxy.Callback => Redirecionar.Page_Load;
Error;2017/08/01 16:22:04.892;Rohr.EPC.Business.MyException: Não foi possível recuperar a sessão do usuário
   em Rohr.EPC.Business.Util.GetSessaoUsuario() na R:\AdmCorporativa\Sistemas\Scripts\Rodnei\EPC\trunk\Rohr.EPC.Business\Util.cs:linha 27
   em Rohr.EPC.Business.AuditoriaLogBusiness.AdicionarLogLogout(HttpBrowserCapabilities browser) na R:\AdmCorporativa\Sistemas\Scripts\Rodnei\EPC\trunk\Rohr.EPC.Business\AuditoriaLogBusiness.cs:linha 35
   em Rohr.EPC.Web.Redirecionar.Redirect(String destino) na R:\AdmCorporativa\Sistemas\Scripts\Rodnei\EPC\trunk\Rohr.EPC.Web\Redirecionar.aspx.cs:linha 41;Rohr.EPC.Web.Redirecionar.Redirect;CalliEventHandlerDelegateProxy.Callback => Redirecionar.Page_Load => Redirecionar.Redirect;
Error;2017/08/01 16:22:21.307;Rohr.EPC.Business.MyException: Não foi possível recuperar a sessão documento
   em Rohr.EPC.Business.Util.GetSessaoDocumento() na R:\AdmCorporativa\Sistemas\Scripts\Rodnei\EPC\trunk\Rohr.EPC.Business\Util.cs:linha 43
   em Rohr.EPC.Web.TermoAditivo.Page_Load(Object sender, EventArgs e) na R:\AdmCorporativa\Sistemas\Scripts\Rodnei\EPC\trunk\Rohr.EPC.Web\GerarTermoAditivo.aspx.cs:linha 337;Rohr.EPC.Web.TermoAditivo.Page_Load;Control.OnLoad => CalliEventHandlerDelegateProxy.Callback => TermoAditivo.Page_Load;
Error;2017/08/01 16:22:41.513;Rohr.EPC.Business.MyException: Não foi possível recuperar a sessão documento
   em Rohr.EPC.Business.Util.GetSessaoDocumento() na R:\AdmCorporativa\Sistemas\Scripts\Rodnei\EPC\trunk\Rohr.EPC.Business\Util.cs:linha 43
   em Rohr.EPC.Web.TermoAditivo.Page_Load(Object sender, EventArgs e) na R:\AdmCorporativa\Sistemas\Scripts\Rodnei\EPC\trunk\Rohr.EPC.Web\GerarTermoAditivo.aspx.cs:linha 337;Rohr.EPC.Web.TermoAditivo.Page_Load;Control.OnLoad => CalliEventHandlerDelegateProxy.Callback => TermoAditivo.Page_Load;
Error;2017/08/01 16:22:55.288;Rohr.EPC.Business.MyException: Não foi possível recuperar a sessão documento
   em Rohr.EPC.Business.Util.GetSessaoDocumento() na R:\AdmCorporativa\Sistemas\Scripts\Rodnei\EPC\trunk\Rohr.EPC.Business\Util.cs:linha 43
   em Rohr.EPC.Web.TermoAditivo.Page_Load(Object sender, EventArgs e) na R:\AdmCorporativa\Sistemas\Scripts\Rodnei\EPC\trunk\Rohr.EPC.Web\GerarTermoAditivo.aspx.cs:linha 337;Rohr.EPC.Web.TermoAditivo.Page_Load;Control.OnLoad => CalliEventHandlerDelegateProxy.Callback => TermoAditivo.Page_Load;
Error;2017/08/01 16:23:11.364;System.FormatException: A cadeia de caracteres de entrada não estava em um formato correto.
   em System.Number.StringToNumber(String str, NumberStyles options, NumberBuffer& number, NumberFormatInfo info, Boolean parseDecimal)
   em System.Number.ParseInt32(String s, NumberStyles style, NumberFormatInfo info)
   em System.Int32.Parse(String s)
   em Rohr.EPC.Web.TermoAditivo.PesquisarModelo_Click() na R:\AdmCorporativa\Sistemas\Scripts\Rodnei\EPC\trunk\Rohr.EPC.Web\GerarTermoAditivo.aspx.cs:linha 388;Rohr.EPC.Web.TermoAditivo.PesquisarModelo_Click;TermoAditivo.Page_Load => TermoAditivo.ValidarTermo => TermoAditivo.PesquisarModelo_Click;
Error;2017/08/01 17:39:26.189;Não foi possível recuperar a sessão do usuário;Rohr.EPC.Web.Redirecionar.Page_Load;Control.OnLoad => CalliEventHandlerDelegateProxy.Callback => Redirecionar.Page_Load;
Error;2017/08/01 17:39:26.252;Rohr.EPC.Business.MyException: Não foi possível recuperar a sessão do usuário
   em Rohr.EPC.Business.Util.GetSessaoUsuario() na R:\AdmCorporativa\Sistemas\Scripts\Rodnei\EPC\trunk\Rohr.EPC.Business\Util.cs:linha 27
   em Rohr.EPC.Business.AuditoriaLogBusiness.AdicionarLogLogout(HttpBrowserCapabilities browser) na R:\AdmCorporativa\Sistemas\Scripts\Rodnei\EPC\trunk\Rohr.EPC.Business\AuditoriaLogBusiness.cs:linha 35
   em Rohr.EPC.Web.Redirecionar.Redirect(String destino) na R:\AdmCorporativa\Sistemas\Scripts\Rodnei\EPC\trunk\Rohr.EPC.Web\Redirecionar.aspx.cs:linha 41;Rohr.EPC.Web.Redirecionar.Redirect;CalliEventHandlerDelegateProxy.Callback => Redirecionar.Page_Load => Redirecionar.Redirect;
Error;2017/08/01 17:58:01.219;Não foi possível recuperar a sessão do usuário;Rohr.EPC.Web.Redirecionar.Page_Load;Control.OnLoad => CalliEventHandlerDelegateProxy.Callback => Redirecionar.Page_Load;
Error;2017/08/01 17:58:01.260;Rohr.EPC.Business.MyException: Não foi possível recuperar a sessão do usuário
   em Rohr.EPC.Business.Util.GetSessaoUsuario() na R:\AdmCorporativa\Sistemas\Scripts\Rodnei\EPC\trunk\Rohr.EPC.Business\Util.cs:linha 27
   em Rohr.EPC.Business.AuditoriaLogBusiness.AdicionarLogLogout(HttpBrowserCapabilities browser) na R:\AdmCorporativa\Sistemas\Scripts\Rodnei\EPC\trunk\Rohr.EPC.Business\AuditoriaLogBusiness.cs:linha 35
   em Rohr.EPC.Web.Redirecionar.Redirect(String destino) na R:\AdmCorporativa\Sistemas\Scripts\Rodnei\EPC\trunk\Rohr.EPC.Web\Redirecionar.aspx.cs:linha 41;Rohr.EPC.Web.Redirecionar.Redirect;CalliEventHandlerDelegateProxy.Callback => Redirecionar.Page_Load => Redirecionar.Redirect;
Error;2017/08/01 18:02:03.494;Não foi possível recuperar a sessão do usuário;Rohr.EPC.Web.Redirecionar.Page_Load;Control.OnLoad => CalliEventHandlerDelegateProxy.Callback => Redirecionar.Page_Load;
Error;2017/08/01 18:02:03.530;Rohr.EPC.Business.MyException: Não foi possível recuperar a sessão do usuário
   em Rohr.EPC.Business.Util.GetSessaoUsuario() na R:\AdmCorporativa\Sistemas\Scripts\Rodnei\EPC\trunk\Rohr.EPC.Business\Util.cs:linha 27
   em Rohr.EPC.Business.AuditoriaLogBusiness.AdicionarLogLogout(HttpBrowserCapabilities browser) na R:\AdmCorporativa\Sistemas\Scripts\Rodnei\EPC\trunk\Rohr.EPC.Business\AuditoriaLogBusiness.cs:linha 35
   em Rohr.EPC.Web.Redirecionar.Redirect(String destino) na R:\AdmCorporativa\Sistemas\Scripts\Rodnei\EPC\trunk\Rohr.EPC.Web\Redirecionar.aspx.cs:linha 41;Rohr.EPC.Web.Redirecionar.Redirect;CalliEventHandlerDelegateProxy.Callback => Redirecionar.Page_Load => Redirecionar.Redirect;
Error;2017/08/01 18:09:12.822;Não foi possível recuperar a sessão do usuário;Rohr.EPC.Web.Redirecionar.Page_Load;Control.OnLoad => CalliEventHandlerDelegateProxy.Callback => Redirecionar.Page_Load;
Error;2017/08/01 18:09:12.900;Rohr.EPC.Business.MyException: Não foi possível recuperar a sessão do usuário
   em Rohr.EPC.Business.Util.GetSessaoUsuario() na R:\AdmCorporativa\Sistemas\Scripts\Rodnei\EPC\trunk\Rohr.EPC.Business\Util.cs:linha 27
   em Rohr.EPC.Business.AuditoriaLogBusiness.AdicionarLogLogout(HttpBrowserCapabilities browser) na R:\AdmCorporativa\Sistemas\Scripts\Rodnei\EPC\trunk\Rohr.EPC.Business\AuditoriaLogBusiness.cs:linha 35
   em Rohr.EPC.Web.Redirecionar.Redirect(String destino) na R:\AdmCorporativa\Sistemas\Scripts\Rodnei\EPC\trunk\Rohr.EPC.Web\Redirecionar.aspx.cs:linha 41;Rohr.EPC.Web.Redirecionar.Redirect;CalliEventHandlerDelegateProxy.Callback => Redirecionar.Page_Load => Redirecionar.Redirect;
