Error;2017/04/26 08:22:20.202;System.IndexOutOfRangeException: Resumo
   em System.Data.ProviderBase.FieldNameLookup.GetOrdinal(String fieldName)
   em System.Data.SqlClient.SqlDataReader.GetOrdinal(String name)
   em System.Data.SqlClient.SqlDataReader.get_Item(String name)
   em Rohr.EPC.DAL.DocumentoResumoDAO.ObterUltimoResumo(Int32 idDocumento) na C:\Users\rafael.marques\BKP_RAFAEL\Desktop\EPC2\trunk\Rohr.EPC.DAL\DocumentoResumoDAO.cs:linha 50
   em Rohr.EPC.Business.DocumentoResumoBusiness.ObterUltimoResumo(Int32 idDocumento) na C:\Users\rafael.marques\BKP_RAFAEL\Desktop\EPC2\trunk\Rohr.EPC.Business\DocumentoResumoBusiness.cs:linha 21
   em Rohr.EPC.Web.Resumo.CarregarResumoProposta(Documento documento) na C:\Users\rafael.marques\BKP_RAFAEL\Desktop\EPC2\trunk\Rohr.EPC.Web\Resumo.aspx.cs:linha 126
   em Rohr.EPC.Web.Resumo.Page_Load(Object sender, EventArgs e) na C:\Users\rafael.marques\BKP_RAFAEL\Desktop\EPC2\trunk\Rohr.EPC.Web\Resumo.aspx.cs:linha 52;Rohr.EPC.Web.Resumo.Page_Load;Control.OnLoad => CalliEventHandlerDelegateProxy.Callback => Resumo.Page_Load;
Error;2017/04/26 08:23:26.715;System.NullReferenceException: Referência de objeto não definida para uma instância de um objeto.
   em Rohr.EPC.Business.PdfBusiness.GerarRodape(Documento documento, Int32 idUsuario) na C:\Users\rafael.marques\BKP_RAFAEL\Desktop\EPC2\trunk\Rohr.EPC.Business\PdfBusiness.cs:linha 264
   em Rohr.EPC.Business.PdfBusiness.GerarPdf(Documento documento, Int32 idPerfil, Int32 idUsuario) na C:\Users\rafael.marques\BKP_RAFAEL\Desktop\EPC2\trunk\Rohr.EPC.Business\PdfBusiness.cs:linha 128
   em Rohr.EPC.Web.BaixarDocumento.GerarPdf(Documento documento, Int32 idPerfilAtivo, HttpContext context, Int32 idUsuario) na C:\Users\rafael.marques\BKP_RAFAEL\Desktop\EPC2\trunk\Rohr.EPC.Web\BaixarDocumento.ashx.cs:linha 74
   em Rohr.EPC.Web.BaixarDocumento.ProcessRequest(HttpContext context) na C:\Users\rafael.marques\BKP_RAFAEL\Desktop\EPC2\trunk\Rohr.EPC.Web\BaixarDocumento.ashx.cs:linha 44;Rohr.EPC.Web.BaixarDocumento.ProcessRequest;HttpApplication.ExecuteStep => CallHandlerExecutionStep.System.Web.HttpApplication.IExecutionStep.Execute => BaixarDocumento.ProcessRequest;
Error;2017/04/26 08:23:33.814;System.NullReferenceException: Referência de objeto não definida para uma instância de um objeto.
   em Rohr.EPC.Business.PdfBusiness.GerarRodape(Documento documento, Int32 idUsuario) na C:\Users\rafael.marques\BKP_RAFAEL\Desktop\EPC2\trunk\Rohr.EPC.Business\PdfBusiness.cs:linha 264
   em Rohr.EPC.Business.PdfBusiness.GerarPdf(Documento documento, Int32 idPerfil, Int32 idUsuario) na C:\Users\rafael.marques\BKP_RAFAEL\Desktop\EPC2\trunk\Rohr.EPC.Business\PdfBusiness.cs:linha 128
   em Rohr.EPC.Web.BaixarDocumento.GerarPdf(Documento documento, Int32 idPerfilAtivo, HttpContext context, Int32 idUsuario) na C:\Users\rafael.marques\BKP_RAFAEL\Desktop\EPC2\trunk\Rohr.EPC.Web\BaixarDocumento.ashx.cs:linha 74
   em Rohr.EPC.Web.BaixarDocumento.ProcessRequest(HttpContext context) na C:\Users\rafael.marques\BKP_RAFAEL\Desktop\EPC2\trunk\Rohr.EPC.Web\BaixarDocumento.ashx.cs:linha 44;Rohr.EPC.Web.BaixarDocumento.ProcessRequest;HttpApplication.ExecuteStep => CallHandlerExecutionStep.System.Web.HttpApplication.IExecutionStep.Execute => BaixarDocumento.ProcessRequest;
Error;2017/04/26 08:23:52.823;System.IndexOutOfRangeException: Resumo
   em System.Data.ProviderBase.FieldNameLookup.GetOrdinal(String fieldName)
   em System.Data.SqlClient.SqlDataReader.GetOrdinal(String name)
   em System.Data.SqlClient.SqlDataReader.get_Item(String name)
   em Rohr.EPC.DAL.DocumentoResumoDAO.ObterUltimoResumo(Int32 idDocumento) na C:\Users\rafael.marques\BKP_RAFAEL\Desktop\EPC2\trunk\Rohr.EPC.DAL\DocumentoResumoDAO.cs:linha 50
   em Rohr.EPC.Business.DocumentoResumoBusiness.ObterUltimoResumo(Int32 idDocumento) na C:\Users\rafael.marques\BKP_RAFAEL\Desktop\EPC2\trunk\Rohr.EPC.Business\DocumentoResumoBusiness.cs:linha 21
   em Rohr.EPC.Web.Resumo.CarregarResumoProposta(Documento documento) na C:\Users\rafael.marques\BKP_RAFAEL\Desktop\EPC2\trunk\Rohr.EPC.Web\Resumo.aspx.cs:linha 126
   em Rohr.EPC.Web.Resumo.Page_Load(Object sender, EventArgs e) na C:\Users\rafael.marques\BKP_RAFAEL\Desktop\EPC2\trunk\Rohr.EPC.Web\Resumo.aspx.cs:linha 52;Rohr.EPC.Web.Resumo.Page_Load;Control.OnLoad => CalliEventHandlerDelegateProxy.Callback => Resumo.Page_Load;
Error;2017/04/26 08:31:30.291;Não foi possível recuperar a sessão do usuário;Rohr.EPC.Web.Redirecionar.Page_Load;Control.OnLoad => CalliEventHandlerDelegateProxy.Callback => Redirecionar.Page_Load;
Error;2017/04/26 08:31:30.336;Rohr.EPC.Business.MyException: Não foi possível recuperar a sessão do usuário
   em Rohr.EPC.Business.Util.GetSessaoUsuario() na C:\Users\rafael.marques\BKP_RAFAEL\Desktop\EPC2\trunk\Rohr.EPC.Business\Util.cs:linha 27
   em Rohr.EPC.Business.AuditoriaLogBusiness.AdicionarLogLogout(HttpBrowserCapabilities browser) na C:\Users\rafael.marques\BKP_RAFAEL\Desktop\EPC2\trunk\Rohr.EPC.Business\AuditoriaLogBusiness.cs:linha 35
   em Rohr.EPC.Web.Redirecionar.Redirect(String destino) na C:\Users\rafael.marques\BKP_RAFAEL\Desktop\EPC2\trunk\Rohr.EPC.Web\Redirecionar.aspx.cs:linha 41;Rohr.EPC.Web.Redirecionar.Redirect;CalliEventHandlerDelegateProxy.Callback => Redirecionar.Page_Load => Redirecionar.Redirect;
Error;2017/04/26 08:31:42.754;System.IndexOutOfRangeException: Resumo
   em System.Data.ProviderBase.FieldNameLookup.GetOrdinal(String fieldName)
   em System.Data.SqlClient.SqlDataReader.GetOrdinal(String name)
   em System.Data.SqlClient.SqlDataReader.get_Item(String name)
   em Rohr.EPC.DAL.DocumentoResumoDAO.ObterUltimoResumo(Int32 idDocumento) na C:\Users\rafael.marques\BKP_RAFAEL\Desktop\EPC2\trunk\Rohr.EPC.DAL\DocumentoResumoDAO.cs:linha 50
   em Rohr.EPC.Business.DocumentoResumoBusiness.ObterUltimoResumo(Int32 idDocumento) na C:\Users\rafael.marques\BKP_RAFAEL\Desktop\EPC2\trunk\Rohr.EPC.Business\DocumentoResumoBusiness.cs:linha 21
   em Rohr.EPC.Web.Resumo.CarregarResumoProposta(Documento documento) na C:\Users\rafael.marques\BKP_RAFAEL\Desktop\EPC2\trunk\Rohr.EPC.Web\Resumo.aspx.cs:linha 126
   em Rohr.EPC.Web.Resumo.Page_Load(Object sender, EventArgs e) na C:\Users\rafael.marques\BKP_RAFAEL\Desktop\EPC2\trunk\Rohr.EPC.Web\Resumo.aspx.cs:linha 52;Rohr.EPC.Web.Resumo.Page_Load;Control.OnLoad => CalliEventHandlerDelegateProxy.Callback => Resumo.Page_Load;
Error;2017/04/26 08:43:59.679;Não foi possível recuperar a sessão do usuário;Rohr.EPC.Web.Redirecionar.Page_Load;Control.OnLoad => CalliEventHandlerDelegateProxy.Callback => Redirecionar.Page_Load;
Error;2017/04/26 08:43:59.724;Rohr.EPC.Business.MyException: Não foi possível recuperar a sessão do usuário
   em Rohr.EPC.Business.Util.GetSessaoUsuario() na C:\Users\rafael.marques\BKP_RAFAEL\Desktop\EPC2\trunk\Rohr.EPC.Business\Util.cs:linha 27
   em Rohr.EPC.Business.AuditoriaLogBusiness.AdicionarLogLogout(HttpBrowserCapabilities browser) na C:\Users\rafael.marques\BKP_RAFAEL\Desktop\EPC2\trunk\Rohr.EPC.Business\AuditoriaLogBusiness.cs:linha 35
   em Rohr.EPC.Web.Redirecionar.Redirect(String destino) na C:\Users\rafael.marques\BKP_RAFAEL\Desktop\EPC2\trunk\Rohr.EPC.Web\Redirecionar.aspx.cs:linha 41;Rohr.EPC.Web.Redirecionar.Redirect;CalliEventHandlerDelegateProxy.Callback => Redirecionar.Page_Load => Redirecionar.Redirect;
Error;2017/04/26 08:44:47.949;System.IndexOutOfRangeException: Resumo
   em System.Data.ProviderBase.FieldNameLookup.GetOrdinal(String fieldName)
   em System.Data.SqlClient.SqlDataReader.GetOrdinal(String name)
   em System.Data.SqlClient.SqlDataReader.get_Item(String name)
   em Rohr.EPC.DAL.DocumentoResumoDAO.ObterUltimoResumo(Int32 idDocumento) na C:\Users\rafael.marques\BKP_RAFAEL\Desktop\EPC2\trunk\Rohr.EPC.DAL\DocumentoResumoDAO.cs:linha 50
   em Rohr.EPC.Business.DocumentoResumoBusiness.ObterUltimoResumo(Int32 idDocumento) na C:\Users\rafael.marques\BKP_RAFAEL\Desktop\EPC2\trunk\Rohr.EPC.Business\DocumentoResumoBusiness.cs:linha 21
   em Rohr.EPC.Web.Resumo.CarregarResumoProposta(Documento documento) na C:\Users\rafael.marques\BKP_RAFAEL\Desktop\EPC2\trunk\Rohr.EPC.Web\Resumo.aspx.cs:linha 126
   em Rohr.EPC.Web.Resumo.Page_Load(Object sender, EventArgs e) na C:\Users\rafael.marques\BKP_RAFAEL\Desktop\EPC2\trunk\Rohr.EPC.Web\Resumo.aspx.cs:linha 52;Rohr.EPC.Web.Resumo.Page_Load;Control.OnLoad => CalliEventHandlerDelegateProxy.Callback => Resumo.Page_Load;
Error;2017/04/26 08:49:34.875;Não foi possível recuperar a sessão do usuário;Rohr.EPC.Web.Redirecionar.Page_Load;Control.OnLoad => CalliEventHandlerDelegateProxy.Callback => Redirecionar.Page_Load;
Error;2017/04/26 08:49:34.919;Rohr.EPC.Business.MyException: Não foi possível recuperar a sessão do usuário
   em Rohr.EPC.Business.Util.GetSessaoUsuario() na C:\Users\rafael.marques\BKP_RAFAEL\Desktop\EPC2\trunk\Rohr.EPC.Business\Util.cs:linha 27
   em Rohr.EPC.Business.AuditoriaLogBusiness.AdicionarLogLogout(HttpBrowserCapabilities browser) na C:\Users\rafael.marques\BKP_RAFAEL\Desktop\EPC2\trunk\Rohr.EPC.Business\AuditoriaLogBusiness.cs:linha 35
   em Rohr.EPC.Web.Redirecionar.Redirect(String destino) na C:\Users\rafael.marques\BKP_RAFAEL\Desktop\EPC2\trunk\Rohr.EPC.Web\Redirecionar.aspx.cs:linha 41;Rohr.EPC.Web.Redirecionar.Redirect;CalliEventHandlerDelegateProxy.Callback => Redirecionar.Page_Load => Redirecionar.Redirect;
Error;2017/04/26 08:49:46.374;System.IndexOutOfRangeException: Resumo
   em System.Data.ProviderBase.FieldNameLookup.GetOrdinal(String fieldName)
   em System.Data.SqlClient.SqlDataReader.GetOrdinal(String name)
   em System.Data.SqlClient.SqlDataReader.get_Item(String name)
   em Rohr.EPC.DAL.DocumentoResumoDAO.ObterUltimoResumo(Int32 idDocumento) na C:\Users\rafael.marques\BKP_RAFAEL\Desktop\EPC2\trunk\Rohr.EPC.DAL\DocumentoResumoDAO.cs:linha 50
   em Rohr.EPC.Business.DocumentoResumoBusiness.ObterUltimoResumo(Int32 idDocumento) na C:\Users\rafael.marques\BKP_RAFAEL\Desktop\EPC2\trunk\Rohr.EPC.Business\DocumentoResumoBusiness.cs:linha 21
   em Rohr.EPC.Web.Resumo.CarregarResumoProposta(Documento documento) na C:\Users\rafael.marques\BKP_RAFAEL\Desktop\EPC2\trunk\Rohr.EPC.Web\Resumo.aspx.cs:linha 126
   em Rohr.EPC.Web.Resumo.Page_Load(Object sender, EventArgs e) na C:\Users\rafael.marques\BKP_RAFAEL\Desktop\EPC2\trunk\Rohr.EPC.Web\Resumo.aspx.cs:linha 52;Rohr.EPC.Web.Resumo.Page_Load;Control.OnLoad => CalliEventHandlerDelegateProxy.Callback => Resumo.Page_Load;
Error;2017/04/26 08:56:49.747;Não foi possível recuperar a sessão do usuário;Rohr.EPC.Web.Redirecionar.Page_Load;Control.OnLoad => CalliEventHandlerDelegateProxy.Callback => Redirecionar.Page_Load;
Error;2017/04/26 08:56:49.796;Rohr.EPC.Business.MyException: Não foi possível recuperar a sessão do usuário
   em Rohr.EPC.Business.Util.GetSessaoUsuario() na C:\Users\rafael.marques\BKP_RAFAEL\Desktop\EPC2\trunk\Rohr.EPC.Business\Util.cs:linha 27
   em Rohr.EPC.Business.AuditoriaLogBusiness.AdicionarLogLogout(HttpBrowserCapabilities browser) na C:\Users\rafael.marques\BKP_RAFAEL\Desktop\EPC2\trunk\Rohr.EPC.Business\AuditoriaLogBusiness.cs:linha 35
   em Rohr.EPC.Web.Redirecionar.Redirect(String destino) na C:\Users\rafael.marques\BKP_RAFAEL\Desktop\EPC2\trunk\Rohr.EPC.Web\Redirecionar.aspx.cs:linha 41;Rohr.EPC.Web.Redirecionar.Redirect;CalliEventHandlerDelegateProxy.Callback => Redirecionar.Page_Load => Redirecionar.Redirect;
Error;2017/04/26 08:57:34.054;Rohr.EPC.Business.MyException: Nenhum documento selecionado.
   em Rohr.EPC.Web.MasterPage.MasterDefault.GerarPdf() na C:\Users\rafael.marques\BKP_RAFAEL\Desktop\EPC2\trunk\Rohr.EPC.Web\MasterPage\MasterDefault.Master.cs:linha 651
   em Rohr.EPC.Web.MasterPage.MasterDefault.btnMenu_Click(Object sender, EventArgs e) na C:\Users\rafael.marques\BKP_RAFAEL\Desktop\EPC2\trunk\Rohr.EPC.Web\MasterPage\MasterDefault.Master.cs:linha 82;Rohr.EPC.Web.MasterPage.MasterDefault.btnMenu_Click;LinkButton.RaisePostBackEvent => LinkButton.OnClick => MasterDefault.btnMenu_Click;
Error;2017/04/26 08:57:40.299;System.NullReferenceException: Referência de objeto não definida para uma instância de um objeto.
   em Rohr.EPC.Business.PdfBusiness.GerarRodape(Documento documento, Int32 idUsuario) na C:\Users\rafael.marques\BKP_RAFAEL\Desktop\EPC2\trunk\Rohr.EPC.Business\PdfBusiness.cs:linha 264
   em Rohr.EPC.Business.PdfBusiness.GerarPdf(Documento documento, Int32 idPerfil, Int32 idUsuario) na C:\Users\rafael.marques\BKP_RAFAEL\Desktop\EPC2\trunk\Rohr.EPC.Business\PdfBusiness.cs:linha 128
   em Rohr.EPC.Web.BaixarDocumento.GerarPdf(Documento documento, Int32 idPerfilAtivo, HttpContext context, Int32 idUsuario) na C:\Users\rafael.marques\BKP_RAFAEL\Desktop\EPC2\trunk\Rohr.EPC.Web\BaixarDocumento.ashx.cs:linha 74
   em Rohr.EPC.Web.BaixarDocumento.ProcessRequest(HttpContext context) na C:\Users\rafael.marques\BKP_RAFAEL\Desktop\EPC2\trunk\Rohr.EPC.Web\BaixarDocumento.ashx.cs:linha 44;Rohr.EPC.Web.BaixarDocumento.ProcessRequest;HttpApplication.ExecuteStep => CallHandlerExecutionStep.System.Web.HttpApplication.IExecutionStep.Execute => BaixarDocumento.ProcessRequest;
Error;2017/04/26 09:04:23.248;Não foi possível recuperar a sessão do usuário;Rohr.EPC.Web.Redirecionar.Page_Load;Control.OnLoad => CalliEventHandlerDelegateProxy.Callback => Redirecionar.Page_Load;
Error;2017/04/26 09:04:23.292;Rohr.EPC.Business.MyException: Não foi possível recuperar a sessão do usuário
   em Rohr.EPC.Business.Util.GetSessaoUsuario() na C:\Users\rafael.marques\BKP_RAFAEL\Desktop\EPC2\trunk\Rohr.EPC.Business\Util.cs:linha 27
   em Rohr.EPC.Business.AuditoriaLogBusiness.AdicionarLogLogout(HttpBrowserCapabilities browser) na C:\Users\rafael.marques\BKP_RAFAEL\Desktop\EPC2\trunk\Rohr.EPC.Business\AuditoriaLogBusiness.cs:linha 35
   em Rohr.EPC.Web.Redirecionar.Redirect(String destino) na C:\Users\rafael.marques\BKP_RAFAEL\Desktop\EPC2\trunk\Rohr.EPC.Web\Redirecionar.aspx.cs:linha 41;Rohr.EPC.Web.Redirecionar.Redirect;CalliEventHandlerDelegateProxy.Callback => Redirecionar.Page_Load => Redirecionar.Redirect;
Error;2017/04/26 09:04:40.705;System.NullReferenceException: Referência de objeto não definida para uma instância de um objeto.
   em Rohr.EPC.Business.PdfBusiness.GerarRodape(Documento documento, Int32 idUsuario) na C:\Users\rafael.marques\BKP_RAFAEL\Desktop\EPC2\trunk\Rohr.EPC.Business\PdfBusiness.cs:linha 264
   em Rohr.EPC.Business.PdfBusiness.GerarPdf(Documento documento, Int32 idPerfil, Int32 idUsuario) na C:\Users\rafael.marques\BKP_RAFAEL\Desktop\EPC2\trunk\Rohr.EPC.Business\PdfBusiness.cs:linha 128
   em Rohr.EPC.Web.BaixarDocumento.GerarPdf(Documento documento, Int32 idPerfilAtivo, HttpContext context, Int32 idUsuario) na C:\Users\rafael.marques\BKP_RAFAEL\Desktop\EPC2\trunk\Rohr.EPC.Web\BaixarDocumento.ashx.cs:linha 74
   em Rohr.EPC.Web.BaixarDocumento.ProcessRequest(HttpContext context) na C:\Users\rafael.marques\BKP_RAFAEL\Desktop\EPC2\trunk\Rohr.EPC.Web\BaixarDocumento.ashx.cs:linha 44;Rohr.EPC.Web.BaixarDocumento.ProcessRequest;HttpApplication.ExecuteStep => CallHandlerExecutionStep.System.Web.HttpApplication.IExecutionStep.Execute => BaixarDocumento.ProcessRequest;
Error;2017/04/26 09:06:54.535;System.NullReferenceException: Referência de objeto não definida para uma instância de um objeto.
   em Rohr.EPC.Business.PdfBusiness.GerarRodape(Documento documento, Int32 idUsuario) na C:\Users\rafael.marques\BKP_RAFAEL\Desktop\EPC2\trunk\Rohr.EPC.Business\PdfBusiness.cs:linha 264
   em Rohr.EPC.Business.PdfBusiness.GerarPdf(Documento documento, Int32 idPerfil, Int32 idUsuario) na C:\Users\rafael.marques\BKP_RAFAEL\Desktop\EPC2\trunk\Rohr.EPC.Business\PdfBusiness.cs:linha 128
   em Rohr.EPC.Web.BaixarDocumento.GerarPdf(Documento documento, Int32 idPerfilAtivo, HttpContext context, Int32 idUsuario) na C:\Users\rafael.marques\BKP_RAFAEL\Desktop\EPC2\trunk\Rohr.EPC.Web\BaixarDocumento.ashx.cs:linha 74
   em Rohr.EPC.Web.BaixarDocumento.ProcessRequest(HttpContext context) na C:\Users\rafael.marques\BKP_RAFAEL\Desktop\EPC2\trunk\Rohr.EPC.Web\BaixarDocumento.ashx.cs:linha 44;Rohr.EPC.Web.BaixarDocumento.ProcessRequest;HttpApplication.ExecuteStep => CallHandlerExecutionStep.System.Web.HttpApplication.IExecutionStep.Execute => BaixarDocumento.ProcessRequest;
Error;2017/04/26 09:43:51.305;Não foi possível recuperar a sessão do usuário;Rohr.EPC.Web.Redirecionar.Page_Load;Control.OnLoad => CalliEventHandlerDelegateProxy.Callback => Redirecionar.Page_Load;
Error;2017/04/26 09:43:51.352;Rohr.EPC.Business.MyException: Não foi possível recuperar a sessão do usuário
   em Rohr.EPC.Business.Util.GetSessaoUsuario() na C:\Users\rafael.marques\BKP_RAFAEL\Desktop\EPC2\trunk\Rohr.EPC.Business\Util.cs:linha 27
   em Rohr.EPC.Business.AuditoriaLogBusiness.AdicionarLogLogout(HttpBrowserCapabilities browser) na C:\Users\rafael.marques\BKP_RAFAEL\Desktop\EPC2\trunk\Rohr.EPC.Business\AuditoriaLogBusiness.cs:linha 35
   em Rohr.EPC.Web.Redirecionar.Redirect(String destino) na C:\Users\rafael.marques\BKP_RAFAEL\Desktop\EPC2\trunk\Rohr.EPC.Web\Redirecionar.aspx.cs:linha 41;Rohr.EPC.Web.Redirecionar.Redirect;CalliEventHandlerDelegateProxy.Callback => Redirecionar.Page_Load => Redirecionar.Redirect;
Error;2017/04/26 09:44:08.384;Rohr.EPC.Business.MyException: Nenhum documento selecionado.
   em Rohr.EPC.Web.MasterPage.MasterDefault.GerarPdf() na C:\Users\rafael.marques\BKP_RAFAEL\Desktop\EPC2\trunk\Rohr.EPC.Web\MasterPage\MasterDefault.Master.cs:linha 651
   em Rohr.EPC.Web.MasterPage.MasterDefault.btnMenu_Click(Object sender, EventArgs e) na C:\Users\rafael.marques\BKP_RAFAEL\Desktop\EPC2\trunk\Rohr.EPC.Web\MasterPage\MasterDefault.Master.cs:linha 82;Rohr.EPC.Web.MasterPage.MasterDefault.btnMenu_Click;LinkButton.RaisePostBackEvent => LinkButton.OnClick => MasterDefault.btnMenu_Click;
Error;2017/04/26 09:44:27.550;System.NullReferenceException: Referência de objeto não definida para uma instância de um objeto.
   em Rohr.EPC.Business.PdfBusiness.GerarRodape(Documento documento, Int32 idUsuario) na C:\Users\rafael.marques\BKP_RAFAEL\Desktop\EPC2\trunk\Rohr.EPC.Business\PdfBusiness.cs:linha 264
   em Rohr.EPC.Business.PdfBusiness.GerarPdf(Documento documento, Int32 idPerfil, Int32 idUsuario) na C:\Users\rafael.marques\BKP_RAFAEL\Desktop\EPC2\trunk\Rohr.EPC.Business\PdfBusiness.cs:linha 128
   em Rohr.EPC.Web.BaixarDocumento.GerarPdf(Documento documento, Int32 idPerfilAtivo, HttpContext context, Int32 idUsuario) na C:\Users\rafael.marques\BKP_RAFAEL\Desktop\EPC2\trunk\Rohr.EPC.Web\BaixarDocumento.ashx.cs:linha 74
   em Rohr.EPC.Web.BaixarDocumento.ProcessRequest(HttpContext context) na C:\Users\rafael.marques\BKP_RAFAEL\Desktop\EPC2\trunk\Rohr.EPC.Web\BaixarDocumento.ashx.cs:linha 44;Rohr.EPC.Web.BaixarDocumento.ProcessRequest;HttpApplication.ExecuteStep => CallHandlerExecutionStep.System.Web.HttpApplication.IExecutionStep.Execute => BaixarDocumento.ProcessRequest;
Error;2017/04/26 09:44:49.310;System.NullReferenceException: Referência de objeto não definida para uma instância de um objeto.
   em Rohr.EPC.Business.PdfBusiness.GerarRodape(Documento documento, Int32 idUsuario) na C:\Users\rafael.marques\BKP_RAFAEL\Desktop\EPC2\trunk\Rohr.EPC.Business\PdfBusiness.cs:linha 264
   em Rohr.EPC.Business.PdfBusiness.GerarPdf(Documento documento, Int32 idPerfil, Int32 idUsuario) na C:\Users\rafael.marques\BKP_RAFAEL\Desktop\EPC2\trunk\Rohr.EPC.Business\PdfBusiness.cs:linha 128
   em Rohr.EPC.Web.BaixarDocumento.GerarPdf(Documento documento, Int32 idPerfilAtivo, HttpContext context, Int32 idUsuario) na C:\Users\rafael.marques\BKP_RAFAEL\Desktop\EPC2\trunk\Rohr.EPC.Web\BaixarDocumento.ashx.cs:linha 74
   em Rohr.EPC.Web.BaixarDocumento.ProcessRequest(HttpContext context) na C:\Users\rafael.marques\BKP_RAFAEL\Desktop\EPC2\trunk\Rohr.EPC.Web\BaixarDocumento.ashx.cs:linha 44;Rohr.EPC.Web.BaixarDocumento.ProcessRequest;HttpApplication.ExecuteStep => CallHandlerExecutionStep.System.Web.HttpApplication.IExecutionStep.Execute => BaixarDocumento.ProcessRequest;
Error;2017/04/26 09:57:40.403;Não foi possível recuperar a sessão do usuário;Rohr.EPC.Web.Redirecionar.Page_Load;Control.OnLoad => CalliEventHandlerDelegateProxy.Callback => Redirecionar.Page_Load;
Error;2017/04/26 09:57:40.450;Rohr.EPC.Business.MyException: Não foi possível recuperar a sessão do usuário
   em Rohr.EPC.Business.Util.GetSessaoUsuario() na C:\Users\rafael.marques\BKP_RAFAEL\Desktop\EPC2\trunk\Rohr.EPC.Business\Util.cs:linha 27
   em Rohr.EPC.Business.AuditoriaLogBusiness.AdicionarLogLogout(HttpBrowserCapabilities browser) na C:\Users\rafael.marques\BKP_RAFAEL\Desktop\EPC2\trunk\Rohr.EPC.Business\AuditoriaLogBusiness.cs:linha 35
   em Rohr.EPC.Web.Redirecionar.Redirect(String destino) na C:\Users\rafael.marques\BKP_RAFAEL\Desktop\EPC2\trunk\Rohr.EPC.Web\Redirecionar.aspx.cs:linha 41;Rohr.EPC.Web.Redirecionar.Redirect;CalliEventHandlerDelegateProxy.Callback => Redirecionar.Page_Load => Redirecionar.Redirect;
Error;2017/04/26 09:57:58.274;Rohr.EPC.Business.MyException: Informe uma observação :(
   em Rohr.EPC.Web.Acoes.ValidarJustificativa() na C:\Users\rafael.marques\BKP_RAFAEL\Desktop\EPC2\trunk\Rohr.EPC.Web\Acoes.aspx.cs:linha 49
   em Rohr.EPC.Web.Acoes.btnAcaoSecundaria_Click(Object sender, EventArgs e) na C:\Users\rafael.marques\BKP_RAFAEL\Desktop\EPC2\trunk\Rohr.EPC.Web\Acoes.aspx.cs:linha 189;Rohr.EPC.Web.Acoes.btnAcaoSecundaria_Click;Button.RaisePostBackEvent => Button.OnClick => Acoes.btnAcaoSecundaria_Click;
Error;2017/04/26 09:59:08.307;System.NullReferenceException: Referência de objeto não definida para uma instância de um objeto.
   em Rohr.EPC.Business.PdfBusiness.GerarRodape(Documento documento, Int32 idUsuario) na C:\Users\rafael.marques\BKP_RAFAEL\Desktop\EPC2\trunk\Rohr.EPC.Business\PdfBusiness.cs:linha 264
   em Rohr.EPC.Business.PdfBusiness.GerarPdf(Documento documento, Int32 idPerfil, Int32 idUsuario) na C:\Users\rafael.marques\BKP_RAFAEL\Desktop\EPC2\trunk\Rohr.EPC.Business\PdfBusiness.cs:linha 128
   em Rohr.EPC.Web.BaixarDocumento.GerarPdf(Documento documento, Int32 idPerfilAtivo, HttpContext context, Int32 idUsuario) na C:\Users\rafael.marques\BKP_RAFAEL\Desktop\EPC2\trunk\Rohr.EPC.Web\BaixarDocumento.ashx.cs:linha 74
   em Rohr.EPC.Web.BaixarDocumento.ProcessRequest(HttpContext context) na C:\Users\rafael.marques\BKP_RAFAEL\Desktop\EPC2\trunk\Rohr.EPC.Web\BaixarDocumento.ashx.cs:linha 44;Rohr.EPC.Web.BaixarDocumento.ProcessRequest;HttpApplication.ExecuteStep => CallHandlerExecutionStep.System.Web.HttpApplication.IExecutionStep.Execute => BaixarDocumento.ProcessRequest;
Error;2017/04/26 10:15:27.608;System.NullReferenceException: Referência de objeto não definida para uma instância de um objeto.
   em Rohr.EPC.Business.PdfBusiness.GerarRodape(Documento documento, Int32 idUsuario) na C:\Users\rafael.marques\BKP_RAFAEL\Desktop\EPC2\trunk\Rohr.EPC.Business\PdfBusiness.cs:linha 264
   em Rohr.EPC.Business.PdfBusiness.GerarPdf(Documento documento, Int32 idPerfil, Int32 idUsuario) na C:\Users\rafael.marques\BKP_RAFAEL\Desktop\EPC2\trunk\Rohr.EPC.Business\PdfBusiness.cs:linha 128
   em Rohr.EPC.Web.BaixarDocumento.GerarPdf(Documento documento, Int32 idPerfilAtivo, HttpContext context, Int32 idUsuario) na C:\Users\rafael.marques\BKP_RAFAEL\Desktop\EPC2\trunk\Rohr.EPC.Web\BaixarDocumento.ashx.cs:linha 74
   em Rohr.EPC.Web.BaixarDocumento.ProcessRequest(HttpContext context) na C:\Users\rafael.marques\BKP_RAFAEL\Desktop\EPC2\trunk\Rohr.EPC.Web\BaixarDocumento.ashx.cs:linha 44;Rohr.EPC.Web.BaixarDocumento.ProcessRequest;HttpApplication.ExecuteStep => CallHandlerExecutionStep.System.Web.HttpApplication.IExecutionStep.Execute => BaixarDocumento.ProcessRequest;
Error;2017/04/26 10:17:06.464;System.NullReferenceException: Referência de objeto não definida para uma instância de um objeto.
   em Rohr.EPC.Business.PdfBusiness.GerarRodape(Documento documento, Int32 idUsuario) na C:\Users\rafael.marques\BKP_RAFAEL\Desktop\EPC2\trunk\Rohr.EPC.Business\PdfBusiness.cs:linha 264
   em Rohr.EPC.Business.PdfBusiness.GerarPdf(Documento documento, Int32 idPerfil, Int32 idUsuario) na C:\Users\rafael.marques\BKP_RAFAEL\Desktop\EPC2\trunk\Rohr.EPC.Business\PdfBusiness.cs:linha 128
   em Rohr.EPC.Web.BaixarDocumento.GerarPdf(Documento documento, Int32 idPerfilAtivo, HttpContext context, Int32 idUsuario) na C:\Users\rafael.marques\BKP_RAFAEL\Desktop\EPC2\trunk\Rohr.EPC.Web\BaixarDocumento.ashx.cs:linha 74
   em Rohr.EPC.Web.BaixarDocumento.ProcessRequest(HttpContext context) na C:\Users\rafael.marques\BKP_RAFAEL\Desktop\EPC2\trunk\Rohr.EPC.Web\BaixarDocumento.ashx.cs:linha 44;Rohr.EPC.Web.BaixarDocumento.ProcessRequest;HttpApplication.ExecuteStep => CallHandlerExecutionStep.System.Web.HttpApplication.IExecutionStep.Execute => BaixarDocumento.ProcessRequest;
Error;2017/04/26 10:20:53.307;System.Exception: Orçamento não encontrado no PMWeb. Verifique se o orçamento está marcado como valido :(
   em Rohr.PMWeb.Estimates.ObterEstimate(Int32 idEstimate) na C:\Users\rafael.marques\BKP_RAFAEL\Desktop\EPC2\trunk\Rohr.PMWeb\Estimates.cs:linha 67
   em Rohr.EPC.Web.Variaveis.btnContinuar_Click(Object sender, EventArgs e) na C:\Users\rafael.marques\BKP_RAFAEL\Desktop\EPC2\trunk\Rohr.EPC.Web\Variaveis.aspx.cs:linha 698;Rohr.EPC.Web.Variaveis.btnContinuar_Click;Button.RaisePostBackEvent => Button.OnClick => Variaveis.btnContinuar_Click;
Error;2017/04/26 11:00:34.173;Não foi possível recuperar a sessão do usuário;Rohr.EPC.Web.Redirecionar.Page_Load;Control.OnLoad => CalliEventHandlerDelegateProxy.Callback => Redirecionar.Page_Load;
Error;2017/04/26 11:00:34.218;Rohr.EPC.Business.MyException: Não foi possível recuperar a sessão do usuário
   em Rohr.EPC.Business.Util.GetSessaoUsuario() na C:\Users\rafael.marques\BKP_RAFAEL\Desktop\EPC2\trunk\Rohr.EPC.Business\Util.cs:linha 27
   em Rohr.EPC.Business.AuditoriaLogBusiness.AdicionarLogLogout(HttpBrowserCapabilities browser) na C:\Users\rafael.marques\BKP_RAFAEL\Desktop\EPC2\trunk\Rohr.EPC.Business\AuditoriaLogBusiness.cs:linha 35
   em Rohr.EPC.Web.Redirecionar.Redirect(String destino) na C:\Users\rafael.marques\BKP_RAFAEL\Desktop\EPC2\trunk\Rohr.EPC.Web\Redirecionar.aspx.cs:linha 41;Rohr.EPC.Web.Redirecionar.Redirect;CalliEventHandlerDelegateProxy.Callback => Redirecionar.Page_Load => Redirecionar.Redirect;
Error;2017/04/26 11:03:25.697;System.NullReferenceException: Referência de objeto não definida para uma instância de um objeto.
   em Rohr.EPC.Web.Variaveis.MontarLabelValor(Chave chave) na C:\Users\rafael.marques\BKP_RAFAEL\Desktop\EPC2\trunk\Rohr.EPC.Web\Variaveis.aspx.cs:linha 204
   em Rohr.EPC.Web.Variaveis.MontarControles(Chave chave) na C:\Users\rafael.marques\BKP_RAFAEL\Desktop\EPC2\trunk\Rohr.EPC.Web\Variaveis.aspx.cs:linha 24
   em Rohr.EPC.Web.Variaveis.MontarHtml(IEnumerable`1 partes, Table table) na C:\Users\rafael.marques\BKP_RAFAEL\Desktop\EPC2\trunk\Rohr.EPC.Web\Variaveis.aspx.cs:linha 501
   em Rohr.EPC.Web.Variaveis.Page_Load(Object sender, EventArgs e) na C:\Users\rafael.marques\BKP_RAFAEL\Desktop\EPC2\trunk\Rohr.EPC.Web\Variaveis.aspx.cs:linha 635;Rohr.EPC.Web.Variaveis.Page_Load;Control.OnLoad => CalliEventHandlerDelegateProxy.Callback => Variaveis.Page_Load;
Error;2017/04/26 11:03:38.700;System.NullReferenceException: Referência de objeto não definida para uma instância de um objeto.
   em Rohr.EPC.Web.Variaveis.MontarLabelValor(Chave chave) na C:\Users\rafael.marques\BKP_RAFAEL\Desktop\EPC2\trunk\Rohr.EPC.Web\Variaveis.aspx.cs:linha 204
   em Rohr.EPC.Web.Variaveis.MontarControles(Chave chave) na C:\Users\rafael.marques\BKP_RAFAEL\Desktop\EPC2\trunk\Rohr.EPC.Web\Variaveis.aspx.cs:linha 24
   em Rohr.EPC.Web.Variaveis.MontarHtml(IEnumerable`1 partes, Table table) na C:\Users\rafael.marques\BKP_RAFAEL\Desktop\EPC2\trunk\Rohr.EPC.Web\Variaveis.aspx.cs:linha 501
   em Rohr.EPC.Web.Variaveis.Page_Load(Object sender, EventArgs e) na C:\Users\rafael.marques\BKP_RAFAEL\Desktop\EPC2\trunk\Rohr.EPC.Web\Variaveis.aspx.cs:linha 635;Rohr.EPC.Web.Variaveis.Page_Load;Control.OnLoad => CalliEventHandlerDelegateProxy.Callback => Variaveis.Page_Load;
Error;2017/04/26 11:10:12.297;System.NullReferenceException: Referência de objeto não definida para uma instância de um objeto.
   em Rohr.EPC.Web.Variaveis.MontarLabelValor(Chave chave) na C:\Users\rafael.marques\BKP_RAFAEL\Desktop\EPC2\trunk\Rohr.EPC.Web\Variaveis.aspx.cs:linha 204
   em Rohr.EPC.Web.Variaveis.MontarControles(Chave chave) na C:\Users\rafael.marques\BKP_RAFAEL\Desktop\EPC2\trunk\Rohr.EPC.Web\Variaveis.aspx.cs:linha 24
   em Rohr.EPC.Web.Variaveis.MontarHtml(IEnumerable`1 partes, Table table) na C:\Users\rafael.marques\BKP_RAFAEL\Desktop\EPC2\trunk\Rohr.EPC.Web\Variaveis.aspx.cs:linha 501
   em Rohr.EPC.Web.Variaveis.Page_Load(Object sender, EventArgs e) na C:\Users\rafael.marques\BKP_RAFAEL\Desktop\EPC2\trunk\Rohr.EPC.Web\Variaveis.aspx.cs:linha 635;Rohr.EPC.Web.Variaveis.Page_Load;Control.OnLoad => CalliEventHandlerDelegateProxy.Callback => Variaveis.Page_Load;
Error;2017/04/26 11:11:12.209;Não foi possível recuperar a sessão do usuário;Rohr.EPC.Web.Redirecionar.Page_Load;Control.OnLoad => CalliEventHandlerDelegateProxy.Callback => Redirecionar.Page_Load;
Error;2017/04/26 11:11:12.254;Rohr.EPC.Business.MyException: Não foi possível recuperar a sessão do usuário
   em Rohr.EPC.Business.Util.GetSessaoUsuario() na C:\Users\rafael.marques\BKP_RAFAEL\Desktop\EPC2\trunk\Rohr.EPC.Business\Util.cs:linha 27
   em Rohr.EPC.Business.AuditoriaLogBusiness.AdicionarLogLogout(HttpBrowserCapabilities browser) na C:\Users\rafael.marques\BKP_RAFAEL\Desktop\EPC2\trunk\Rohr.EPC.Business\AuditoriaLogBusiness.cs:linha 35
   em Rohr.EPC.Web.Redirecionar.Redirect(String destino) na C:\Users\rafael.marques\BKP_RAFAEL\Desktop\EPC2\trunk\Rohr.EPC.Web\Redirecionar.aspx.cs:linha 41;Rohr.EPC.Web.Redirecionar.Redirect;CalliEventHandlerDelegateProxy.Callback => Redirecionar.Page_Load => Redirecionar.Redirect;
Error;2017/04/26 11:18:16.751;System.NullReferenceException: Referência de objeto não definida para uma instância de um objeto.
   em Rohr.EPC.Web.Variaveis.MontarLabelValor(Chave chave) na C:\Users\rafael.marques\BKP_RAFAEL\Desktop\EPC2\trunk\Rohr.EPC.Web\Variaveis.aspx.cs:linha 204
   em Rohr.EPC.Web.Variaveis.MontarControles(Chave chave) na C:\Users\rafael.marques\BKP_RAFAEL\Desktop\EPC2\trunk\Rohr.EPC.Web\Variaveis.aspx.cs:linha 24
   em Rohr.EPC.Web.Variaveis.MontarHtml(IEnumerable`1 partes, Table table) na C:\Users\rafael.marques\BKP_RAFAEL\Desktop\EPC2\trunk\Rohr.EPC.Web\Variaveis.aspx.cs:linha 501
   em Rohr.EPC.Web.Variaveis.Page_Load(Object sender, EventArgs e) na C:\Users\rafael.marques\BKP_RAFAEL\Desktop\EPC2\trunk\Rohr.EPC.Web\Variaveis.aspx.cs:linha 635;Rohr.EPC.Web.Variaveis.Page_Load;Control.OnLoad => CalliEventHandlerDelegateProxy.Callback => Variaveis.Page_Load;
Error;2017/04/26 11:19:39.195;Não foi possível recuperar a sessão do usuário;Rohr.EPC.Web.Redirecionar.Page_Load;Control.OnLoad => CalliEventHandlerDelegateProxy.Callback => Redirecionar.Page_Load;
Error;2017/04/26 11:19:39.239;Rohr.EPC.Business.MyException: Não foi possível recuperar a sessão do usuário
   em Rohr.EPC.Business.Util.GetSessaoUsuario() na C:\Users\rafael.marques\BKP_RAFAEL\Desktop\EPC2\trunk\Rohr.EPC.Business\Util.cs:linha 27
   em Rohr.EPC.Business.AuditoriaLogBusiness.AdicionarLogLogout(HttpBrowserCapabilities browser) na C:\Users\rafael.marques\BKP_RAFAEL\Desktop\EPC2\trunk\Rohr.EPC.Business\AuditoriaLogBusiness.cs:linha 35
   em Rohr.EPC.Web.Redirecionar.Redirect(String destino) na C:\Users\rafael.marques\BKP_RAFAEL\Desktop\EPC2\trunk\Rohr.EPC.Web\Redirecionar.aspx.cs:linha 41;Rohr.EPC.Web.Redirecionar.Redirect;CalliEventHandlerDelegateProxy.Callback => Redirecionar.Page_Load => Redirecionar.Redirect;
Error;2017/04/26 11:22:06.006;Não foi possível recuperar a sessão do usuário;Rohr.EPC.Web.Redirecionar.Page_Load;Control.OnLoad => CalliEventHandlerDelegateProxy.Callback => Redirecionar.Page_Load;
Error;2017/04/26 11:22:06.062;Rohr.EPC.Business.MyException: Não foi possível recuperar a sessão do usuário
   em Rohr.EPC.Business.Util.GetSessaoUsuario() na C:\Users\rafael.marques\BKP_RAFAEL\Desktop\EPC2\trunk\Rohr.EPC.Business\Util.cs:linha 27
   em Rohr.EPC.Business.AuditoriaLogBusiness.AdicionarLogLogout(HttpBrowserCapabilities browser) na C:\Users\rafael.marques\BKP_RAFAEL\Desktop\EPC2\trunk\Rohr.EPC.Business\AuditoriaLogBusiness.cs:linha 35
   em Rohr.EPC.Web.Redirecionar.Redirect(String destino) na C:\Users\rafael.marques\BKP_RAFAEL\Desktop\EPC2\trunk\Rohr.EPC.Web\Redirecionar.aspx.cs:linha 41;Rohr.EPC.Web.Redirecionar.Redirect;CalliEventHandlerDelegateProxy.Callback => Redirecionar.Page_Load => Redirecionar.Redirect;
Error;2017/04/26 11:23:24.948;System.NullReferenceException: Referência de objeto não definida para uma instância de um objeto.
   em Rohr.EPC.Business.PdfBusiness.GerarRodape(Documento documento, Int32 idUsuario) na C:\Users\rafael.marques\BKP_RAFAEL\Desktop\EPC2\trunk\Rohr.EPC.Business\PdfBusiness.cs:linha 264
   em Rohr.EPC.Business.PdfBusiness.GerarPdf(Documento documento, Int32 idPerfil, Int32 idUsuario) na C:\Users\rafael.marques\BKP_RAFAEL\Desktop\EPC2\trunk\Rohr.EPC.Business\PdfBusiness.cs:linha 128
   em Rohr.EPC.Web.BaixarDocumento.GerarPdf(Documento documento, Int32 idPerfilAtivo, HttpContext context, Int32 idUsuario) na C:\Users\rafael.marques\BKP_RAFAEL\Desktop\EPC2\trunk\Rohr.EPC.Web\BaixarDocumento.ashx.cs:linha 74
   em Rohr.EPC.Web.BaixarDocumento.ProcessRequest(HttpContext context) na C:\Users\rafael.marques\BKP_RAFAEL\Desktop\EPC2\trunk\Rohr.EPC.Web\BaixarDocumento.ashx.cs:linha 44;Rohr.EPC.Web.BaixarDocumento.ProcessRequest;HttpApplication.ExecuteStep => CallHandlerExecutionStep.System.Web.HttpApplication.IExecutionStep.Execute => BaixarDocumento.ProcessRequest;
Error;2017/04/26 11:36:01.457;Não foi possível recuperar a sessão do usuário;Rohr.EPC.Web.Redirecionar.Page_Load;Control.OnLoad => CalliEventHandlerDelegateProxy.Callback => Redirecionar.Page_Load;
Error;2017/04/26 11:36:01.552;Rohr.EPC.Business.MyException: Não foi possível recuperar a sessão do usuário
   em Rohr.EPC.Business.Util.GetSessaoUsuario() na C:\Users\rafael.marques\BKP_RAFAEL\Desktop\EPC2\trunk\Rohr.EPC.Business\Util.cs:linha 27
   em Rohr.EPC.Business.AuditoriaLogBusiness.AdicionarLogLogout(HttpBrowserCapabilities browser) na C:\Users\rafael.marques\BKP_RAFAEL\Desktop\EPC2\trunk\Rohr.EPC.Business\AuditoriaLogBusiness.cs:linha 35
   em Rohr.EPC.Web.Redirecionar.Redirect(String destino) na C:\Users\rafael.marques\BKP_RAFAEL\Desktop\EPC2\trunk\Rohr.EPC.Web\Redirecionar.aspx.cs:linha 41;Rohr.EPC.Web.Redirecionar.Redirect;CalliEventHandlerDelegateProxy.Callback => Redirecionar.Page_Load => Redirecionar.Redirect;
Error;2017/04/26 11:36:20.410;System.Exception: Orçamento não encontrado no PMWeb. Verifique se o orçamento está marcado como valido :(
   em Rohr.PMWeb.Estimates.ObterEstimate(Int32 idEstimate) na C:\Users\rafael.marques\BKP_RAFAEL\Desktop\EPC2\trunk\Rohr.PMWeb\Estimates.cs:linha 67
   em Rohr.EPC.Web.Variaveis.btnContinuar_Click(Object sender, EventArgs e) na C:\Users\rafael.marques\BKP_RAFAEL\Desktop\EPC2\trunk\Rohr.EPC.Web\Variaveis.aspx.cs:linha 698;Rohr.EPC.Web.Variaveis.btnContinuar_Click;Button.RaisePostBackEvent => Button.OnClick => Variaveis.btnContinuar_Click;
Error;2017/04/26 11:44:58.785;System.NullReferenceException: Referência de objeto não definida para uma instância de um objeto.
   em Rohr.EPC.Business.PdfBusiness.GerarRodape(Documento documento, Int32 idUsuario) na C:\Users\rafael.marques\BKP_RAFAEL\Desktop\EPC2\trunk\Rohr.EPC.Business\PdfBusiness.cs:linha 264
   em Rohr.EPC.Business.PdfBusiness.GerarPdf(Documento documento, Int32 idPerfil, Int32 idUsuario) na C:\Users\rafael.marques\BKP_RAFAEL\Desktop\EPC2\trunk\Rohr.EPC.Business\PdfBusiness.cs:linha 128
   em Rohr.EPC.Web.BaixarDocumento.GerarPdf(Documento documento, Int32 idPerfilAtivo, HttpContext context, Int32 idUsuario) na C:\Users\rafael.marques\BKP_RAFAEL\Desktop\EPC2\trunk\Rohr.EPC.Web\BaixarDocumento.ashx.cs:linha 74
   em Rohr.EPC.Web.BaixarDocumento.ProcessRequest(HttpContext context) na C:\Users\rafael.marques\BKP_RAFAEL\Desktop\EPC2\trunk\Rohr.EPC.Web\BaixarDocumento.ashx.cs:linha 44;Rohr.EPC.Web.BaixarDocumento.ProcessRequest;HttpApplication.ExecuteStep => CallHandlerExecutionStep.System.Web.HttpApplication.IExecutionStep.Execute => BaixarDocumento.ProcessRequest;
Error;2017/04/26 13:30:35.877;Não foi possível recuperar a sessão do usuário;Rohr.EPC.Web.Redirecionar.Page_Load;Control.OnLoad => CalliEventHandlerDelegateProxy.Callback => Redirecionar.Page_Load;
Error;2017/04/26 13:30:35.949;Rohr.EPC.Business.MyException: Não foi possível recuperar a sessão do usuário
   em Rohr.EPC.Business.Util.GetSessaoUsuario() na C:\Users\rafael.marques\BKP_RAFAEL\Desktop\EPC2\trunk\Rohr.EPC.Business\Util.cs:linha 27
   em Rohr.EPC.Business.AuditoriaLogBusiness.AdicionarLogLogout(HttpBrowserCapabilities browser) na C:\Users\rafael.marques\BKP_RAFAEL\Desktop\EPC2\trunk\Rohr.EPC.Business\AuditoriaLogBusiness.cs:linha 35
   em Rohr.EPC.Web.Redirecionar.Redirect(String destino) na C:\Users\rafael.marques\BKP_RAFAEL\Desktop\EPC2\trunk\Rohr.EPC.Web\Redirecionar.aspx.cs:linha 41;Rohr.EPC.Web.Redirecionar.Redirect;CalliEventHandlerDelegateProxy.Callback => Redirecionar.Page_Load => Redirecionar.Redirect;
Error;2017/04/26 13:31:46.713;System.NullReferenceException: Referência de objeto não definida para uma instância de um objeto.
   em Rohr.EPC.Business.PdfBusiness.GerarRodape(Documento documento, Int32 idUsuario) na C:\Users\rafael.marques\BKP_RAFAEL\Desktop\EPC2\trunk\Rohr.EPC.Business\PdfBusiness.cs:linha 264
   em Rohr.EPC.Business.PdfBusiness.GerarPdf(Documento documento, Int32 idPerfil, Int32 idUsuario) na C:\Users\rafael.marques\BKP_RAFAEL\Desktop\EPC2\trunk\Rohr.EPC.Business\PdfBusiness.cs:linha 128
   em Rohr.EPC.Web.BaixarDocumento.GerarPdf(Documento documento, Int32 idPerfilAtivo, HttpContext context, Int32 idUsuario) na C:\Users\rafael.marques\BKP_RAFAEL\Desktop\EPC2\trunk\Rohr.EPC.Web\BaixarDocumento.ashx.cs:linha 74
   em Rohr.EPC.Web.BaixarDocumento.ProcessRequest(HttpContext context) na C:\Users\rafael.marques\BKP_RAFAEL\Desktop\EPC2\trunk\Rohr.EPC.Web\BaixarDocumento.ashx.cs:linha 44;Rohr.EPC.Web.BaixarDocumento.ProcessRequest;HttpApplication.ExecuteStep => CallHandlerExecutionStep.System.Web.HttpApplication.IExecutionStep.Execute => BaixarDocumento.ProcessRequest;
Error;2017/04/26 13:45:07.443;Não foi possível recuperar a sessão do usuário;Rohr.EPC.Web.Redirecionar.Page_Load;Control.OnLoad => CalliEventHandlerDelegateProxy.Callback => Redirecionar.Page_Load;
Error;2017/04/26 13:45:07.486;Rohr.EPC.Business.MyException: Não foi possível recuperar a sessão do usuário
   em Rohr.EPC.Business.Util.GetSessaoUsuario() na C:\Users\rafael.marques\BKP_RAFAEL\Desktop\EPC2\trunk\Rohr.EPC.Business\Util.cs:linha 27
   em Rohr.EPC.Business.AuditoriaLogBusiness.AdicionarLogLogout(HttpBrowserCapabilities browser) na C:\Users\rafael.marques\BKP_RAFAEL\Desktop\EPC2\trunk\Rohr.EPC.Business\AuditoriaLogBusiness.cs:linha 35
   em Rohr.EPC.Web.Redirecionar.Redirect(String destino) na C:\Users\rafael.marques\BKP_RAFAEL\Desktop\EPC2\trunk\Rohr.EPC.Web\Redirecionar.aspx.cs:linha 41;Rohr.EPC.Web.Redirecionar.Redirect;CalliEventHandlerDelegateProxy.Callback => Redirecionar.Page_Load => Redirecionar.Redirect;
Error;2017/04/26 13:45:22.886;System.NullReferenceException: Referência de objeto não definida para uma instância de um objeto.
   em Rohr.EPC.Business.PdfBusiness.GerarRodape(Documento documento, Int32 idUsuario) na C:\Users\rafael.marques\BKP_RAFAEL\Desktop\EPC2\trunk\Rohr.EPC.Business\PdfBusiness.cs:linha 264
   em Rohr.EPC.Business.PdfBusiness.GerarPdf(Documento documento, Int32 idPerfil, Int32 idUsuario) na C:\Users\rafael.marques\BKP_RAFAEL\Desktop\EPC2\trunk\Rohr.EPC.Business\PdfBusiness.cs:linha 128
   em Rohr.EPC.Web.BaixarDocumento.GerarPdf(Documento documento, Int32 idPerfilAtivo, HttpContext context, Int32 idUsuario) na C:\Users\rafael.marques\BKP_RAFAEL\Desktop\EPC2\trunk\Rohr.EPC.Web\BaixarDocumento.ashx.cs:linha 74
   em Rohr.EPC.Web.BaixarDocumento.ProcessRequest(HttpContext context) na C:\Users\rafael.marques\BKP_RAFAEL\Desktop\EPC2\trunk\Rohr.EPC.Web\BaixarDocumento.ashx.cs:linha 44;Rohr.EPC.Web.BaixarDocumento.ProcessRequest;HttpApplication.ExecuteStep => CallHandlerExecutionStep.System.Web.HttpApplication.IExecutionStep.Execute => BaixarDocumento.ProcessRequest;
Error;2017/04/26 13:52:17.613;System.Exception: Não foi possível verificar o percentual de limpeza no PMWeb :(
   em Rohr.PMWeb.Specifications.ObterPercentualLimpezaProposta(Int32 entityId) na C:\Users\rafael.marques\BKP_RAFAEL\Desktop\EPC2\trunk\Rohr.PMWeb\Specifications.cs:linha 204
   em Rohr.EPC.Web.Variaveis.btnContinuar_Click(Object sender, EventArgs e) na C:\Users\rafael.marques\BKP_RAFAEL\Desktop\EPC2\trunk\Rohr.EPC.Web\Variaveis.aspx.cs:linha 683;Rohr.EPC.Web.Variaveis.btnContinuar_Click;Button.RaisePostBackEvent => Button.OnClick => Variaveis.btnContinuar_Click;
Error;2017/04/26 13:52:20.250;System.Exception: Não foi possível verificar o percentual de limpeza no PMWeb :(
   em Rohr.PMWeb.Specifications.ObterPercentualLimpezaProposta(Int32 entityId) na C:\Users\rafael.marques\BKP_RAFAEL\Desktop\EPC2\trunk\Rohr.PMWeb\Specifications.cs:linha 204
   em Rohr.EPC.Web.Variaveis.btnContinuar_Click(Object sender, EventArgs e) na C:\Users\rafael.marques\BKP_RAFAEL\Desktop\EPC2\trunk\Rohr.EPC.Web\Variaveis.aspx.cs:linha 683;Rohr.EPC.Web.Variaveis.btnContinuar_Click;Button.RaisePostBackEvent => Button.OnClick => Variaveis.btnContinuar_Click;
Error;2017/04/26 13:57:34.555;System.NullReferenceException: Referência de objeto não definida para uma instância de um objeto.
   em Rohr.EPC.Business.PdfBusiness.MontarHtmlCondicoesGerais(Documento documento) na C:\Users\rafael.marques\BKP_RAFAEL\Desktop\EPC2\trunk\Rohr.EPC.Business\PdfBusiness.cs:linha 416
   em Rohr.EPC.Business.PdfBusiness.GerarPdf(Documento documento, Int32 idPerfil, Int32 idUsuario) na C:\Users\rafael.marques\BKP_RAFAEL\Desktop\EPC2\trunk\Rohr.EPC.Business\PdfBusiness.cs:linha 122
   em Rohr.EPC.Web.BaixarDocumento.GerarPdf(Documento documento, Int32 idPerfilAtivo, HttpContext context, Int32 idUsuario) na C:\Users\rafael.marques\BKP_RAFAEL\Desktop\EPC2\trunk\Rohr.EPC.Web\BaixarDocumento.ashx.cs:linha 74
   em Rohr.EPC.Web.BaixarDocumento.ProcessRequest(HttpContext context) na C:\Users\rafael.marques\BKP_RAFAEL\Desktop\EPC2\trunk\Rohr.EPC.Web\BaixarDocumento.ashx.cs:linha 44;Rohr.EPC.Web.BaixarDocumento.ProcessRequest;HttpApplication.ExecuteStep => CallHandlerExecutionStep.System.Web.HttpApplication.IExecutionStep.Execute => BaixarDocumento.ProcessRequest;
